[1.183s] Invoking command in '/home/viator/ws/b3_ws/pizza_serving_bot': LD_LIBRARY_PATH=/home/viator/ws/b3_ws/install/pizza_order_msgs/lib:/home/viator/ws/turtlebot3_ws/install/turtlebot3_msgs/lib:/home/viator/ws/turtlebot3_ws/install/dynamixel_sdk_custom_interfaces/lib:/home/viator/ws/turtlebot3_ws/install/dynamixel_sdk/lib:/opt/ros/humble/opt/rviz_ogre_vendor/lib:/opt/ros/humble/lib/x86_64-linux-gnu:/opt/ros/humble/lib:/usr/lib/x86_64-linux-gnu/gazebo-11/plugins:/usr/lib/x86_64-linux-gnu/gazebo-11/plugins:/usr/lib/x86_64-linux-gnu/gazebo-11/plugins PYTHONPATH=/home/viator/ws/b3_ws/build/pizza_serving_bot/prefix_override:/usr/lib/python3/dist-packages/colcon_core/task/python/colcon_distutils_commands:/home/viator/ws/b3_ws/install/pizza_serving_bot/lib/python3.10/site-packages:${PYTHONPATH} /usr/bin/python3 -W ignore:setup.py install is deprecated setup.py egg_info --egg-base ../build/pizza_serving_bot build --build-base /home/viator/ws/b3_ws/build/pizza_serving_bot/build install --record /home/viator/ws/b3_ws/build/pizza_serving_bot/install.log --single-version-externally-managed install_data
[1.608s] running egg_info
[1.609s] creating ../build/pizza_serving_bot/pizza_serving_bot.egg-info
[1.626s] writing ../build/pizza_serving_bot/pizza_serving_bot.egg-info/PKG-INFO
[1.627s] writing dependency_links to ../build/pizza_serving_bot/pizza_serving_bot.egg-info/dependency_links.txt
[1.627s] writing entry points to ../build/pizza_serving_bot/pizza_serving_bot.egg-info/entry_points.txt
[1.627s] writing requirements to ../build/pizza_serving_bot/pizza_serving_bot.egg-info/requires.txt
[1.627s] writing top-level names to ../build/pizza_serving_bot/pizza_serving_bot.egg-info/top_level.txt
[1.627s] writing manifest file '../build/pizza_serving_bot/pizza_serving_bot.egg-info/SOURCES.txt'
[1.669s] reading manifest file '../build/pizza_serving_bot/pizza_serving_bot.egg-info/SOURCES.txt'
[1.670s] writing manifest file '../build/pizza_serving_bot/pizza_serving_bot.egg-info/SOURCES.txt'
[1.670s] running build
[1.670s] running build_py
[1.670s] creating /home/viator/ws/b3_ws/build/pizza_serving_bot/build
[1.670s] creating /home/viator/ws/b3_ws/build/pizza_serving_bot/build/lib
[1.670s] creating /home/viator/ws/b3_ws/build/pizza_serving_bot/build/lib/pizza_serving_bot
[1.671s] copying pizza_serving_bot/__init__.py -> /home/viator/ws/b3_ws/build/pizza_serving_bot/build/lib/pizza_serving_bot
[1.671s] creating /home/viator/ws/b3_ws/build/pizza_serving_bot/build/lib/pizza_serving_bot/kitchen_monitor
[1.671s] copying pizza_serving_bot/kitchen_monitor/order_info_node.py -> /home/viator/ws/b3_ws/build/pizza_serving_bot/build/lib/pizza_serving_bot/kitchen_monitor
[1.671s] copying pizza_serving_bot/kitchen_monitor/__init__.py -> /home/viator/ws/b3_ws/build/pizza_serving_bot/build/lib/pizza_serving_bot/kitchen_monitor
[1.671s] copying pizza_serving_bot/kitchen_monitor/kitchen_node.py -> /home/viator/ws/b3_ws/build/pizza_serving_bot/build/lib/pizza_serving_bot/kitchen_monitor
[1.671s] creating /home/viator/ws/b3_ws/build/pizza_serving_bot/build/lib/pizza_serving_bot/table_order
[1.672s] copying pizza_serving_bot/table_order/__init__.py -> /home/viator/ws/b3_ws/build/pizza_serving_bot/build/lib/pizza_serving_bot/table_order
[1.672s] copying pizza_serving_bot/table_order/table_node.py -> /home/viator/ws/b3_ws/build/pizza_serving_bot/build/lib/pizza_serving_bot/table_order
[1.672s] creating /home/viator/ws/b3_ws/build/pizza_serving_bot/build/lib/pizza_serving_bot/amr_controller
[1.672s] copying pizza_serving_bot/amr_controller/amr_node.py -> /home/viator/ws/b3_ws/build/pizza_serving_bot/build/lib/pizza_serving_bot/amr_controller
[1.672s] copying pizza_serving_bot/amr_controller/__init__.py -> /home/viator/ws/b3_ws/build/pizza_serving_bot/build/lib/pizza_serving_bot/amr_controller
[1.672s] copying pizza_serving_bot/amr_controller/goal_sender.py -> /home/viator/ws/b3_ws/build/pizza_serving_bot/build/lib/pizza_serving_bot/amr_controller
[1.672s] copying pizza_serving_bot/amr_controller/order_info_display.py -> /home/viator/ws/b3_ws/build/pizza_serving_bot/build/lib/pizza_serving_bot/amr_controller
[1.673s] copying pizza_serving_bot/amr_controller/waypoint_sender.py -> /home/viator/ws/b3_ws/build/pizza_serving_bot/build/lib/pizza_serving_bot/amr_controller
[1.673s] creating /home/viator/ws/b3_ws/build/pizza_serving_bot/build/lib/pizza_serving_bot/amr_controller/img
[1.673s] copying pizza_serving_bot/amr_controller/img/smiling.png -> /home/viator/ws/b3_ws/build/pizza_serving_bot/build/lib/pizza_serving_bot/amr_controller/img
[1.673s] copying pizza_serving_bot/amr_controller/img/sleeping.png -> /home/viator/ws/b3_ws/build/pizza_serving_bot/build/lib/pizza_serving_bot/amr_controller/img
[1.673s] running install
[1.682s] running install_lib
[1.703s] creating /home/viator/ws/b3_ws/install/pizza_serving_bot/lib/python3.10/site-packages/pizza_serving_bot
[1.703s] creating /home/viator/ws/b3_ws/install/pizza_serving_bot/lib/python3.10/site-packages/pizza_serving_bot/kitchen_monitor
[1.704s] copying /home/viator/ws/b3_ws/build/pizza_serving_bot/build/lib/pizza_serving_bot/kitchen_monitor/order_info_node.py -> /home/viator/ws/b3_ws/install/pizza_serving_bot/lib/python3.10/site-packages/pizza_serving_bot/kitchen_monitor
[1.704s] copying /home/viator/ws/b3_ws/build/pizza_serving_bot/build/lib/pizza_serving_bot/kitchen_monitor/__init__.py -> /home/viator/ws/b3_ws/install/pizza_serving_bot/lib/python3.10/site-packages/pizza_serving_bot/kitchen_monitor
[1.704s] copying /home/viator/ws/b3_ws/build/pizza_serving_bot/build/lib/pizza_serving_bot/kitchen_monitor/kitchen_node.py -> /home/viator/ws/b3_ws/install/pizza_serving_bot/lib/python3.10/site-packages/pizza_serving_bot/kitchen_monitor
[1.704s] copying /home/viator/ws/b3_ws/build/pizza_serving_bot/build/lib/pizza_serving_bot/__init__.py -> /home/viator/ws/b3_ws/install/pizza_serving_bot/lib/python3.10/site-packages/pizza_serving_bot
[1.704s] creating /home/viator/ws/b3_ws/install/pizza_serving_bot/lib/python3.10/site-packages/pizza_serving_bot/table_order
[1.704s] copying /home/viator/ws/b3_ws/build/pizza_serving_bot/build/lib/pizza_serving_bot/table_order/__init__.py -> /home/viator/ws/b3_ws/install/pizza_serving_bot/lib/python3.10/site-packages/pizza_serving_bot/table_order
[1.704s] copying /home/viator/ws/b3_ws/build/pizza_serving_bot/build/lib/pizza_serving_bot/table_order/table_node.py -> /home/viator/ws/b3_ws/install/pizza_serving_bot/lib/python3.10/site-packages/pizza_serving_bot/table_order
[1.704s] creating /home/viator/ws/b3_ws/install/pizza_serving_bot/lib/python3.10/site-packages/pizza_serving_bot/amr_controller
[1.704s] copying /home/viator/ws/b3_ws/build/pizza_serving_bot/build/lib/pizza_serving_bot/amr_controller/amr_node.py -> /home/viator/ws/b3_ws/install/pizza_serving_bot/lib/python3.10/site-packages/pizza_serving_bot/amr_controller
[1.704s] copying /home/viator/ws/b3_ws/build/pizza_serving_bot/build/lib/pizza_serving_bot/amr_controller/__init__.py -> /home/viator/ws/b3_ws/install/pizza_serving_bot/lib/python3.10/site-packages/pizza_serving_bot/amr_controller
[1.704s] copying /home/viator/ws/b3_ws/build/pizza_serving_bot/build/lib/pizza_serving_bot/amr_controller/goal_sender.py -> /home/viator/ws/b3_ws/install/pizza_serving_bot/lib/python3.10/site-packages/pizza_serving_bot/amr_controller
[1.704s] creating /home/viator/ws/b3_ws/install/pizza_serving_bot/lib/python3.10/site-packages/pizza_serving_bot/amr_controller/img
[1.705s] copying /home/viator/ws/b3_ws/build/pizza_serving_bot/build/lib/pizza_serving_bot/amr_controller/img/smiling.png -> /home/viator/ws/b3_ws/install/pizza_serving_bot/lib/python3.10/site-packages/pizza_serving_bot/amr_controller/img
[1.705s] copying /home/viator/ws/b3_ws/build/pizza_serving_bot/build/lib/pizza_serving_bot/amr_controller/img/sleeping.png -> /home/viator/ws/b3_ws/install/pizza_serving_bot/lib/python3.10/site-packages/pizza_serving_bot/amr_controller/img
[1.705s] copying /home/viator/ws/b3_ws/build/pizza_serving_bot/build/lib/pizza_serving_bot/amr_controller/order_info_display.py -> /home/viator/ws/b3_ws/install/pizza_serving_bot/lib/python3.10/site-packages/pizza_serving_bot/amr_controller
[1.705s] copying /home/viator/ws/b3_ws/build/pizza_serving_bot/build/lib/pizza_serving_bot/amr_controller/waypoint_sender.py -> /home/viator/ws/b3_ws/install/pizza_serving_bot/lib/python3.10/site-packages/pizza_serving_bot/amr_controller
[1.706s] byte-compiling /home/viator/ws/b3_ws/install/pizza_serving_bot/lib/python3.10/site-packages/pizza_serving_bot/kitchen_monitor/order_info_node.py to order_info_node.cpython-310.pyc
[1.707s] byte-compiling /home/viator/ws/b3_ws/install/pizza_serving_bot/lib/python3.10/site-packages/pizza_serving_bot/kitchen_monitor/__init__.py to __init__.cpython-310.pyc
[1.707s] byte-compiling /home/viator/ws/b3_ws/install/pizza_serving_bot/lib/python3.10/site-packages/pizza_serving_bot/kitchen_monitor/kitchen_node.py to kitchen_node.cpython-310.pyc
[1.707s] byte-compiling /home/viator/ws/b3_ws/install/pizza_serving_bot/lib/python3.10/site-packages/pizza_serving_bot/__init__.py to __init__.cpython-310.pyc
[1.707s] byte-compiling /home/viator/ws/b3_ws/install/pizza_serving_bot/lib/python3.10/site-packages/pizza_serving_bot/table_order/__init__.py to __init__.cpython-310.pyc
[1.708s] byte-compiling /home/viator/ws/b3_ws/install/pizza_serving_bot/lib/python3.10/site-packages/pizza_serving_bot/table_order/table_node.py to table_node.cpython-310.pyc
[1.708s] byte-compiling /home/viator/ws/b3_ws/install/pizza_serving_bot/lib/python3.10/site-packages/pizza_serving_bot/amr_controller/amr_node.py to amr_node.cpython-310.pyc
[1.709s] byte-compiling /home/viator/ws/b3_ws/install/pizza_serving_bot/lib/python3.10/site-packages/pizza_serving_bot/amr_controller/__init__.py to __init__.cpython-310.pyc
[1.709s] byte-compiling /home/viator/ws/b3_ws/install/pizza_serving_bot/lib/python3.10/site-packages/pizza_serving_bot/amr_controller/goal_sender.py to goal_sender.cpython-310.pyc
[1.710s] byte-compiling /home/viator/ws/b3_ws/install/pizza_serving_bot/lib/python3.10/site-packages/pizza_serving_bot/amr_controller/order_info_display.py to order_info_display.cpython-310.pyc
[1.711s] byte-compiling /home/viator/ws/b3_ws/install/pizza_serving_bot/lib/python3.10/site-packages/pizza_serving_bot/amr_controller/waypoint_sender.py to waypoint_sender.cpython-310.pyc
[1.712s] running install_data
[1.712s] creating /home/viator/ws/b3_ws/install/pizza_serving_bot/share/ament_index
[1.712s] creating /home/viator/ws/b3_ws/install/pizza_serving_bot/share/ament_index/resource_index
[1.712s] creating /home/viator/ws/b3_ws/install/pizza_serving_bot/share/ament_index/resource_index/packages
[1.712s] copying resource/pizza_serving_bot -> /home/viator/ws/b3_ws/install/pizza_serving_bot/share/ament_index/resource_index/packages
[1.712s] copying package.xml -> /home/viator/ws/b3_ws/install/pizza_serving_bot/share/pizza_serving_bot
[1.712s] running install_egg_info
[1.735s] Copying ../build/pizza_serving_bot/pizza_serving_bot.egg-info to /home/viator/ws/b3_ws/install/pizza_serving_bot/lib/python3.10/site-packages/pizza_serving_bot-0.0.0-py3.10.egg-info
[1.735s] running install_scripts
[1.819s] Installing amr script to /home/viator/ws/b3_ws/install/pizza_serving_bot/lib/pizza_serving_bot
[1.820s] Installing display script to /home/viator/ws/b3_ws/install/pizza_serving_bot/lib/pizza_serving_bot
[1.820s] Installing kitchen script to /home/viator/ws/b3_ws/install/pizza_serving_bot/lib/pizza_serving_bot
[1.820s] Installing order script to /home/viator/ws/b3_ws/install/pizza_serving_bot/lib/pizza_serving_bot
[1.820s] Installing table script to /home/viator/ws/b3_ws/install/pizza_serving_bot/lib/pizza_serving_bot
[1.821s] writing list of installed files to '/home/viator/ws/b3_ws/build/pizza_serving_bot/install.log'
[1.885s] Invoked command in '/home/viator/ws/b3_ws/pizza_serving_bot' returned '0': LD_LIBRARY_PATH=/home/viator/ws/b3_ws/install/pizza_order_msgs/lib:/home/viator/ws/turtlebot3_ws/install/turtlebot3_msgs/lib:/home/viator/ws/turtlebot3_ws/install/dynamixel_sdk_custom_interfaces/lib:/home/viator/ws/turtlebot3_ws/install/dynamixel_sdk/lib:/opt/ros/humble/opt/rviz_ogre_vendor/lib:/opt/ros/humble/lib/x86_64-linux-gnu:/opt/ros/humble/lib:/usr/lib/x86_64-linux-gnu/gazebo-11/plugins:/usr/lib/x86_64-linux-gnu/gazebo-11/plugins:/usr/lib/x86_64-linux-gnu/gazebo-11/plugins PYTHONPATH=/home/viator/ws/b3_ws/build/pizza_serving_bot/prefix_override:/usr/lib/python3/dist-packages/colcon_core/task/python/colcon_distutils_commands:/home/viator/ws/b3_ws/install/pizza_serving_bot/lib/python3.10/site-packages:${PYTHONPATH} /usr/bin/python3 -W ignore:setup.py install is deprecated setup.py egg_info --egg-base ../build/pizza_serving_bot build --build-base /home/viator/ws/b3_ws/build/pizza_serving_bot/build install --record /home/viator/ws/b3_ws/build/pizza_serving_bot/install.log --single-version-externally-managed install_data
