[0.010s] Invoking command in '/home/viator/ws/b3_ws/build/pizza_order_msgs': CMAKE_PREFIX_PATH=${CMAKE_PREFIX_PATH}:/home/viator/ws/b3_ws/install/pizza_serving_bot:/home/viator/turtlebot3_ws/install/turtlebot3_teleop:/home/viator/turtlebot3_ws/install/turtlebot3_example:/opt/ros/humble /usr/bin/cmake /home/viator/ws/b3_ws/pizza_serving_bot/pizza_order_msgs -DCMAKE_INSTALL_PREFIX=/home/viator/ws/b3_ws/install/pizza_order_msgs
[0.060s] -- The C compiler identification is GNU 11.4.0
[0.109s] -- The CXX compiler identification is GNU 11.4.0
[0.117s] -- Detecting C compiler ABI info
[0.180s] -- Detecting C compiler ABI info - done
[0.186s] -- Check for working C compiler: /usr/bin/cc - skipped
[0.186s] -- Detecting C compile features
[0.186s] -- Detecting C compile features - done
[0.189s] -- Detecting CXX compiler ABI info
[0.262s] -- Detecting CXX compiler ABI info - done
[0.270s] -- Check for working CXX compiler: /usr/bin/c++ - skipped
[0.270s] -- Detecting CXX compile features
[0.271s] -- Detecting CXX compile features - done
[0.274s] -- Found ament_cmake: 1.3.10 (/opt/ros/humble/share/ament_cmake/cmake)
[0.429s] -- Found Python3: /usr/bin/python3 (found version "3.10.12") found components: Interpreter 
[0.520s] -- Found builtin_interfaces: 1.2.1 (/opt/ros/humble/share/builtin_interfaces/cmake)
[0.554s] -- Found rosidl_generator_c: 3.1.5 (/opt/ros/humble/share/rosidl_generator_c/cmake)
[0.559s] -- Found rosidl_adapter: 3.1.5 (/opt/ros/humble/share/rosidl_adapter/cmake)
[0.568s] -- Found rosidl_generator_cpp: 3.1.5 (/opt/ros/humble/share/rosidl_generator_cpp/cmake)
[0.580s] -- Using all available rosidl_typesupport_c: rosidl_typesupport_fastrtps_c;rosidl_typesupport_introspection_c
[0.597s] -- Using all available rosidl_typesupport_cpp: rosidl_typesupport_fastrtps_cpp;rosidl_typesupport_introspection_cpp
[0.615s] -- Found rosidl_default_generators: 1.2.0 (/opt/ros/humble/share/rosidl_default_generators/cmake)
[0.883s] -- Found ament_cmake_ros: 0.10.0 (/opt/ros/humble/share/ament_cmake_ros/cmake)
[1.179s] -- Using all available rosidl_typesupport_c: rosidl_typesupport_fastrtps_c;rosidl_typesupport_introspection_c
[1.292s] -- Using all available rosidl_typesupport_cpp: rosidl_typesupport_fastrtps_cpp;rosidl_typesupport_introspection_cpp
[1.316s] -- Found PythonInterp: /usr/bin/python3 (found suitable version "3.10.12", minimum required is "3.6") 
[1.318s] -- Found python_cmake_module: 0.10.0 (/opt/ros/humble/share/python_cmake_module/cmake)
[1.344s] -- Found PythonLibs: /usr/lib/x86_64-linux-gnu/libpython3.10.so (found suitable version "3.10.12", minimum required is "3.5") 
[1.344s] -- Using PYTHON_EXECUTABLE: /usr/bin/python3
[1.345s] -- Using PYTHON_INCLUDE_DIRS: /usr/include/python3.10
[1.345s] -- Using PYTHON_LIBRARIES: /usr/lib/x86_64-linux-gnu/libpython3.10.so
[1.365s] -- Found PythonExtra: .so  
[1.401s] -- Found ament_lint_auto: 0.12.11 (/opt/ros/humble/share/ament_lint_auto/cmake)
[1.423s] -- Added test 'lint_cmake' to check CMake code style
[1.424s] -- Added test 'xmllint' to check XML markup files
[1.428s] -- Configuring done
[1.464s] -- Generating done
[1.479s] -- Build files have been written to: /home/viator/ws/b3_ws/build/pizza_order_msgs
[1.486s] Invoked command in '/home/viator/ws/b3_ws/build/pizza_order_msgs' returned '0': CMAKE_PREFIX_PATH=${CMAKE_PREFIX_PATH}:/home/viator/ws/b3_ws/install/pizza_serving_bot:/home/viator/turtlebot3_ws/install/turtlebot3_teleop:/home/viator/turtlebot3_ws/install/turtlebot3_example:/opt/ros/humble /usr/bin/cmake /home/viator/ws/b3_ws/pizza_serving_bot/pizza_order_msgs -DCMAKE_INSTALL_PREFIX=/home/viator/ws/b3_ws/install/pizza_order_msgs
[1.487s] Invoking command in '/home/viator/ws/b3_ws/build/pizza_order_msgs': CMAKE_PREFIX_PATH=${CMAKE_PREFIX_PATH}:/home/viator/ws/b3_ws/install/pizza_serving_bot:/home/viator/turtlebot3_ws/install/turtlebot3_teleop:/home/viator/turtlebot3_ws/install/turtlebot3_example:/opt/ros/humble /usr/bin/cmake --build /home/viator/ws/b3_ws/build/pizza_order_msgs -- -j4 -l4
[1.529s] [  1%] [34m[1mGenerating C code for ROS interfaces[0m
[1.543s] [  3%] [34m[1mGenerating C++ code for ROS interfaces[0m
[1.550s] [  3%] Built target ament_cmake_python_copy_pizza_order_msgs
[1.911s] running egg_info
[1.912s] creating pizza_order_msgs.egg-info
[1.913s] writing pizza_order_msgs.egg-info/PKG-INFO
[1.913s] writing dependency_links to pizza_order_msgs.egg-info/dependency_links.txt
[1.913s] writing top-level names to pizza_order_msgs.egg-info/top_level.txt
[1.913s] writing manifest file 'pizza_order_msgs.egg-info/SOURCES.txt'
[1.918s] reading manifest file 'pizza_order_msgs.egg-info/SOURCES.txt'
[1.918s] writing manifest file 'pizza_order_msgs.egg-info/SOURCES.txt'
[1.963s] [  3%] Built target ament_cmake_python_build_pizza_order_msgs_egg
[2.270s] [  3%] Built target pizza_order_msgs__cpp
[2.283s] [  4%] [34m[1mGenerating C++ type support dispatch for ROS interfaces[0m
[2.288s] [  7%] [34m[1mGenerating C++ introspection for ROS interfaces[0m
[2.288s] [  7%] [34m[1mGenerating C++ type support for eProsima Fast-RTPS[0m
[2.345s] [  9%] [32mBuilding C object CMakeFiles/pizza_order_msgs__rosidl_generator_c.dir/rosidl_generator_c/pizza_order_msgs/msg/detail/call_manager__functions.c.o[0m
[2.413s] [ 11%] [32mBuilding C object CMakeFiles/pizza_order_msgs__rosidl_generator_c.dir/rosidl_generator_c/pizza_order_msgs/msg/detail/order_detail__functions.c.o[0m
[2.482s] [ 12%] [32mBuilding C object CMakeFiles/pizza_order_msgs__rosidl_generator_c.dir/rosidl_generator_c/pizza_order_msgs/srv/detail/cancel_service__functions.c.o[0m
[2.570s] [ 14%] [32mBuilding C object CMakeFiles/pizza_order_msgs__rosidl_generator_c.dir/rosidl_generator_c/pizza_order_msgs/srv/detail/goal_loc__functions.c.o[0m
[2.655s] [ 15%] [32mBuilding C object CMakeFiles/pizza_order_msgs__rosidl_generator_c.dir/rosidl_generator_c/pizza_order_msgs/srv/detail/order_service__functions.c.o[0m
[2.742s] [ 17%] [32m[1mLinking C shared library libpizza_order_msgs__rosidl_generator_c.so[0m
[2.796s] [ 17%] Built target pizza_order_msgs__rosidl_generator_c
[2.810s] [ 19%] [34m[1mGenerating C type support for eProsima Fast-RTPS[0m
[2.967s] [ 20%] [32mBuilding CXX object CMakeFiles/pizza_order_msgs__rosidl_typesupport_cpp.dir/rosidl_typesupport_cpp/pizza_order_msgs/msg/call_manager__type_support.cpp.o[0m
[3.206s] [ 22%] [32mBuilding CXX object CMakeFiles/pizza_order_msgs__rosidl_typesupport_introspection_cpp.dir/rosidl_typesupport_introspection_cpp/pizza_order_msgs/msg/detail/call_manager__type_support.cpp.o[0m
[3.311s] [ 23%] [32mBuilding CXX object CMakeFiles/pizza_order_msgs__rosidl_typesupport_fastrtps_cpp.dir/rosidl_typesupport_fastrtps_cpp/pizza_order_msgs/msg/detail/dds_fastrtps/call_manager__type_support.cpp.o[0m
[3.346s] [ 25%] [32mBuilding CXX object CMakeFiles/pizza_order_msgs__rosidl_typesupport_cpp.dir/rosidl_typesupport_cpp/pizza_order_msgs/msg/order_detail__type_support.cpp.o[0m
[3.766s] [ 26%] [32mBuilding CXX object CMakeFiles/pizza_order_msgs__rosidl_typesupport_cpp.dir/rosidl_typesupport_cpp/pizza_order_msgs/srv/cancel_service__type_support.cpp.o[0m
[3.781s] [ 28%] [32mBuilding CXX object CMakeFiles/pizza_order_msgs__rosidl_typesupport_introspection_cpp.dir/rosidl_typesupport_introspection_cpp/pizza_order_msgs/msg/detail/order_detail__type_support.cpp.o[0m
[3.809s] [ 30%] [32mBuilding CXX object CMakeFiles/pizza_order_msgs__rosidl_typesupport_fastrtps_c.dir/rosidl_typesupport_fastrtps_c/pizza_order_msgs/msg/detail/call_manager__type_support_c.cpp.o[0m
[3.911s] [ 31%] [32mBuilding CXX object CMakeFiles/pizza_order_msgs__rosidl_typesupport_fastrtps_cpp.dir/rosidl_typesupport_fastrtps_cpp/pizza_order_msgs/msg/detail/dds_fastrtps/order_detail__type_support.cpp.o[0m
[4.151s] [ 33%] [32mBuilding CXX object CMakeFiles/pizza_order_msgs__rosidl_typesupport_cpp.dir/rosidl_typesupport_cpp/pizza_order_msgs/srv/goal_loc__type_support.cpp.o[0m
[4.304s] [ 34%] [32mBuilding CXX object CMakeFiles/pizza_order_msgs__rosidl_typesupport_fastrtps_c.dir/rosidl_typesupport_fastrtps_c/pizza_order_msgs/msg/detail/order_detail__type_support_c.cpp.o[0m
[4.350s] [ 36%] [32mBuilding CXX object CMakeFiles/pizza_order_msgs__rosidl_typesupport_introspection_cpp.dir/rosidl_typesupport_introspection_cpp/pizza_order_msgs/srv/detail/cancel_service__type_support.cpp.o[0m
[4.682s] [ 38%] [32mBuilding CXX object CMakeFiles/pizza_order_msgs__rosidl_typesupport_fastrtps_cpp.dir/rosidl_typesupport_fastrtps_cpp/pizza_order_msgs/srv/detail/dds_fastrtps/cancel_service__type_support.cpp.o[0m
[4.732s] [ 39%] [32mBuilding CXX object CMakeFiles/pizza_order_msgs__rosidl_typesupport_cpp.dir/rosidl_typesupport_cpp/pizza_order_msgs/srv/order_service__type_support.cpp.o[0m
[4.820s] [ 41%] [32mBuilding CXX object CMakeFiles/pizza_order_msgs__rosidl_typesupport_fastrtps_c.dir/rosidl_typesupport_fastrtps_c/pizza_order_msgs/srv/detail/cancel_service__type_support_c.cpp.o[0m
[4.895s] [ 42%] [32mBuilding CXX object CMakeFiles/pizza_order_msgs__rosidl_typesupport_introspection_cpp.dir/rosidl_typesupport_introspection_cpp/pizza_order_msgs/srv/detail/goal_loc__type_support.cpp.o[0m
[5.174s] [ 44%] [32m[1mLinking CXX shared library libpizza_order_msgs__rosidl_typesupport_cpp.so[0m
[5.235s] [ 44%] Built target pizza_order_msgs__rosidl_typesupport_cpp
[5.254s] [ 46%] [32mBuilding CXX object CMakeFiles/pizza_order_msgs__rosidl_typesupport_fastrtps_c.dir/rosidl_typesupport_fastrtps_c/pizza_order_msgs/srv/detail/goal_loc__type_support_c.cpp.o[0m
[5.293s] [ 47%] [32mBuilding CXX object CMakeFiles/pizza_order_msgs__rosidl_typesupport_fastrtps_cpp.dir/rosidl_typesupport_fastrtps_cpp/pizza_order_msgs/srv/detail/dds_fastrtps/goal_loc__type_support.cpp.o[0m
[5.335s] [ 49%] [34m[1mGenerating C introspection for ROS interfaces[0m
[5.430s] [ 50%] [32mBuilding CXX object CMakeFiles/pizza_order_msgs__rosidl_typesupport_introspection_cpp.dir/rosidl_typesupport_introspection_cpp/pizza_order_msgs/srv/detail/order_service__type_support.cpp.o[0m
[5.805s] [ 52%] [32mBuilding CXX object CMakeFiles/pizza_order_msgs__rosidl_typesupport_fastrtps_c.dir/rosidl_typesupport_fastrtps_c/pizza_order_msgs/srv/detail/order_service__type_support_c.cpp.o[0m
[5.904s] [ 53%] [32mBuilding CXX object CMakeFiles/pizza_order_msgs__rosidl_typesupport_fastrtps_cpp.dir/rosidl_typesupport_fastrtps_cpp/pizza_order_msgs/srv/detail/dds_fastrtps/order_service__type_support.cpp.o[0m
[6.010s] [ 55%] [32m[1mLinking CXX shared library libpizza_order_msgs__rosidl_typesupport_introspection_cpp.so[0m
[6.132s] [ 55%] Built target pizza_order_msgs__rosidl_typesupport_introspection_cpp
[6.147s] [ 57%] [34m[1mGenerating C type support dispatch for ROS interfaces[0m
[6.346s] [ 58%] [32mBuilding C object CMakeFiles/pizza_order_msgs__rosidl_typesupport_introspection_c.dir/rosidl_typesupport_introspection_c/pizza_order_msgs/msg/detail/call_manager__type_support.c.o[0m
[6.346s] [ 60%] [32m[1mLinking CXX shared library libpizza_order_msgs__rosidl_typesupport_fastrtps_c.so[0m
[6.387s] [ 61%] [32mBuilding C object CMakeFiles/pizza_order_msgs__rosidl_typesupport_introspection_c.dir/rosidl_typesupport_introspection_c/pizza_order_msgs/msg/detail/order_detail__type_support.c.o[0m
[6.430s] [ 63%] [32mBuilding C object CMakeFiles/pizza_order_msgs__rosidl_typesupport_introspection_c.dir/rosidl_typesupport_introspection_c/pizza_order_msgs/srv/detail/cancel_service__type_support.c.o[0m
[6.476s] [ 63%] Built target pizza_order_msgs__rosidl_typesupport_fastrtps_c
[6.476s] [ 65%] [32mBuilding C object CMakeFiles/pizza_order_msgs__rosidl_typesupport_introspection_c.dir/rosidl_typesupport_introspection_c/pizza_order_msgs/srv/detail/goal_loc__type_support.c.o[0m
[6.489s] [ 66%] [32mBuilding C object CMakeFiles/pizza_order_msgs__rosidl_typesupport_introspection_c.dir/rosidl_typesupport_introspection_c/pizza_order_msgs/srv/detail/order_service__type_support.c.o[0m
[6.532s] [ 68%] [32m[1mLinking C shared library libpizza_order_msgs__rosidl_typesupport_introspection_c.so[0m
[6.569s] [ 68%] Built target pizza_order_msgs__rosidl_typesupport_introspection_c
[6.585s] [ 69%] [32m[1mLinking CXX shared library libpizza_order_msgs__rosidl_typesupport_fastrtps_cpp.so[0m
[6.664s] [ 69%] Built target pizza_order_msgs__rosidl_typesupport_fastrtps_cpp
[6.704s] [ 76%] [32mBuilding CXX object CMakeFiles/pizza_order_msgs__rosidl_typesupport_c.dir/rosidl_typesupport_c/pizza_order_msgs/srv/goal_loc__type_support.cpp.o[0m
[6.704s] [ 76%] [32mBuilding CXX object CMakeFiles/pizza_order_msgs__rosidl_typesupport_c.dir/rosidl_typesupport_c/pizza_order_msgs/msg/order_detail__type_support.cpp.o[0m
[6.704s] [ 76%] [32mBuilding CXX object CMakeFiles/pizza_order_msgs__rosidl_typesupport_c.dir/rosidl_typesupport_c/pizza_order_msgs/srv/cancel_service__type_support.cpp.o[0m
[6.704s] [ 76%] [32mBuilding CXX object CMakeFiles/pizza_order_msgs__rosidl_typesupport_c.dir/rosidl_typesupport_c/pizza_order_msgs/msg/call_manager__type_support.cpp.o[0m
[6.740s] [ 77%] [32mBuilding CXX object CMakeFiles/pizza_order_msgs__rosidl_typesupport_c.dir/rosidl_typesupport_c/pizza_order_msgs/srv/order_service__type_support.cpp.o[0m
[6.770s] [ 79%] [32m[1mLinking CXX shared library libpizza_order_msgs__rosidl_typesupport_c.so[0m
[6.806s] [ 79%] Built target pizza_order_msgs__rosidl_typesupport_c
[6.825s] [ 79%] Built target pizza_order_msgs
[6.844s] [ 80%] [34m[1mGenerating Python code for ROS interfaces[0m
[7.684s] [ 80%] Built target pizza_order_msgs__py
[7.707s] [ 84%] [32mBuilding C object CMakeFiles/pizza_order_msgs__rosidl_generator_py.dir/rosidl_generator_py/pizza_order_msgs/msg/_order_detail_s.c.o[0m
[7.707s] [ 85%] [32mBuilding C object CMakeFiles/pizza_order_msgs__rosidl_generator_py.dir/rosidl_generator_py/pizza_order_msgs/srv/_goal_loc_s.c.o[0m
[7.707s] [ 87%] [32mBuilding C object CMakeFiles/pizza_order_msgs__rosidl_generator_py.dir/rosidl_generator_py/pizza_order_msgs/srv/_cancel_service_s.c.o[0m
[7.707s] [ 87%] [32mBuilding C object CMakeFiles/pizza_order_msgs__rosidl_generator_py.dir/rosidl_generator_py/pizza_order_msgs/msg/_call_manager_s.c.o[0m
[7.850s] [ 88%] [32mBuilding C object CMakeFiles/pizza_order_msgs__rosidl_generator_py.dir/rosidl_generator_py/pizza_order_msgs/srv/_order_service_s.c.o[0m
[7.941s] [ 90%] [32m[1mLinking C shared library rosidl_generator_py/pizza_order_msgs/libpizza_order_msgs__rosidl_generator_py.so[0m
[7.981s] [ 90%] Built target pizza_order_msgs__rosidl_generator_py
[8.003s] [ 92%] [32mBuilding C object CMakeFiles/pizza_order_msgs__rosidl_typesupport_c__pyext.dir/rosidl_generator_py/pizza_order_msgs/_pizza_order_msgs_s.ep.rosidl_typesupport_c.c.o[0m
[8.005s] [ 93%] [32mBuilding C object CMakeFiles/pizza_order_msgs__rosidl_typesupport_introspection_c__pyext.dir/rosidl_generator_py/pizza_order_msgs/_pizza_order_msgs_s.ep.rosidl_typesupport_introspection_c.c.o[0m
[8.005s] [ 95%] [32mBuilding C object CMakeFiles/pizza_order_msgs__rosidl_typesupport_fastrtps_c__pyext.dir/rosidl_generator_py/pizza_order_msgs/_pizza_order_msgs_s.ep.rosidl_typesupport_fastrtps_c.c.o[0m
[8.137s] [ 98%] [32m[1mLinking C shared library rosidl_generator_py/pizza_order_msgs/pizza_order_msgs_s__rosidl_typesupport_introspection_c.cpython-310-x86_64-linux-gnu.so[0m
[8.137s] [ 98%] [32m[1mLinking C shared library rosidl_generator_py/pizza_order_msgs/pizza_order_msgs_s__rosidl_typesupport_fastrtps_c.cpython-310-x86_64-linux-gnu.so[0m
[8.171s] [100%] [32m[1mLinking C shared library rosidl_generator_py/pizza_order_msgs/pizza_order_msgs_s__rosidl_typesupport_c.cpython-310-x86_64-linux-gnu.so[0m
[8.184s] [100%] Built target pizza_order_msgs__rosidl_typesupport_introspection_c__pyext
[8.188s] [100%] Built target pizza_order_msgs__rosidl_typesupport_fastrtps_c__pyext
[8.210s] [100%] Built target pizza_order_msgs__rosidl_typesupport_c__pyext
[8.221s] Invoked command in '/home/viator/ws/b3_ws/build/pizza_order_msgs' returned '0': CMAKE_PREFIX_PATH=${CMAKE_PREFIX_PATH}:/home/viator/ws/b3_ws/install/pizza_serving_bot:/home/viator/turtlebot3_ws/install/turtlebot3_teleop:/home/viator/turtlebot3_ws/install/turtlebot3_example:/opt/ros/humble /usr/bin/cmake --build /home/viator/ws/b3_ws/build/pizza_order_msgs -- -j4 -l4
[8.230s] Invoking command in '/home/viator/ws/b3_ws/build/pizza_order_msgs': CMAKE_PREFIX_PATH=${CMAKE_PREFIX_PATH}:/home/viator/ws/b3_ws/install/pizza_serving_bot:/home/viator/turtlebot3_ws/install/turtlebot3_teleop:/home/viator/turtlebot3_ws/install/turtlebot3_example:/opt/ros/humble /usr/bin/cmake --install /home/viator/ws/b3_ws/build/pizza_order_msgs
[8.237s] -- Install configuration: ""
[8.237s] -- Installing: /home/viator/ws/b3_ws/install/pizza_order_msgs/share/ament_index/resource_index/rosidl_interfaces/pizza_order_msgs
[8.237s] -- Installing: /home/viator/ws/b3_ws/install/pizza_order_msgs/include/pizza_order_msgs/pizza_order_msgs
[8.237s] -- Installing: /home/viator/ws/b3_ws/install/pizza_order_msgs/include/pizza_order_msgs/pizza_order_msgs/msg
[8.237s] -- Installing: /home/viator/ws/b3_ws/install/pizza_order_msgs/include/pizza_order_msgs/pizza_order_msgs/msg/call_manager.h
[8.237s] -- Installing: /home/viator/ws/b3_ws/install/pizza_order_msgs/include/pizza_order_msgs/pizza_order_msgs/msg/detail
[8.238s] -- Installing: /home/viator/ws/b3_ws/install/pizza_order_msgs/include/pizza_order_msgs/pizza_order_msgs/msg/detail/order_detail__struct.h
[8.238s] -- Installing: /home/viator/ws/b3_ws/install/pizza_order_msgs/include/pizza_order_msgs/pizza_order_msgs/msg/detail/order_detail__type_support.h
[8.238s] -- Installing: /home/viator/ws/b3_ws/install/pizza_order_msgs/include/pizza_order_msgs/pizza_order_msgs/msg/detail/call_manager__functions.h
[8.238s] -- Installing: /home/viator/ws/b3_ws/install/pizza_order_msgs/include/pizza_order_msgs/pizza_order_msgs/msg/detail/call_manager__type_support.h
[8.238s] -- Installing: /home/viator/ws/b3_ws/install/pizza_order_msgs/include/pizza_order_msgs/pizza_order_msgs/msg/detail/call_manager__struct.h
[8.238s] -- Installing: /home/viator/ws/b3_ws/install/pizza_order_msgs/include/pizza_order_msgs/pizza_order_msgs/msg/detail/order_detail__functions.c
[8.238s] -- Installing: /home/viator/ws/b3_ws/install/pizza_order_msgs/include/pizza_order_msgs/pizza_order_msgs/msg/detail/order_detail__functions.h
[8.238s] -- Installing: /home/viator/ws/b3_ws/install/pizza_order_msgs/include/pizza_order_msgs/pizza_order_msgs/msg/detail/call_manager__functions.c
[8.238s] -- Installing: /home/viator/ws/b3_ws/install/pizza_order_msgs/include/pizza_order_msgs/pizza_order_msgs/msg/rosidl_generator_c__visibility_control.h
[8.239s] -- Installing: /home/viator/ws/b3_ws/install/pizza_order_msgs/include/pizza_order_msgs/pizza_order_msgs/msg/order_detail.h
[8.239s] -- Installing: /home/viator/ws/b3_ws/install/pizza_order_msgs/include/pizza_order_msgs/pizza_order_msgs/srv
[8.239s] -- Installing: /home/viator/ws/b3_ws/install/pizza_order_msgs/include/pizza_order_msgs/pizza_order_msgs/srv/detail
[8.239s] -- Installing: /home/viator/ws/b3_ws/install/pizza_order_msgs/include/pizza_order_msgs/pizza_order_msgs/srv/detail/order_service__struct.h
[8.239s] -- Installing: /home/viator/ws/b3_ws/install/pizza_order_msgs/include/pizza_order_msgs/pizza_order_msgs/srv/detail/cancel_service__functions.c
[8.239s] -- Installing: /home/viator/ws/b3_ws/install/pizza_order_msgs/include/pizza_order_msgs/pizza_order_msgs/srv/detail/cancel_service__type_support.h
[8.239s] -- Installing: /home/viator/ws/b3_ws/install/pizza_order_msgs/include/pizza_order_msgs/pizza_order_msgs/srv/detail/order_service__functions.h
[8.239s] -- Installing: /home/viator/ws/b3_ws/install/pizza_order_msgs/include/pizza_order_msgs/pizza_order_msgs/srv/detail/goal_loc__type_support.h
[8.239s] -- Installing: /home/viator/ws/b3_ws/install/pizza_order_msgs/include/pizza_order_msgs/pizza_order_msgs/srv/detail/order_service__type_support.h
[8.240s] -- Installing: /home/viator/ws/b3_ws/install/pizza_order_msgs/include/pizza_order_msgs/pizza_order_msgs/srv/detail/order_service__functions.c
[8.240s] -- Installing: /home/viator/ws/b3_ws/install/pizza_order_msgs/include/pizza_order_msgs/pizza_order_msgs/srv/detail/cancel_service__functions.h
[8.240s] -- Installing: /home/viator/ws/b3_ws/install/pizza_order_msgs/include/pizza_order_msgs/pizza_order_msgs/srv/detail/goal_loc__functions.h
[8.240s] -- Installing: /home/viator/ws/b3_ws/install/pizza_order_msgs/include/pizza_order_msgs/pizza_order_msgs/srv/detail/goal_loc__functions.c
[8.240s] -- Installing: /home/viator/ws/b3_ws/install/pizza_order_msgs/include/pizza_order_msgs/pizza_order_msgs/srv/detail/cancel_service__struct.h
[8.240s] -- Installing: /home/viator/ws/b3_ws/install/pizza_order_msgs/include/pizza_order_msgs/pizza_order_msgs/srv/detail/goal_loc__struct.h
[8.240s] -- Installing: /home/viator/ws/b3_ws/install/pizza_order_msgs/include/pizza_order_msgs/pizza_order_msgs/srv/goal_loc.h
[8.240s] -- Installing: /home/viator/ws/b3_ws/install/pizza_order_msgs/include/pizza_order_msgs/pizza_order_msgs/srv/order_service.h
[8.240s] -- Installing: /home/viator/ws/b3_ws/install/pizza_order_msgs/include/pizza_order_msgs/pizza_order_msgs/srv/cancel_service.h
[8.240s] -- Installing: /home/viator/ws/b3_ws/install/pizza_order_msgs/share/pizza_order_msgs/environment/library_path.sh
[8.240s] -- Installing: /home/viator/ws/b3_ws/install/pizza_order_msgs/share/pizza_order_msgs/environment/library_path.dsv
[8.241s] -- Installing: /home/viator/ws/b3_ws/install/pizza_order_msgs/lib/libpizza_order_msgs__rosidl_generator_c.so
[8.241s] -- Set runtime path of "/home/viator/ws/b3_ws/install/pizza_order_msgs/lib/libpizza_order_msgs__rosidl_generator_c.so" to ""
[8.241s] -- Up-to-date: /home/viator/ws/b3_ws/install/pizza_order_msgs/include/pizza_order_msgs/pizza_order_msgs
[8.241s] -- Up-to-date: /home/viator/ws/b3_ws/install/pizza_order_msgs/include/pizza_order_msgs/pizza_order_msgs/msg
[8.241s] -- Installing: /home/viator/ws/b3_ws/install/pizza_order_msgs/include/pizza_order_msgs/pizza_order_msgs/msg/rosidl_typesupport_fastrtps_c__visibility_control.h
[8.241s] -- Up-to-date: /home/viator/ws/b3_ws/install/pizza_order_msgs/include/pizza_order_msgs/pizza_order_msgs/msg/detail
[8.241s] -- Installing: /home/viator/ws/b3_ws/install/pizza_order_msgs/include/pizza_order_msgs/pizza_order_msgs/msg/detail/call_manager__rosidl_typesupport_fastrtps_c.h
[8.241s] -- Installing: /home/viator/ws/b3_ws/install/pizza_order_msgs/include/pizza_order_msgs/pizza_order_msgs/msg/detail/order_detail__rosidl_typesupport_fastrtps_c.h
[8.242s] -- Up-to-date: /home/viator/ws/b3_ws/install/pizza_order_msgs/include/pizza_order_msgs/pizza_order_msgs/srv
[8.242s] -- Up-to-date: /home/viator/ws/b3_ws/install/pizza_order_msgs/include/pizza_order_msgs/pizza_order_msgs/srv/detail
[8.242s] -- Installing: /home/viator/ws/b3_ws/install/pizza_order_msgs/include/pizza_order_msgs/pizza_order_msgs/srv/detail/order_service__rosidl_typesupport_fastrtps_c.h
[8.242s] -- Installing: /home/viator/ws/b3_ws/install/pizza_order_msgs/include/pizza_order_msgs/pizza_order_msgs/srv/detail/goal_loc__rosidl_typesupport_fastrtps_c.h
[8.242s] -- Installing: /home/viator/ws/b3_ws/install/pizza_order_msgs/include/pizza_order_msgs/pizza_order_msgs/srv/detail/cancel_service__rosidl_typesupport_fastrtps_c.h
[8.242s] -- Installing: /home/viator/ws/b3_ws/install/pizza_order_msgs/lib/libpizza_order_msgs__rosidl_typesupport_fastrtps_c.so
[8.242s] -- Set runtime path of "/home/viator/ws/b3_ws/install/pizza_order_msgs/lib/libpizza_order_msgs__rosidl_typesupport_fastrtps_c.so" to ""
[8.242s] -- Up-to-date: /home/viator/ws/b3_ws/install/pizza_order_msgs/include/pizza_order_msgs/pizza_order_msgs
[8.242s] -- Up-to-date: /home/viator/ws/b3_ws/install/pizza_order_msgs/include/pizza_order_msgs/pizza_order_msgs/msg
[8.242s] -- Installing: /home/viator/ws/b3_ws/install/pizza_order_msgs/include/pizza_order_msgs/pizza_order_msgs/msg/order_detail.hpp
[8.243s] -- Up-to-date: /home/viator/ws/b3_ws/install/pizza_order_msgs/include/pizza_order_msgs/pizza_order_msgs/msg/detail
[8.243s] -- Installing: /home/viator/ws/b3_ws/install/pizza_order_msgs/include/pizza_order_msgs/pizza_order_msgs/msg/detail/order_detail__builder.hpp
[8.243s] -- Installing: /home/viator/ws/b3_ws/install/pizza_order_msgs/include/pizza_order_msgs/pizza_order_msgs/msg/detail/call_manager__builder.hpp
[8.243s] -- Installing: /home/viator/ws/b3_ws/install/pizza_order_msgs/include/pizza_order_msgs/pizza_order_msgs/msg/detail/order_detail__traits.hpp
[8.243s] -- Installing: /home/viator/ws/b3_ws/install/pizza_order_msgs/include/pizza_order_msgs/pizza_order_msgs/msg/detail/call_manager__struct.hpp
[8.243s] -- Installing: /home/viator/ws/b3_ws/install/pizza_order_msgs/include/pizza_order_msgs/pizza_order_msgs/msg/detail/call_manager__traits.hpp
[8.243s] -- Installing: /home/viator/ws/b3_ws/install/pizza_order_msgs/include/pizza_order_msgs/pizza_order_msgs/msg/detail/order_detail__struct.hpp
[8.243s] -- Installing: /home/viator/ws/b3_ws/install/pizza_order_msgs/include/pizza_order_msgs/pizza_order_msgs/msg/call_manager.hpp
[8.243s] -- Up-to-date: /home/viator/ws/b3_ws/install/pizza_order_msgs/include/pizza_order_msgs/pizza_order_msgs/srv
[8.243s] -- Installing: /home/viator/ws/b3_ws/install/pizza_order_msgs/include/pizza_order_msgs/pizza_order_msgs/srv/order_service.hpp
[8.243s] -- Up-to-date: /home/viator/ws/b3_ws/install/pizza_order_msgs/include/pizza_order_msgs/pizza_order_msgs/srv/detail
[8.244s] -- Installing: /home/viator/ws/b3_ws/install/pizza_order_msgs/include/pizza_order_msgs/pizza_order_msgs/srv/detail/order_service__traits.hpp
[8.244s] -- Installing: /home/viator/ws/b3_ws/install/pizza_order_msgs/include/pizza_order_msgs/pizza_order_msgs/srv/detail/cancel_service__struct.hpp
[8.244s] -- Installing: /home/viator/ws/b3_ws/install/pizza_order_msgs/include/pizza_order_msgs/pizza_order_msgs/srv/detail/order_service__builder.hpp
[8.244s] -- Installing: /home/viator/ws/b3_ws/install/pizza_order_msgs/include/pizza_order_msgs/pizza_order_msgs/srv/detail/goal_loc__builder.hpp
[8.244s] -- Installing: /home/viator/ws/b3_ws/install/pizza_order_msgs/include/pizza_order_msgs/pizza_order_msgs/srv/detail/goal_loc__traits.hpp
[8.244s] -- Installing: /home/viator/ws/b3_ws/install/pizza_order_msgs/include/pizza_order_msgs/pizza_order_msgs/srv/detail/cancel_service__builder.hpp
[8.244s] -- Installing: /home/viator/ws/b3_ws/install/pizza_order_msgs/include/pizza_order_msgs/pizza_order_msgs/srv/detail/order_service__struct.hpp
[8.244s] -- Installing: /home/viator/ws/b3_ws/install/pizza_order_msgs/include/pizza_order_msgs/pizza_order_msgs/srv/detail/goal_loc__struct.hpp
[8.244s] -- Installing: /home/viator/ws/b3_ws/install/pizza_order_msgs/include/pizza_order_msgs/pizza_order_msgs/srv/detail/cancel_service__traits.hpp
[8.244s] -- Installing: /home/viator/ws/b3_ws/install/pizza_order_msgs/include/pizza_order_msgs/pizza_order_msgs/srv/goal_loc.hpp
[8.245s] -- Installing: /home/viator/ws/b3_ws/install/pizza_order_msgs/include/pizza_order_msgs/pizza_order_msgs/srv/cancel_service.hpp
[8.245s] -- Up-to-date: /home/viator/ws/b3_ws/install/pizza_order_msgs/include/pizza_order_msgs/pizza_order_msgs
[8.245s] -- Up-to-date: /home/viator/ws/b3_ws/install/pizza_order_msgs/include/pizza_order_msgs/pizza_order_msgs/msg
[8.245s] -- Up-to-date: /home/viator/ws/b3_ws/install/pizza_order_msgs/include/pizza_order_msgs/pizza_order_msgs/msg/detail
[8.245s] -- Installing: /home/viator/ws/b3_ws/install/pizza_order_msgs/include/pizza_order_msgs/pizza_order_msgs/msg/detail/order_detail__rosidl_typesupport_fastrtps_cpp.hpp
[8.245s] -- Installing: /home/viator/ws/b3_ws/install/pizza_order_msgs/include/pizza_order_msgs/pizza_order_msgs/msg/detail/call_manager__rosidl_typesupport_fastrtps_cpp.hpp
[8.245s] -- Installing: /home/viator/ws/b3_ws/install/pizza_order_msgs/include/pizza_order_msgs/pizza_order_msgs/msg/detail/dds_fastrtps
[8.245s] -- Installing: /home/viator/ws/b3_ws/install/pizza_order_msgs/include/pizza_order_msgs/pizza_order_msgs/msg/rosidl_typesupport_fastrtps_cpp__visibility_control.h
[8.245s] -- Up-to-date: /home/viator/ws/b3_ws/install/pizza_order_msgs/include/pizza_order_msgs/pizza_order_msgs/srv
[8.245s] -- Up-to-date: /home/viator/ws/b3_ws/install/pizza_order_msgs/include/pizza_order_msgs/pizza_order_msgs/srv/detail
[8.245s] -- Installing: /home/viator/ws/b3_ws/install/pizza_order_msgs/include/pizza_order_msgs/pizza_order_msgs/srv/detail/goal_loc__rosidl_typesupport_fastrtps_cpp.hpp
[8.245s] -- Installing: /home/viator/ws/b3_ws/install/pizza_order_msgs/include/pizza_order_msgs/pizza_order_msgs/srv/detail/dds_fastrtps
[8.245s] -- Installing: /home/viator/ws/b3_ws/install/pizza_order_msgs/include/pizza_order_msgs/pizza_order_msgs/srv/detail/cancel_service__rosidl_typesupport_fastrtps_cpp.hpp
[8.246s] -- Installing: /home/viator/ws/b3_ws/install/pizza_order_msgs/include/pizza_order_msgs/pizza_order_msgs/srv/detail/order_service__rosidl_typesupport_fastrtps_cpp.hpp
[8.246s] -- Installing: /home/viator/ws/b3_ws/install/pizza_order_msgs/lib/libpizza_order_msgs__rosidl_typesupport_fastrtps_cpp.so
[8.246s] -- Set runtime path of "/home/viator/ws/b3_ws/install/pizza_order_msgs/lib/libpizza_order_msgs__rosidl_typesupport_fastrtps_cpp.so" to ""
[8.246s] -- Up-to-date: /home/viator/ws/b3_ws/install/pizza_order_msgs/include/pizza_order_msgs/pizza_order_msgs
[8.246s] -- Up-to-date: /home/viator/ws/b3_ws/install/pizza_order_msgs/include/pizza_order_msgs/pizza_order_msgs/msg
[8.246s] -- Up-to-date: /home/viator/ws/b3_ws/install/pizza_order_msgs/include/pizza_order_msgs/pizza_order_msgs/msg/detail
[8.246s] -- Installing: /home/viator/ws/b3_ws/install/pizza_order_msgs/include/pizza_order_msgs/pizza_order_msgs/msg/detail/call_manager__rosidl_typesupport_introspection_c.h
[8.246s] -- Installing: /home/viator/ws/b3_ws/install/pizza_order_msgs/include/pizza_order_msgs/pizza_order_msgs/msg/detail/order_detail__type_support.c
[8.247s] -- Installing: /home/viator/ws/b3_ws/install/pizza_order_msgs/include/pizza_order_msgs/pizza_order_msgs/msg/detail/call_manager__type_support.c
[8.247s] -- Installing: /home/viator/ws/b3_ws/install/pizza_order_msgs/include/pizza_order_msgs/pizza_order_msgs/msg/detail/order_detail__rosidl_typesupport_introspection_c.h
[8.247s] -- Installing: /home/viator/ws/b3_ws/install/pizza_order_msgs/include/pizza_order_msgs/pizza_order_msgs/msg/rosidl_typesupport_introspection_c__visibility_control.h
[8.247s] -- Up-to-date: /home/viator/ws/b3_ws/install/pizza_order_msgs/include/pizza_order_msgs/pizza_order_msgs/srv
[8.247s] -- Up-to-date: /home/viator/ws/b3_ws/install/pizza_order_msgs/include/pizza_order_msgs/pizza_order_msgs/srv/detail
[8.247s] -- Installing: /home/viator/ws/b3_ws/install/pizza_order_msgs/include/pizza_order_msgs/pizza_order_msgs/srv/detail/cancel_service__rosidl_typesupport_introspection_c.h
[8.247s] -- Installing: /home/viator/ws/b3_ws/install/pizza_order_msgs/include/pizza_order_msgs/pizza_order_msgs/srv/detail/goal_loc__rosidl_typesupport_introspection_c.h
[8.247s] -- Installing: /home/viator/ws/b3_ws/install/pizza_order_msgs/include/pizza_order_msgs/pizza_order_msgs/srv/detail/order_service__type_support.c
[8.247s] -- Installing: /home/viator/ws/b3_ws/install/pizza_order_msgs/include/pizza_order_msgs/pizza_order_msgs/srv/detail/cancel_service__type_support.c
[8.247s] -- Installing: /home/viator/ws/b3_ws/install/pizza_order_msgs/include/pizza_order_msgs/pizza_order_msgs/srv/detail/order_service__rosidl_typesupport_introspection_c.h
[8.247s] -- Installing: /home/viator/ws/b3_ws/install/pizza_order_msgs/include/pizza_order_msgs/pizza_order_msgs/srv/detail/goal_loc__type_support.c
[8.248s] -- Installing: /home/viator/ws/b3_ws/install/pizza_order_msgs/lib/libpizza_order_msgs__rosidl_typesupport_introspection_c.so
[8.248s] -- Set runtime path of "/home/viator/ws/b3_ws/install/pizza_order_msgs/lib/libpizza_order_msgs__rosidl_typesupport_introspection_c.so" to ""
[8.248s] -- Installing: /home/viator/ws/b3_ws/install/pizza_order_msgs/lib/libpizza_order_msgs__rosidl_typesupport_c.so
[8.248s] -- Set runtime path of "/home/viator/ws/b3_ws/install/pizza_order_msgs/lib/libpizza_order_msgs__rosidl_typesupport_c.so" to ""
[8.248s] -- Up-to-date: /home/viator/ws/b3_ws/install/pizza_order_msgs/include/pizza_order_msgs/pizza_order_msgs
[8.249s] -- Up-to-date: /home/viator/ws/b3_ws/install/pizza_order_msgs/include/pizza_order_msgs/pizza_order_msgs/msg
[8.249s] -- Up-to-date: /home/viator/ws/b3_ws/install/pizza_order_msgs/include/pizza_order_msgs/pizza_order_msgs/msg/detail
[8.249s] -- Installing: /home/viator/ws/b3_ws/install/pizza_order_msgs/include/pizza_order_msgs/pizza_order_msgs/msg/detail/call_manager__rosidl_typesupport_introspection_cpp.hpp
[8.249s] -- Installing: /home/viator/ws/b3_ws/install/pizza_order_msgs/include/pizza_order_msgs/pizza_order_msgs/msg/detail/call_manager__type_support.cpp
[8.249s] -- Installing: /home/viator/ws/b3_ws/install/pizza_order_msgs/include/pizza_order_msgs/pizza_order_msgs/msg/detail/order_detail__rosidl_typesupport_introspection_cpp.hpp
[8.249s] -- Installing: /home/viator/ws/b3_ws/install/pizza_order_msgs/include/pizza_order_msgs/pizza_order_msgs/msg/detail/order_detail__type_support.cpp
[8.249s] -- Up-to-date: /home/viator/ws/b3_ws/install/pizza_order_msgs/include/pizza_order_msgs/pizza_order_msgs/srv
[8.249s] -- Up-to-date: /home/viator/ws/b3_ws/install/pizza_order_msgs/include/pizza_order_msgs/pizza_order_msgs/srv/detail
[8.249s] -- Installing: /home/viator/ws/b3_ws/install/pizza_order_msgs/include/pizza_order_msgs/pizza_order_msgs/srv/detail/cancel_service__type_support.cpp
[8.250s] -- Installing: /home/viator/ws/b3_ws/install/pizza_order_msgs/include/pizza_order_msgs/pizza_order_msgs/srv/detail/order_service__rosidl_typesupport_introspection_cpp.hpp
[8.250s] -- Installing: /home/viator/ws/b3_ws/install/pizza_order_msgs/include/pizza_order_msgs/pizza_order_msgs/srv/detail/order_service__type_support.cpp
[8.250s] -- Installing: /home/viator/ws/b3_ws/install/pizza_order_msgs/include/pizza_order_msgs/pizza_order_msgs/srv/detail/cancel_service__rosidl_typesupport_introspection_cpp.hpp
[8.250s] -- Installing: /home/viator/ws/b3_ws/install/pizza_order_msgs/include/pizza_order_msgs/pizza_order_msgs/srv/detail/goal_loc__type_support.cpp
[8.250s] -- Installing: /home/viator/ws/b3_ws/install/pizza_order_msgs/include/pizza_order_msgs/pizza_order_msgs/srv/detail/goal_loc__rosidl_typesupport_introspection_cpp.hpp
[8.250s] -- Installing: /home/viator/ws/b3_ws/install/pizza_order_msgs/lib/libpizza_order_msgs__rosidl_typesupport_introspection_cpp.so
[8.251s] -- Set runtime path of "/home/viator/ws/b3_ws/install/pizza_order_msgs/lib/libpizza_order_msgs__rosidl_typesupport_introspection_cpp.so" to ""
[8.251s] -- Installing: /home/viator/ws/b3_ws/install/pizza_order_msgs/lib/libpizza_order_msgs__rosidl_typesupport_cpp.so
[8.251s] -- Set runtime path of "/home/viator/ws/b3_ws/install/pizza_order_msgs/lib/libpizza_order_msgs__rosidl_typesupport_cpp.so" to ""
[8.251s] -- Installing: /home/viator/ws/b3_ws/install/pizza_order_msgs/share/pizza_order_msgs/environment/pythonpath.sh
[8.251s] -- Installing: /home/viator/ws/b3_ws/install/pizza_order_msgs/share/pizza_order_msgs/environment/pythonpath.dsv
[8.251s] -- Installing: /home/viator/ws/b3_ws/install/pizza_order_msgs/local/lib/python3.10/dist-packages/pizza_order_msgs-0.0.0-py3.10.egg-info
[8.251s] -- Installing: /home/viator/ws/b3_ws/install/pizza_order_msgs/local/lib/python3.10/dist-packages/pizza_order_msgs-0.0.0-py3.10.egg-info/PKG-INFO
[8.251s] -- Installing: /home/viator/ws/b3_ws/install/pizza_order_msgs/local/lib/python3.10/dist-packages/pizza_order_msgs-0.0.0-py3.10.egg-info/SOURCES.txt
[8.251s] -- Installing: /home/viator/ws/b3_ws/install/pizza_order_msgs/local/lib/python3.10/dist-packages/pizza_order_msgs-0.0.0-py3.10.egg-info/top_level.txt
[8.251s] -- Installing: /home/viator/ws/b3_ws/install/pizza_order_msgs/local/lib/python3.10/dist-packages/pizza_order_msgs-0.0.0-py3.10.egg-info/dependency_links.txt
[8.252s] -- Installing: /home/viator/ws/b3_ws/install/pizza_order_msgs/local/lib/python3.10/dist-packages/pizza_order_msgs
[8.252s] -- Installing: /home/viator/ws/b3_ws/install/pizza_order_msgs/local/lib/python3.10/dist-packages/pizza_order_msgs/_pizza_order_msgs_s.ep.rosidl_typesupport_fastrtps_c.c
[8.252s] -- Installing: /home/viator/ws/b3_ws/install/pizza_order_msgs/local/lib/python3.10/dist-packages/pizza_order_msgs/msg
[8.252s] -- Installing: /home/viator/ws/b3_ws/install/pizza_order_msgs/local/lib/python3.10/dist-packages/pizza_order_msgs/msg/_order_detail.py
[8.252s] -- Installing: /home/viator/ws/b3_ws/install/pizza_order_msgs/local/lib/python3.10/dist-packages/pizza_order_msgs/msg/_call_manager_s.c
[8.252s] -- Installing: /home/viator/ws/b3_ws/install/pizza_order_msgs/local/lib/python3.10/dist-packages/pizza_order_msgs/msg/_order_detail_s.c
[8.252s] -- Installing: /home/viator/ws/b3_ws/install/pizza_order_msgs/local/lib/python3.10/dist-packages/pizza_order_msgs/msg/_call_manager.py
[8.252s] -- Installing: /home/viator/ws/b3_ws/install/pizza_order_msgs/local/lib/python3.10/dist-packages/pizza_order_msgs/msg/__init__.py
[8.252s] -- Installing: /home/viator/ws/b3_ws/install/pizza_order_msgs/local/lib/python3.10/dist-packages/pizza_order_msgs/srv
[8.252s] -- Installing: /home/viator/ws/b3_ws/install/pizza_order_msgs/local/lib/python3.10/dist-packages/pizza_order_msgs/srv/_order_service_s.c
[8.253s] -- Installing: /home/viator/ws/b3_ws/install/pizza_order_msgs/local/lib/python3.10/dist-packages/pizza_order_msgs/srv/_order_service.py
[8.253s] -- Installing: /home/viator/ws/b3_ws/install/pizza_order_msgs/local/lib/python3.10/dist-packages/pizza_order_msgs/srv/_cancel_service_s.c
[8.253s] -- Installing: /home/viator/ws/b3_ws/install/pizza_order_msgs/local/lib/python3.10/dist-packages/pizza_order_msgs/srv/_goal_loc_s.c
[8.253s] -- Installing: /home/viator/ws/b3_ws/install/pizza_order_msgs/local/lib/python3.10/dist-packages/pizza_order_msgs/srv/_cancel_service.py
[8.253s] -- Installing: /home/viator/ws/b3_ws/install/pizza_order_msgs/local/lib/python3.10/dist-packages/pizza_order_msgs/srv/__init__.py
[8.253s] -- Installing: /home/viator/ws/b3_ws/install/pizza_order_msgs/local/lib/python3.10/dist-packages/pizza_order_msgs/srv/_goal_loc.py
[8.253s] -- Installing: /home/viator/ws/b3_ws/install/pizza_order_msgs/local/lib/python3.10/dist-packages/pizza_order_msgs/pizza_order_msgs_s__rosidl_typesupport_c.cpython-310-x86_64-linux-gnu.so
[8.253s] -- Installing: /home/viator/ws/b3_ws/install/pizza_order_msgs/local/lib/python3.10/dist-packages/pizza_order_msgs/__init__.py
[8.253s] -- Installing: /home/viator/ws/b3_ws/install/pizza_order_msgs/local/lib/python3.10/dist-packages/pizza_order_msgs/_pizza_order_msgs_s.ep.rosidl_typesupport_introspection_c.c
[8.253s] -- Installing: /home/viator/ws/b3_ws/install/pizza_order_msgs/local/lib/python3.10/dist-packages/pizza_order_msgs/pizza_order_msgs_s__rosidl_typesupport_fastrtps_c.cpython-310-x86_64-linux-gnu.so
[8.253s] -- Installing: /home/viator/ws/b3_ws/install/pizza_order_msgs/local/lib/python3.10/dist-packages/pizza_order_msgs/_pizza_order_msgs_s.ep.rosidl_typesupport_c.c
[8.253s] -- Installing: /home/viator/ws/b3_ws/install/pizza_order_msgs/local/lib/python3.10/dist-packages/pizza_order_msgs/libpizza_order_msgs__rosidl_generator_py.so
[8.253s] -- Installing: /home/viator/ws/b3_ws/install/pizza_order_msgs/local/lib/python3.10/dist-packages/pizza_order_msgs/pizza_order_msgs_s__rosidl_typesupport_introspection_c.cpython-310-x86_64-linux-gnu.so
[8.292s] Listing '/home/viator/ws/b3_ws/install/pizza_order_msgs/local/lib/python3.10/dist-packages/pizza_order_msgs'...
[8.292s] Compiling '/home/viator/ws/b3_ws/install/pizza_order_msgs/local/lib/python3.10/dist-packages/pizza_order_msgs/__init__.py'...
[8.292s] Listing '/home/viator/ws/b3_ws/install/pizza_order_msgs/local/lib/python3.10/dist-packages/pizza_order_msgs/msg'...
[8.292s] Compiling '/home/viator/ws/b3_ws/install/pizza_order_msgs/local/lib/python3.10/dist-packages/pizza_order_msgs/msg/__init__.py'...
[8.292s] Compiling '/home/viator/ws/b3_ws/install/pizza_order_msgs/local/lib/python3.10/dist-packages/pizza_order_msgs/msg/_call_manager.py'...
[8.292s] Compiling '/home/viator/ws/b3_ws/install/pizza_order_msgs/local/lib/python3.10/dist-packages/pizza_order_msgs/msg/_order_detail.py'...
[8.292s] Listing '/home/viator/ws/b3_ws/install/pizza_order_msgs/local/lib/python3.10/dist-packages/pizza_order_msgs/srv'...
[8.292s] Compiling '/home/viator/ws/b3_ws/install/pizza_order_msgs/local/lib/python3.10/dist-packages/pizza_order_msgs/srv/__init__.py'...
[8.292s] Compiling '/home/viator/ws/b3_ws/install/pizza_order_msgs/local/lib/python3.10/dist-packages/pizza_order_msgs/srv/_cancel_service.py'...
[8.292s] Compiling '/home/viator/ws/b3_ws/install/pizza_order_msgs/local/lib/python3.10/dist-packages/pizza_order_msgs/srv/_goal_loc.py'...
[8.292s] Compiling '/home/viator/ws/b3_ws/install/pizza_order_msgs/local/lib/python3.10/dist-packages/pizza_order_msgs/srv/_order_service.py'...
[8.296s] -- Installing: /home/viator/ws/b3_ws/install/pizza_order_msgs/local/lib/python3.10/dist-packages/pizza_order_msgs/pizza_order_msgs_s__rosidl_typesupport_fastrtps_c.cpython-310-x86_64-linux-gnu.so
[8.296s] -- Set runtime path of "/home/viator/ws/b3_ws/install/pizza_order_msgs/local/lib/python3.10/dist-packages/pizza_order_msgs/pizza_order_msgs_s__rosidl_typesupport_fastrtps_c.cpython-310-x86_64-linux-gnu.so" to ""
[8.296s] -- Installing: /home/viator/ws/b3_ws/install/pizza_order_msgs/local/lib/python3.10/dist-packages/pizza_order_msgs/pizza_order_msgs_s__rosidl_typesupport_introspection_c.cpython-310-x86_64-linux-gnu.so
[8.297s] -- Set runtime path of "/home/viator/ws/b3_ws/install/pizza_order_msgs/local/lib/python3.10/dist-packages/pizza_order_msgs/pizza_order_msgs_s__rosidl_typesupport_introspection_c.cpython-310-x86_64-linux-gnu.so" to ""
[8.297s] -- Installing: /home/viator/ws/b3_ws/install/pizza_order_msgs/local/lib/python3.10/dist-packages/pizza_order_msgs/pizza_order_msgs_s__rosidl_typesupport_c.cpython-310-x86_64-linux-gnu.so
[8.297s] -- Set runtime path of "/home/viator/ws/b3_ws/install/pizza_order_msgs/local/lib/python3.10/dist-packages/pizza_order_msgs/pizza_order_msgs_s__rosidl_typesupport_c.cpython-310-x86_64-linux-gnu.so" to ""
[8.297s] -- Installing: /home/viator/ws/b3_ws/install/pizza_order_msgs/lib/libpizza_order_msgs__rosidl_generator_py.so
[8.297s] -- Set runtime path of "/home/viator/ws/b3_ws/install/pizza_order_msgs/lib/libpizza_order_msgs__rosidl_generator_py.so" to ""
[8.297s] -- Installing: /home/viator/ws/b3_ws/install/pizza_order_msgs/share/pizza_order_msgs/msg/CallManager.idl
[8.298s] -- Installing: /home/viator/ws/b3_ws/install/pizza_order_msgs/share/pizza_order_msgs/msg/OrderDetail.idl
[8.298s] -- Installing: /home/viator/ws/b3_ws/install/pizza_order_msgs/share/pizza_order_msgs/srv/CancelService.idl
[8.298s] -- Installing: /home/viator/ws/b3_ws/install/pizza_order_msgs/share/pizza_order_msgs/srv/GoalLoc.idl
[8.298s] -- Installing: /home/viator/ws/b3_ws/install/pizza_order_msgs/share/pizza_order_msgs/srv/OrderService.idl
[8.298s] -- Installing: /home/viator/ws/b3_ws/install/pizza_order_msgs/share/pizza_order_msgs/msg/CallManager.msg
[8.298s] -- Installing: /home/viator/ws/b3_ws/install/pizza_order_msgs/share/pizza_order_msgs/msg/OrderDetail.msg
[8.298s] -- Installing: /home/viator/ws/b3_ws/install/pizza_order_msgs/share/pizza_order_msgs/srv/CancelService.srv
[8.298s] -- Installing: /home/viator/ws/b3_ws/install/pizza_order_msgs/share/pizza_order_msgs/srv/CancelService_Request.msg
[8.298s] -- Installing: /home/viator/ws/b3_ws/install/pizza_order_msgs/share/pizza_order_msgs/srv/CancelService_Response.msg
[8.298s] -- Installing: /home/viator/ws/b3_ws/install/pizza_order_msgs/share/pizza_order_msgs/srv/GoalLoc.srv
[8.299s] -- Installing: /home/viator/ws/b3_ws/install/pizza_order_msgs/share/pizza_order_msgs/srv/GoalLoc_Request.msg
[8.299s] -- Installing: /home/viator/ws/b3_ws/install/pizza_order_msgs/share/pizza_order_msgs/srv/GoalLoc_Response.msg
[8.299s] -- Installing: /home/viator/ws/b3_ws/install/pizza_order_msgs/share/pizza_order_msgs/srv/OrderService.srv
[8.299s] -- Installing: /home/viator/ws/b3_ws/install/pizza_order_msgs/share/pizza_order_msgs/srv/OrderService_Request.msg
[8.299s] -- Installing: /home/viator/ws/b3_ws/install/pizza_order_msgs/share/pizza_order_msgs/srv/OrderService_Response.msg
[8.299s] -- Installing: /home/viator/ws/b3_ws/install/pizza_order_msgs/share/ament_index/resource_index/package_run_dependencies/pizza_order_msgs
[8.299s] -- Installing: /home/viator/ws/b3_ws/install/pizza_order_msgs/share/ament_index/resource_index/parent_prefix_path/pizza_order_msgs
[8.299s] -- Installing: /home/viator/ws/b3_ws/install/pizza_order_msgs/share/pizza_order_msgs/environment/ament_prefix_path.sh
[8.299s] -- Installing: /home/viator/ws/b3_ws/install/pizza_order_msgs/share/pizza_order_msgs/environment/ament_prefix_path.dsv
[8.299s] -- Installing: /home/viator/ws/b3_ws/install/pizza_order_msgs/share/pizza_order_msgs/environment/path.sh
[8.300s] -- Installing: /home/viator/ws/b3_ws/install/pizza_order_msgs/share/pizza_order_msgs/environment/path.dsv
[8.300s] -- Installing: /home/viator/ws/b3_ws/install/pizza_order_msgs/share/pizza_order_msgs/local_setup.bash
[8.300s] -- Installing: /home/viator/ws/b3_ws/install/pizza_order_msgs/share/pizza_order_msgs/local_setup.sh
[8.300s] -- Installing: /home/viator/ws/b3_ws/install/pizza_order_msgs/share/pizza_order_msgs/local_setup.zsh
[8.300s] -- Installing: /home/viator/ws/b3_ws/install/pizza_order_msgs/share/pizza_order_msgs/local_setup.dsv
[8.300s] -- Installing: /home/viator/ws/b3_ws/install/pizza_order_msgs/share/pizza_order_msgs/package.dsv
[8.300s] -- Installing: /home/viator/ws/b3_ws/install/pizza_order_msgs/share/ament_index/resource_index/packages/pizza_order_msgs
[8.300s] -- Installing: /home/viator/ws/b3_ws/install/pizza_order_msgs/share/pizza_order_msgs/cmake/export_pizza_order_msgs__rosidl_generator_cExport.cmake
[8.300s] -- Installing: /home/viator/ws/b3_ws/install/pizza_order_msgs/share/pizza_order_msgs/cmake/export_pizza_order_msgs__rosidl_generator_cExport-noconfig.cmake
[8.300s] -- Installing: /home/viator/ws/b3_ws/install/pizza_order_msgs/share/pizza_order_msgs/cmake/export_pizza_order_msgs__rosidl_typesupport_fastrtps_cExport.cmake
[8.300s] -- Installing: /home/viator/ws/b3_ws/install/pizza_order_msgs/share/pizza_order_msgs/cmake/export_pizza_order_msgs__rosidl_typesupport_fastrtps_cExport-noconfig.cmake
[8.301s] -- Installing: /home/viator/ws/b3_ws/install/pizza_order_msgs/share/pizza_order_msgs/cmake/export_pizza_order_msgs__rosidl_generator_cppExport.cmake
[8.301s] -- Installing: /home/viator/ws/b3_ws/install/pizza_order_msgs/share/pizza_order_msgs/cmake/export_pizza_order_msgs__rosidl_typesupport_fastrtps_cppExport.cmake
[8.301s] -- Installing: /home/viator/ws/b3_ws/install/pizza_order_msgs/share/pizza_order_msgs/cmake/export_pizza_order_msgs__rosidl_typesupport_fastrtps_cppExport-noconfig.cmake
[8.301s] -- Installing: /home/viator/ws/b3_ws/install/pizza_order_msgs/share/pizza_order_msgs/cmake/pizza_order_msgs__rosidl_typesupport_introspection_cExport.cmake
[8.301s] -- Installing: /home/viator/ws/b3_ws/install/pizza_order_msgs/share/pizza_order_msgs/cmake/pizza_order_msgs__rosidl_typesupport_introspection_cExport-noconfig.cmake
[8.301s] -- Installing: /home/viator/ws/b3_ws/install/pizza_order_msgs/share/pizza_order_msgs/cmake/pizza_order_msgs__rosidl_typesupport_cExport.cmake
[8.301s] -- Installing: /home/viator/ws/b3_ws/install/pizza_order_msgs/share/pizza_order_msgs/cmake/pizza_order_msgs__rosidl_typesupport_cExport-noconfig.cmake
[8.301s] -- Installing: /home/viator/ws/b3_ws/install/pizza_order_msgs/share/pizza_order_msgs/cmake/pizza_order_msgs__rosidl_typesupport_introspection_cppExport.cmake
[8.301s] -- Installing: /home/viator/ws/b3_ws/install/pizza_order_msgs/share/pizza_order_msgs/cmake/pizza_order_msgs__rosidl_typesupport_introspection_cppExport-noconfig.cmake
[8.301s] -- Installing: /home/viator/ws/b3_ws/install/pizza_order_msgs/share/pizza_order_msgs/cmake/pizza_order_msgs__rosidl_typesupport_cppExport.cmake
[8.302s] -- Installing: /home/viator/ws/b3_ws/install/pizza_order_msgs/share/pizza_order_msgs/cmake/pizza_order_msgs__rosidl_typesupport_cppExport-noconfig.cmake
[8.302s] -- Installing: /home/viator/ws/b3_ws/install/pizza_order_msgs/share/pizza_order_msgs/cmake/export_pizza_order_msgs__rosidl_generator_pyExport.cmake
[8.302s] -- Installing: /home/viator/ws/b3_ws/install/pizza_order_msgs/share/pizza_order_msgs/cmake/export_pizza_order_msgs__rosidl_generator_pyExport-noconfig.cmake
[8.302s] -- Installing: /home/viator/ws/b3_ws/install/pizza_order_msgs/share/pizza_order_msgs/cmake/rosidl_cmake-extras.cmake
[8.302s] -- Installing: /home/viator/ws/b3_ws/install/pizza_order_msgs/share/pizza_order_msgs/cmake/ament_cmake_export_dependencies-extras.cmake
[8.302s] -- Installing: /home/viator/ws/b3_ws/install/pizza_order_msgs/share/pizza_order_msgs/cmake/ament_cmake_export_include_directories-extras.cmake
[8.302s] -- Installing: /home/viator/ws/b3_ws/install/pizza_order_msgs/share/pizza_order_msgs/cmake/ament_cmake_export_libraries-extras.cmake
[8.302s] -- Installing: /home/viator/ws/b3_ws/install/pizza_order_msgs/share/pizza_order_msgs/cmake/ament_cmake_export_targets-extras.cmake
[8.302s] -- Installing: /home/viator/ws/b3_ws/install/pizza_order_msgs/share/pizza_order_msgs/cmake/rosidl_cmake_export_typesupport_targets-extras.cmake
[8.302s] -- Installing: /home/viator/ws/b3_ws/install/pizza_order_msgs/share/pizza_order_msgs/cmake/rosidl_cmake_export_typesupport_libraries-extras.cmake
[8.303s] -- Installing: /home/viator/ws/b3_ws/install/pizza_order_msgs/share/pizza_order_msgs/cmake/pizza_order_msgsConfig.cmake
[8.303s] -- Installing: /home/viator/ws/b3_ws/install/pizza_order_msgs/share/pizza_order_msgs/cmake/pizza_order_msgsConfig-version.cmake
[8.303s] -- Installing: /home/viator/ws/b3_ws/install/pizza_order_msgs/share/pizza_order_msgs/package.xml
[8.305s] Invoked command in '/home/viator/ws/b3_ws/build/pizza_order_msgs' returned '0': CMAKE_PREFIX_PATH=${CMAKE_PREFIX_PATH}:/home/viator/ws/b3_ws/install/pizza_serving_bot:/home/viator/turtlebot3_ws/install/turtlebot3_teleop:/home/viator/turtlebot3_ws/install/turtlebot3_example:/opt/ros/humble /usr/bin/cmake --install /home/viator/ws/b3_ws/build/pizza_order_msgs
