[0.121s] DEBUG:colcon:Command line arguments: ['/usr/bin/colcon', 'build']
[0.121s] DEBUG:colcon:Parsed command line arguments: Namespace(log_base=None, log_level=None, verb_name='build', build_base='build', install_base='install', merge_install=False, symlink_install=False, test_result_base=None, continue_on_error=False, executor='parallel', parallel_workers=4, event_handlers=None, ignore_user_meta=False, metas=['./colcon.meta'], base_paths=['.'], packages_ignore=None, packages_ignore_regex=None, paths=None, packages_up_to=None, packages_up_to_regex=None, packages_above=None, packages_above_and_dependencies=None, packages_above_depth=None, packages_select_by_dep=None, packages_skip_by_dep=None, packages_skip_up_to=None, packages_select_build_failed=False, packages_skip_build_finished=False, packages_select_test_failures=False, packages_skip_test_passed=False, packages_select=None, packages_skip=None, packages_select_regex=None, packages_skip_regex=None, packages_start=None, packages_end=None, allow_overriding=[], cmake_args=None, cmake_target=None, cmake_target_skip_unavailable=False, cmake_clean_cache=False, cmake_clean_first=False, cmake_force_configure=False, ament_cmake_args=None, catkin_cmake_args=None, catkin_skip_building_tests=False, verb_parser=<colcon_defaults.argument_parser.defaults.DefaultArgumentsDecorator object at 0x7a18aadb6590>, verb_extension=<colcon_core.verb.build.BuildVerb object at 0x7a18aadb5f30>, main=<bound method BuildVerb.main of <colcon_core.verb.build.BuildVerb object at 0x7a18aadb5f30>>)
[0.414s] Level 1:colcon.colcon_core.package_discovery:discover_packages(colcon_meta) check parameters
[0.415s] Level 1:colcon.colcon_core.package_discovery:discover_packages(recursive) check parameters
[0.415s] Level 1:colcon.colcon_core.package_discovery:discover_packages(ignore) check parameters
[0.415s] Level 1:colcon.colcon_core.package_discovery:discover_packages(path) check parameters
[0.415s] Level 1:colcon.colcon_core.package_discovery:discover_packages(colcon_meta) discover
[0.415s] Level 1:colcon.colcon_core.package_discovery:discover_packages(recursive) discover
[0.415s] INFO:colcon.colcon_core.package_discovery:Crawling recursively for packages in '/home/viator/ws/b3_ws'
[0.415s] Level 1:colcon.colcon_core.package_identification:_identify(.) by extensions ['ignore', 'ignore_ament_install']
[0.415s] Level 1:colcon.colcon_core.package_identification:_identify(.) by extension 'ignore'
[0.415s] Level 1:colcon.colcon_core.package_identification:_identify(.) by extension 'ignore_ament_install'
[0.415s] Level 1:colcon.colcon_core.package_identification:_identify(.) by extensions ['colcon_pkg']
[0.415s] Level 1:colcon.colcon_core.package_identification:_identify(.) by extension 'colcon_pkg'
[0.415s] Level 1:colcon.colcon_core.package_identification:_identify(.) by extensions ['colcon_meta']
[0.415s] Level 1:colcon.colcon_core.package_identification:_identify(.) by extension 'colcon_meta'
[0.415s] Level 1:colcon.colcon_core.package_identification:_identify(.) by extensions ['ros']
[0.415s] Level 1:colcon.colcon_core.package_identification:_identify(.) by extension 'ros'
[0.428s] Level 1:colcon.colcon_core.package_identification:_identify(.) by extensions ['cmake', 'python']
[0.428s] Level 1:colcon.colcon_core.package_identification:_identify(.) by extension 'cmake'
[0.428s] Level 1:colcon.colcon_core.package_identification:_identify(.) by extension 'python'
[0.428s] Level 1:colcon.colcon_core.package_identification:_identify(.) by extensions ['python_setup_py']
[0.428s] Level 1:colcon.colcon_core.package_identification:_identify(.) by extension 'python_setup_py'
[0.429s] Level 1:colcon.colcon_core.package_identification:_identify(build) by extensions ['ignore', 'ignore_ament_install']
[0.429s] Level 1:colcon.colcon_core.package_identification:_identify(build) by extension 'ignore'
[0.429s] Level 1:colcon.colcon_core.package_identification:_identify(build) ignored
[0.429s] Level 1:colcon.colcon_core.package_identification:_identify(install) by extensions ['ignore', 'ignore_ament_install']
[0.429s] Level 1:colcon.colcon_core.package_identification:_identify(install) by extension 'ignore'
[0.429s] Level 1:colcon.colcon_core.package_identification:_identify(install) ignored
[0.429s] Level 1:colcon.colcon_core.package_identification:_identify(log) by extensions ['ignore', 'ignore_ament_install']
[0.429s] Level 1:colcon.colcon_core.package_identification:_identify(log) by extension 'ignore'
[0.429s] Level 1:colcon.colcon_core.package_identification:_identify(log) ignored
[0.429s] Level 1:colcon.colcon_core.package_identification:_identify(pizza_order_msgs) by extensions ['ignore', 'ignore_ament_install']
[0.429s] Level 1:colcon.colcon_core.package_identification:_identify(pizza_order_msgs) by extension 'ignore'
[0.429s] Level 1:colcon.colcon_core.package_identification:_identify(pizza_order_msgs) by extension 'ignore_ament_install'
[0.429s] Level 1:colcon.colcon_core.package_identification:_identify(pizza_order_msgs) by extensions ['colcon_pkg']
[0.429s] Level 1:colcon.colcon_core.package_identification:_identify(pizza_order_msgs) by extension 'colcon_pkg'
[0.429s] Level 1:colcon.colcon_core.package_identification:_identify(pizza_order_msgs) by extensions ['colcon_meta']
[0.429s] Level 1:colcon.colcon_core.package_identification:_identify(pizza_order_msgs) by extension 'colcon_meta'
[0.429s] Level 1:colcon.colcon_core.package_identification:_identify(pizza_order_msgs) by extensions ['ros']
[0.429s] Level 1:colcon.colcon_core.package_identification:_identify(pizza_order_msgs) by extension 'ros'
[0.432s] DEBUG:colcon.colcon_core.package_identification:Package 'pizza_order_msgs' with type 'ros.ament_cmake' and name 'pizza_order_msgs'
[0.432s] Level 1:colcon.colcon_core.package_identification:_identify(pizza_serving_bot) by extensions ['ignore', 'ignore_ament_install']
[0.432s] Level 1:colcon.colcon_core.package_identification:_identify(pizza_serving_bot) by extension 'ignore'
[0.432s] Level 1:colcon.colcon_core.package_identification:_identify(pizza_serving_bot) by extension 'ignore_ament_install'
[0.432s] Level 1:colcon.colcon_core.package_identification:_identify(pizza_serving_bot) by extensions ['colcon_pkg']
[0.432s] Level 1:colcon.colcon_core.package_identification:_identify(pizza_serving_bot) by extension 'colcon_pkg'
[0.432s] Level 1:colcon.colcon_core.package_identification:_identify(pizza_serving_bot) by extensions ['colcon_meta']
[0.432s] Level 1:colcon.colcon_core.package_identification:_identify(pizza_serving_bot) by extension 'colcon_meta'
[0.432s] Level 1:colcon.colcon_core.package_identification:_identify(pizza_serving_bot) by extensions ['ros']
[0.432s] Level 1:colcon.colcon_core.package_identification:_identify(pizza_serving_bot) by extension 'ros'
[0.433s] DEBUG:colcon.colcon_core.package_identification:Package 'pizza_serving_bot' with type 'ros.ament_python' and name 'pizza_serving_bot'
[0.433s] Level 1:colcon.colcon_core.package_discovery:discover_packages(recursive) using defaults
[0.433s] Level 1:colcon.colcon_core.package_discovery:discover_packages(ignore) discover
[0.433s] Level 1:colcon.colcon_core.package_discovery:discover_packages(ignore) using defaults
[0.433s] Level 1:colcon.colcon_core.package_discovery:discover_packages(path) discover
[0.433s] Level 1:colcon.colcon_core.package_discovery:discover_packages(path) using defaults
[0.448s] Level 1:colcon.colcon_core.package_discovery:discover_packages(prefix_path) check parameters
[0.448s] Level 1:colcon.colcon_core.package_discovery:discover_packages(prefix_path) discover
[0.448s] WARNING:colcon.colcon_ros.prefix_path.ament:The path '/home/viator/ws/b3_ws/install/pizza_serving_bot' in the environment variable AMENT_PREFIX_PATH doesn't exist
[0.449s] WARNING:colcon.colcon_ros.prefix_path.ament:The path '/home/viator/ws/b3_ws/install/pizza_order_msgs' in the environment variable AMENT_PREFIX_PATH doesn't exist
[0.449s] WARNING:colcon.colcon_ros.prefix_path.catkin:The path '/home/viator/ws/b3_ws/install/pizza_order_msgs' in the environment variable CMAKE_PREFIX_PATH doesn't exist
[0.450s] DEBUG:colcon.colcon_installed_package_information.package_discovery:Found 0 installed packages in /home/viator/ws/b3_ws/install
[0.450s] DEBUG:colcon.colcon_installed_package_information.package_discovery:Found 12 installed packages in /home/viator/ws/turtlebot3_ws/install
[0.451s] DEBUG:colcon.colcon_installed_package_information.package_discovery:Found 378 installed packages in /opt/ros/humble
[0.454s] Level 1:colcon.colcon_core.package_discovery:discover_packages(prefix_path) using defaults
[0.497s] Level 5:colcon.colcon_core.verb:set package 'pizza_order_msgs' build argument 'cmake_args' from command line to 'None'
[0.497s] Level 5:colcon.colcon_core.verb:set package 'pizza_order_msgs' build argument 'cmake_target' from command line to 'None'
[0.497s] Level 5:colcon.colcon_core.verb:set package 'pizza_order_msgs' build argument 'cmake_target_skip_unavailable' from command line to 'False'
[0.497s] Level 5:colcon.colcon_core.verb:set package 'pizza_order_msgs' build argument 'cmake_clean_cache' from command line to 'False'
[0.497s] Level 5:colcon.colcon_core.verb:set package 'pizza_order_msgs' build argument 'cmake_clean_first' from command line to 'False'
[0.497s] Level 5:colcon.colcon_core.verb:set package 'pizza_order_msgs' build argument 'cmake_force_configure' from command line to 'False'
[0.497s] Level 5:colcon.colcon_core.verb:set package 'pizza_order_msgs' build argument 'ament_cmake_args' from command line to 'None'
[0.497s] Level 5:colcon.colcon_core.verb:set package 'pizza_order_msgs' build argument 'catkin_cmake_args' from command line to 'None'
[0.497s] Level 5:colcon.colcon_core.verb:set package 'pizza_order_msgs' build argument 'catkin_skip_building_tests' from command line to 'False'
[0.497s] DEBUG:colcon.colcon_core.verb:Building package 'pizza_order_msgs' with the following arguments: {'ament_cmake_args': None, 'build_base': '/home/viator/ws/b3_ws/build/pizza_order_msgs', 'catkin_cmake_args': None, 'catkin_skip_building_tests': False, 'cmake_args': None, 'cmake_clean_cache': False, 'cmake_clean_first': False, 'cmake_force_configure': False, 'cmake_target': None, 'cmake_target_skip_unavailable': False, 'install_base': '/home/viator/ws/b3_ws/install/pizza_order_msgs', 'merge_install': False, 'path': '/home/viator/ws/b3_ws/pizza_order_msgs', 'symlink_install': False, 'test_result_base': None}
[0.497s] Level 5:colcon.colcon_core.verb:set package 'pizza_serving_bot' build argument 'cmake_args' from command line to 'None'
[0.497s] Level 5:colcon.colcon_core.verb:set package 'pizza_serving_bot' build argument 'cmake_target' from command line to 'None'
[0.497s] Level 5:colcon.colcon_core.verb:set package 'pizza_serving_bot' build argument 'cmake_target_skip_unavailable' from command line to 'False'
[0.497s] Level 5:colcon.colcon_core.verb:set package 'pizza_serving_bot' build argument 'cmake_clean_cache' from command line to 'False'
[0.497s] Level 5:colcon.colcon_core.verb:set package 'pizza_serving_bot' build argument 'cmake_clean_first' from command line to 'False'
[0.497s] Level 5:colcon.colcon_core.verb:set package 'pizza_serving_bot' build argument 'cmake_force_configure' from command line to 'False'
[0.497s] Level 5:colcon.colcon_core.verb:set package 'pizza_serving_bot' build argument 'ament_cmake_args' from command line to 'None'
[0.498s] Level 5:colcon.colcon_core.verb:set package 'pizza_serving_bot' build argument 'catkin_cmake_args' from command line to 'None'
[0.498s] Level 5:colcon.colcon_core.verb:set package 'pizza_serving_bot' build argument 'catkin_skip_building_tests' from command line to 'False'
[0.498s] DEBUG:colcon.colcon_core.verb:Building package 'pizza_serving_bot' with the following arguments: {'ament_cmake_args': None, 'build_base': '/home/viator/ws/b3_ws/build/pizza_serving_bot', 'catkin_cmake_args': None, 'catkin_skip_building_tests': False, 'cmake_args': None, 'cmake_clean_cache': False, 'cmake_clean_first': False, 'cmake_force_configure': False, 'cmake_target': None, 'cmake_target_skip_unavailable': False, 'install_base': '/home/viator/ws/b3_ws/install/pizza_serving_bot', 'merge_install': False, 'path': '/home/viator/ws/b3_ws/pizza_serving_bot', 'symlink_install': False, 'test_result_base': None}
[0.498s] INFO:colcon.colcon_core.executor:Executing jobs using 'parallel' executor
[0.499s] DEBUG:colcon.colcon_parallel_executor.executor.parallel:run_until_complete
[0.499s] INFO:colcon.colcon_ros.task.ament_cmake.build:Building ROS package in '/home/viator/ws/b3_ws/pizza_order_msgs' with build type 'ament_cmake'
[0.499s] INFO:colcon.colcon_cmake.task.cmake.build:Building CMake package in '/home/viator/ws/b3_ws/pizza_order_msgs'
[0.501s] INFO:colcon.colcon_core.plugin_system:Skipping extension 'colcon_core.shell.bat': Not used on non-Windows systems
[0.501s] INFO:colcon.colcon_core.shell:Skip shell extension 'powershell' for command environment: Not usable outside of PowerShell
[0.501s] DEBUG:colcon.colcon_core.shell:Skip shell extension 'dsv' for command environment
[0.509s] DEBUG:colcon.colcon_core.event_handler.log_command:Invoking command in '/home/viator/ws/b3_ws/build/pizza_order_msgs': CMAKE_PREFIX_PATH=${CMAKE_PREFIX_PATH}:/home/viator/ws/b3_ws/install/pizza_serving_bot:/home/viator/ws/turtlebot3_ws/install/turtlebot3_teleop:/home/viator/ws/turtlebot3_ws/install/turtlebot3_example:/opt/ros/humble /usr/bin/cmake /home/viator/ws/b3_ws/pizza_order_msgs -DCMAKE_INSTALL_PREFIX=/home/viator/ws/b3_ws/install/pizza_order_msgs
[2.635s] DEBUG:colcon.colcon_core.event_handler.log_command:Invoked command in '/home/viator/ws/b3_ws/build/pizza_order_msgs' returned '0': CMAKE_PREFIX_PATH=${CMAKE_PREFIX_PATH}:/home/viator/ws/b3_ws/install/pizza_serving_bot:/home/viator/ws/turtlebot3_ws/install/turtlebot3_teleop:/home/viator/ws/turtlebot3_ws/install/turtlebot3_example:/opt/ros/humble /usr/bin/cmake /home/viator/ws/b3_ws/pizza_order_msgs -DCMAKE_INSTALL_PREFIX=/home/viator/ws/b3_ws/install/pizza_order_msgs
[2.636s] DEBUG:colcon.colcon_core.event_handler.log_command:Invoking command in '/home/viator/ws/b3_ws/build/pizza_order_msgs': CMAKE_PREFIX_PATH=${CMAKE_PREFIX_PATH}:/home/viator/ws/b3_ws/install/pizza_serving_bot:/home/viator/ws/turtlebot3_ws/install/turtlebot3_teleop:/home/viator/ws/turtlebot3_ws/install/turtlebot3_example:/opt/ros/humble /usr/bin/cmake --build /home/viator/ws/b3_ws/build/pizza_order_msgs -- -j4 -l4
[10.777s] DEBUG:colcon.colcon_core.event_handler.log_command:Invoked command in '/home/viator/ws/b3_ws/build/pizza_order_msgs' returned '0': CMAKE_PREFIX_PATH=${CMAKE_PREFIX_PATH}:/home/viator/ws/b3_ws/install/pizza_serving_bot:/home/viator/ws/turtlebot3_ws/install/turtlebot3_teleop:/home/viator/ws/turtlebot3_ws/install/turtlebot3_example:/opt/ros/humble /usr/bin/cmake --build /home/viator/ws/b3_ws/build/pizza_order_msgs -- -j4 -l4
[10.913s] DEBUG:colcon.colcon_core.event_handler.log_command:Invoking command in '/home/viator/ws/b3_ws/build/pizza_order_msgs': CMAKE_PREFIX_PATH=${CMAKE_PREFIX_PATH}:/home/viator/ws/b3_ws/install/pizza_serving_bot:/home/viator/ws/turtlebot3_ws/install/turtlebot3_teleop:/home/viator/ws/turtlebot3_ws/install/turtlebot3_example:/opt/ros/humble /usr/bin/cmake --install /home/viator/ws/b3_ws/build/pizza_order_msgs
[10.987s] Level 1:colcon.colcon_core.environment:create_environment_scripts_only(pizza_order_msgs)
[10.988s] DEBUG:colcon.colcon_core.event_handler.log_command:Invoked command in '/home/viator/ws/b3_ws/build/pizza_order_msgs' returned '0': CMAKE_PREFIX_PATH=${CMAKE_PREFIX_PATH}:/home/viator/ws/b3_ws/install/pizza_serving_bot:/home/viator/ws/turtlebot3_ws/install/turtlebot3_teleop:/home/viator/ws/turtlebot3_ws/install/turtlebot3_example:/opt/ros/humble /usr/bin/cmake --install /home/viator/ws/b3_ws/build/pizza_order_msgs
[10.990s] Level 1:colcon.colcon_core.environment:checking '/home/viator/ws/b3_ws/install/pizza_order_msgs' for CMake module files
[10.990s] Level 1:colcon.colcon_core.environment:checking '/home/viator/ws/b3_ws/install/pizza_order_msgs' for CMake config files
[10.991s] Level 1:colcon.colcon_core.shell:create_environment_hook('pizza_order_msgs', 'cmake_prefix_path')
[10.991s] INFO:colcon.colcon_core.shell:Creating environment hook '/home/viator/ws/b3_ws/install/pizza_order_msgs/share/pizza_order_msgs/hook/cmake_prefix_path.ps1'
[10.992s] INFO:colcon.colcon_core.shell:Creating environment descriptor '/home/viator/ws/b3_ws/install/pizza_order_msgs/share/pizza_order_msgs/hook/cmake_prefix_path.dsv'
[10.992s] INFO:colcon.colcon_core.shell:Creating environment hook '/home/viator/ws/b3_ws/install/pizza_order_msgs/share/pizza_order_msgs/hook/cmake_prefix_path.sh'
[10.993s] Level 1:colcon.colcon_core.environment:checking '/home/viator/ws/b3_ws/install/pizza_order_msgs/lib'
[10.994s] Level 1:colcon.colcon_core.shell:create_environment_hook('pizza_order_msgs', 'ld_library_path_lib')
[10.994s] INFO:colcon.colcon_core.shell:Creating environment hook '/home/viator/ws/b3_ws/install/pizza_order_msgs/share/pizza_order_msgs/hook/ld_library_path_lib.ps1'
[10.995s] INFO:colcon.colcon_core.shell:Creating environment descriptor '/home/viator/ws/b3_ws/install/pizza_order_msgs/share/pizza_order_msgs/hook/ld_library_path_lib.dsv'
[10.995s] INFO:colcon.colcon_core.shell:Creating environment hook '/home/viator/ws/b3_ws/install/pizza_order_msgs/share/pizza_order_msgs/hook/ld_library_path_lib.sh'
[10.995s] Level 1:colcon.colcon_core.environment:checking '/home/viator/ws/b3_ws/install/pizza_order_msgs/bin'
[10.995s] Level 1:colcon.colcon_core.environment:checking '/home/viator/ws/b3_ws/install/pizza_order_msgs/lib/pkgconfig/pizza_order_msgs.pc'
[10.996s] Level 1:colcon.colcon_core.environment:checking '/home/viator/ws/b3_ws/install/pizza_order_msgs/lib/python3.10/site-packages'
[10.996s] Level 1:colcon.colcon_core.environment:checking '/home/viator/ws/b3_ws/install/pizza_order_msgs/bin'
[10.997s] INFO:colcon.colcon_core.shell:Creating package script '/home/viator/ws/b3_ws/install/pizza_order_msgs/share/pizza_order_msgs/package.ps1'
[10.998s] INFO:colcon.colcon_core.shell:Creating package descriptor '/home/viator/ws/b3_ws/install/pizza_order_msgs/share/pizza_order_msgs/package.dsv'
[10.998s] INFO:colcon.colcon_core.shell:Creating package script '/home/viator/ws/b3_ws/install/pizza_order_msgs/share/pizza_order_msgs/package.sh'
[10.999s] INFO:colcon.colcon_core.shell:Creating package script '/home/viator/ws/b3_ws/install/pizza_order_msgs/share/pizza_order_msgs/package.bash'
[11.000s] INFO:colcon.colcon_core.shell:Creating package script '/home/viator/ws/b3_ws/install/pizza_order_msgs/share/pizza_order_msgs/package.zsh'
[11.001s] Level 1:colcon.colcon_core.environment:create_file_with_runtime_dependencies(/home/viator/ws/b3_ws/install/pizza_order_msgs/share/colcon-core/packages/pizza_order_msgs)
[11.127s] Level 1:colcon.colcon_core.environment:create_environment_scripts_only(pizza_order_msgs)
[11.127s] Level 1:colcon.colcon_core.environment:checking '/home/viator/ws/b3_ws/install/pizza_order_msgs' for CMake module files
[11.127s] Level 1:colcon.colcon_core.environment:checking '/home/viator/ws/b3_ws/install/pizza_order_msgs' for CMake config files
[11.127s] Level 1:colcon.colcon_core.shell:create_environment_hook('pizza_order_msgs', 'cmake_prefix_path')
[11.128s] INFO:colcon.colcon_core.shell:Creating environment hook '/home/viator/ws/b3_ws/install/pizza_order_msgs/share/pizza_order_msgs/hook/cmake_prefix_path.ps1'
[11.128s] INFO:colcon.colcon_core.shell:Creating environment descriptor '/home/viator/ws/b3_ws/install/pizza_order_msgs/share/pizza_order_msgs/hook/cmake_prefix_path.dsv'
[11.128s] INFO:colcon.colcon_core.shell:Creating environment hook '/home/viator/ws/b3_ws/install/pizza_order_msgs/share/pizza_order_msgs/hook/cmake_prefix_path.sh'
[11.129s] Level 1:colcon.colcon_core.environment:checking '/home/viator/ws/b3_ws/install/pizza_order_msgs/lib'
[11.129s] Level 1:colcon.colcon_core.shell:create_environment_hook('pizza_order_msgs', 'ld_library_path_lib')
[11.129s] INFO:colcon.colcon_core.shell:Creating environment hook '/home/viator/ws/b3_ws/install/pizza_order_msgs/share/pizza_order_msgs/hook/ld_library_path_lib.ps1'
[11.130s] INFO:colcon.colcon_core.shell:Creating environment descriptor '/home/viator/ws/b3_ws/install/pizza_order_msgs/share/pizza_order_msgs/hook/ld_library_path_lib.dsv'
[11.130s] INFO:colcon.colcon_core.shell:Creating environment hook '/home/viator/ws/b3_ws/install/pizza_order_msgs/share/pizza_order_msgs/hook/ld_library_path_lib.sh'
[11.130s] Level 1:colcon.colcon_core.environment:checking '/home/viator/ws/b3_ws/install/pizza_order_msgs/bin'
[11.130s] Level 1:colcon.colcon_core.environment:checking '/home/viator/ws/b3_ws/install/pizza_order_msgs/lib/pkgconfig/pizza_order_msgs.pc'
[11.130s] Level 1:colcon.colcon_core.environment:checking '/home/viator/ws/b3_ws/install/pizza_order_msgs/lib/python3.10/site-packages'
[11.130s] Level 1:colcon.colcon_core.environment:checking '/home/viator/ws/b3_ws/install/pizza_order_msgs/bin'
[11.131s] INFO:colcon.colcon_core.shell:Creating package script '/home/viator/ws/b3_ws/install/pizza_order_msgs/share/pizza_order_msgs/package.ps1'
[11.131s] INFO:colcon.colcon_core.shell:Creating package descriptor '/home/viator/ws/b3_ws/install/pizza_order_msgs/share/pizza_order_msgs/package.dsv'
[11.132s] INFO:colcon.colcon_core.shell:Creating package script '/home/viator/ws/b3_ws/install/pizza_order_msgs/share/pizza_order_msgs/package.sh'
[11.132s] INFO:colcon.colcon_core.shell:Creating package script '/home/viator/ws/b3_ws/install/pizza_order_msgs/share/pizza_order_msgs/package.bash'
[11.132s] INFO:colcon.colcon_core.shell:Creating package script '/home/viator/ws/b3_ws/install/pizza_order_msgs/share/pizza_order_msgs/package.zsh'
[11.132s] Level 1:colcon.colcon_core.environment:create_file_with_runtime_dependencies(/home/viator/ws/b3_ws/install/pizza_order_msgs/share/colcon-core/packages/pizza_order_msgs)
[11.133s] INFO:colcon.colcon_ros.task.ament_python.build:Building ROS package in '/home/viator/ws/b3_ws/pizza_serving_bot' with build type 'ament_python'
[11.133s] Level 1:colcon.colcon_core.shell:create_environment_hook('pizza_serving_bot', 'ament_prefix_path')
[11.133s] INFO:colcon.colcon_core.shell:Creating environment hook '/home/viator/ws/b3_ws/install/pizza_serving_bot/share/pizza_serving_bot/hook/ament_prefix_path.ps1'
[11.134s] INFO:colcon.colcon_core.shell:Creating environment descriptor '/home/viator/ws/b3_ws/install/pizza_serving_bot/share/pizza_serving_bot/hook/ament_prefix_path.dsv'
[11.134s] INFO:colcon.colcon_core.shell:Creating environment hook '/home/viator/ws/b3_ws/install/pizza_serving_bot/share/pizza_serving_bot/hook/ament_prefix_path.sh'
[11.134s] INFO:colcon.colcon_core.shell:Skip shell extension 'powershell' for command environment: Not usable outside of PowerShell
[11.135s] DEBUG:colcon.colcon_core.shell:Skip shell extension 'dsv' for command environment
[11.568s] INFO:colcon.colcon_core.task.python.build:Building Python package in '/home/viator/ws/b3_ws/pizza_serving_bot'
[11.568s] INFO:colcon.colcon_core.shell:Skip shell extension 'powershell' for command environment: Not usable outside of PowerShell
[11.568s] DEBUG:colcon.colcon_core.shell:Skip shell extension 'dsv' for command environment
[12.317s] DEBUG:colcon.colcon_core.event_handler.log_command:Invoking command in '/home/viator/ws/b3_ws/pizza_serving_bot': LD_LIBRARY_PATH=/home/viator/ws/b3_ws/install/pizza_order_msgs/lib:/home/viator/ws/turtlebot3_ws/install/turtlebot3_msgs/lib:/home/viator/ws/turtlebot3_ws/install/dynamixel_sdk_custom_interfaces/lib:/home/viator/ws/turtlebot3_ws/install/dynamixel_sdk/lib:/opt/ros/humble/opt/rviz_ogre_vendor/lib:/opt/ros/humble/lib/x86_64-linux-gnu:/opt/ros/humble/lib:/usr/lib/x86_64-linux-gnu/gazebo-11/plugins:/usr/lib/x86_64-linux-gnu/gazebo-11/plugins:/usr/lib/x86_64-linux-gnu/gazebo-11/plugins PYTHONPATH=/home/viator/ws/b3_ws/build/pizza_serving_bot/prefix_override:/usr/lib/python3/dist-packages/colcon_core/task/python/colcon_distutils_commands:/home/viator/ws/b3_ws/install/pizza_serving_bot/lib/python3.10/site-packages:${PYTHONPATH} /usr/bin/python3 -W ignore:setup.py install is deprecated setup.py egg_info --egg-base ../build/pizza_serving_bot build --build-base /home/viator/ws/b3_ws/build/pizza_serving_bot/build install --record /home/viator/ws/b3_ws/build/pizza_serving_bot/install.log --single-version-externally-managed install_data
[13.018s] Level 1:colcon.colcon_core.environment:checking '/home/viator/ws/b3_ws/install/pizza_serving_bot' for CMake module files
[13.019s] DEBUG:colcon.colcon_core.event_handler.log_command:Invoked command in '/home/viator/ws/b3_ws/pizza_serving_bot' returned '0': LD_LIBRARY_PATH=/home/viator/ws/b3_ws/install/pizza_order_msgs/lib:/home/viator/ws/turtlebot3_ws/install/turtlebot3_msgs/lib:/home/viator/ws/turtlebot3_ws/install/dynamixel_sdk_custom_interfaces/lib:/home/viator/ws/turtlebot3_ws/install/dynamixel_sdk/lib:/opt/ros/humble/opt/rviz_ogre_vendor/lib:/opt/ros/humble/lib/x86_64-linux-gnu:/opt/ros/humble/lib:/usr/lib/x86_64-linux-gnu/gazebo-11/plugins:/usr/lib/x86_64-linux-gnu/gazebo-11/plugins:/usr/lib/x86_64-linux-gnu/gazebo-11/plugins PYTHONPATH=/home/viator/ws/b3_ws/build/pizza_serving_bot/prefix_override:/usr/lib/python3/dist-packages/colcon_core/task/python/colcon_distutils_commands:/home/viator/ws/b3_ws/install/pizza_serving_bot/lib/python3.10/site-packages:${PYTHONPATH} /usr/bin/python3 -W ignore:setup.py install is deprecated setup.py egg_info --egg-base ../build/pizza_serving_bot build --build-base /home/viator/ws/b3_ws/build/pizza_serving_bot/build install --record /home/viator/ws/b3_ws/build/pizza_serving_bot/install.log --single-version-externally-managed install_data
[13.019s] Level 1:colcon.colcon_core.environment:checking '/home/viator/ws/b3_ws/install/pizza_serving_bot' for CMake config files
[13.020s] Level 1:colcon.colcon_core.environment:checking '/home/viator/ws/b3_ws/install/pizza_serving_bot/lib'
[13.020s] Level 1:colcon.colcon_core.environment:checking '/home/viator/ws/b3_ws/install/pizza_serving_bot/bin'
[13.020s] Level 1:colcon.colcon_core.environment:checking '/home/viator/ws/b3_ws/install/pizza_serving_bot/lib/pkgconfig/pizza_serving_bot.pc'
[13.021s] Level 1:colcon.colcon_core.environment:checking '/home/viator/ws/b3_ws/install/pizza_serving_bot/lib/python3.10/site-packages'
[13.021s] Level 1:colcon.colcon_core.shell:create_environment_hook('pizza_serving_bot', 'pythonpath')
[13.021s] INFO:colcon.colcon_core.shell:Creating environment hook '/home/viator/ws/b3_ws/install/pizza_serving_bot/share/pizza_serving_bot/hook/pythonpath.ps1'
[13.021s] INFO:colcon.colcon_core.shell:Creating environment descriptor '/home/viator/ws/b3_ws/install/pizza_serving_bot/share/pizza_serving_bot/hook/pythonpath.dsv'
[13.022s] INFO:colcon.colcon_core.shell:Creating environment hook '/home/viator/ws/b3_ws/install/pizza_serving_bot/share/pizza_serving_bot/hook/pythonpath.sh'
[13.022s] Level 1:colcon.colcon_core.environment:checking '/home/viator/ws/b3_ws/install/pizza_serving_bot/bin'
[13.022s] Level 1:colcon.colcon_core.environment:create_environment_scripts_only(pizza_serving_bot)
[13.023s] INFO:colcon.colcon_core.shell:Creating package script '/home/viator/ws/b3_ws/install/pizza_serving_bot/share/pizza_serving_bot/package.ps1'
[13.023s] INFO:colcon.colcon_core.shell:Creating package descriptor '/home/viator/ws/b3_ws/install/pizza_serving_bot/share/pizza_serving_bot/package.dsv'
[13.023s] INFO:colcon.colcon_core.shell:Creating package script '/home/viator/ws/b3_ws/install/pizza_serving_bot/share/pizza_serving_bot/package.sh'
[13.024s] INFO:colcon.colcon_core.shell:Creating package script '/home/viator/ws/b3_ws/install/pizza_serving_bot/share/pizza_serving_bot/package.bash'
[13.024s] INFO:colcon.colcon_core.shell:Creating package script '/home/viator/ws/b3_ws/install/pizza_serving_bot/share/pizza_serving_bot/package.zsh'
[13.024s] Level 1:colcon.colcon_core.environment:create_file_with_runtime_dependencies(/home/viator/ws/b3_ws/install/pizza_serving_bot/share/colcon-core/packages/pizza_serving_bot)
[13.025s] DEBUG:colcon.colcon_parallel_executor.executor.parallel:closing loop
[13.025s] DEBUG:colcon.colcon_parallel_executor.executor.parallel:loop closed
[13.025s] DEBUG:colcon.colcon_parallel_executor.executor.parallel:run_until_complete finished with '0'
[13.025s] DEBUG:colcon.colcon_core.event_reactor:joining thread
[13.032s] INFO:colcon.colcon_core.plugin_system:Skipping extension 'colcon_notification.desktop_notification.terminal_notifier': Not used on non-Darwin systems
[13.032s] INFO:colcon.colcon_core.plugin_system:Skipping extension 'colcon_notification.desktop_notification.win32': Not used on non-Windows systems
[13.032s] INFO:colcon.colcon_notification.desktop_notification:Sending desktop notification using 'notify2'
[13.050s] DEBUG:colcon.colcon_core.event_reactor:joined thread
[13.050s] INFO:colcon.colcon_core.shell:Creating prefix script '/home/viator/ws/b3_ws/install/local_setup.ps1'
[13.052s] INFO:colcon.colcon_core.shell:Creating prefix util module '/home/viator/ws/b3_ws/install/_local_setup_util_ps1.py'
[13.054s] INFO:colcon.colcon_core.shell:Creating prefix chain script '/home/viator/ws/b3_ws/install/setup.ps1'
[13.055s] INFO:colcon.colcon_core.shell:Creating prefix script '/home/viator/ws/b3_ws/install/local_setup.sh'
[13.056s] INFO:colcon.colcon_core.shell:Creating prefix util module '/home/viator/ws/b3_ws/install/_local_setup_util_sh.py'
[13.056s] INFO:colcon.colcon_core.shell:Creating prefix chain script '/home/viator/ws/b3_ws/install/setup.sh'
[13.057s] INFO:colcon.colcon_core.shell:Creating prefix script '/home/viator/ws/b3_ws/install/local_setup.bash'
[13.058s] INFO:colcon.colcon_core.shell:Creating prefix chain script '/home/viator/ws/b3_ws/install/setup.bash'
[13.059s] INFO:colcon.colcon_core.shell:Creating prefix script '/home/viator/ws/b3_ws/install/local_setup.zsh'
[13.059s] INFO:colcon.colcon_core.shell:Creating prefix chain script '/home/viator/ws/b3_ws/install/setup.zsh'
