-- The C compiler identification is GNU 11.4.0
-- The CXX compiler identification is GNU 11.4.0
-- Detecting C compiler ABI info
-- Detecting C compiler ABI info - done
-- Check for working C compiler: /usr/bin/cc - skipped
-- Detecting C compile features
-- Detecting C compile features - done
-- Detecting CXX compiler ABI info
-- Detecting CXX compiler ABI info - done
-- Check for working CXX compiler: /usr/bin/c++ - skipped
-- Detecting CXX compile features
-- Detecting CXX compile features - done
-- Found ament_cmake: 1.3.10 (/opt/ros/humble/share/ament_cmake/cmake)
-- Found Python3: /usr/bin/python3 (found version "3.10.12") found components: Interpreter 
-- Found builtin_interfaces: 1.2.1 (/opt/ros/humble/share/builtin_interfaces/cmake)
-- Found rosidl_generator_c: 3.1.5 (/opt/ros/humble/share/rosidl_generator_c/cmake)
-- Found rosidl_adapter: 3.1.5 (/opt/ros/humble/share/rosidl_adapter/cmake)
-- Found rosidl_generator_cpp: 3.1.5 (/opt/ros/humble/share/rosidl_generator_cpp/cmake)
-- Using all available rosidl_typesupport_c: rosidl_typesupport_fastrtps_c;rosidl_typesupport_introspection_c
-- Using all available rosidl_typesupport_cpp: rosidl_typesupport_fastrtps_cpp;rosidl_typesupport_introspection_cpp
-- Found rosidl_default_generators: 1.2.0 (/opt/ros/humble/share/rosidl_default_generators/cmake)
-- Found ament_cmake_ros: 0.10.0 (/opt/ros/humble/share/ament_cmake_ros/cmake)
-- Using all available rosidl_typesupport_c: rosidl_typesupport_fastrtps_c;rosidl_typesupport_introspection_c
-- Using all available rosidl_typesupport_cpp: rosidl_typesupport_fastrtps_cpp;rosidl_typesupport_introspection_cpp
-- Found PythonInterp: /usr/bin/python3 (found suitable version "3.10.12", minimum required is "3.6") 
-- Found python_cmake_module: 0.10.0 (/opt/ros/humble/share/python_cmake_module/cmake)
-- Found PythonLibs: /usr/lib/x86_64-linux-gnu/libpython3.10.so (found suitable version "3.10.12", minimum required is "3.5") 
-- Using PYTHON_EXECUTABLE: /usr/bin/python3
-- Using PYTHON_INCLUDE_DIRS: /usr/include/python3.10
-- Using PYTHON_LIBRARIES: /usr/lib/x86_64-linux-gnu/libpython3.10.so
-- Found PythonExtra: .so  
-- Found ament_lint_auto: 0.12.11 (/opt/ros/humble/share/ament_lint_auto/cmake)
-- Added test 'lint_cmake' to check CMake code style
-- Added test 'xmllint' to check XML markup files
-- Configuring done
-- Generating done
-- Build files have been written to: /home/viator/ws/b3_ws/build/pizza_order_msgs
[  1%] [34m[1mGenerating C code for ROS interfaces[0m
[  3%] [34m[1mGenerating C++ code for ROS interfaces[0m
[  3%] Built target ament_cmake_python_copy_pizza_order_msgs
running egg_info
creating pizza_order_msgs.egg-info
[  3%] Built target pizza_order_msgs__cpp
writing pizza_order_msgs.egg-info/PKG-INFO
writing dependency_links to pizza_order_msgs.egg-info/dependency_links.txt
writing top-level names to pizza_order_msgs.egg-info/top_level.txt
writing manifest file 'pizza_order_msgs.egg-info/SOURCES.txt'
[  4%] [34m[1mGenerating C++ type support dispatch for ROS interfaces[0m
[  6%] [34m[1mGenerating C++ type support for eProsima Fast-RTPS[0m
reading manifest file 'pizza_order_msgs.egg-info/SOURCES.txt'
writing manifest file 'pizza_order_msgs.egg-info/SOURCES.txt'
[  6%] Built target ament_cmake_python_build_pizza_order_msgs_egg
[  7%] [34m[1mGenerating C++ introspection for ROS interfaces[0m
[  9%] [32mBuilding C object CMakeFiles/pizza_order_msgs__rosidl_generator_c.dir/rosidl_generator_c/pizza_order_msgs/msg/detail/call_manager__functions.c.o[0m
[ 11%] [32mBuilding C object CMakeFiles/pizza_order_msgs__rosidl_generator_c.dir/rosidl_generator_c/pizza_order_msgs/msg/detail/order_detail__functions.c.o[0m
[ 12%] [32mBuilding C object CMakeFiles/pizza_order_msgs__rosidl_generator_c.dir/rosidl_generator_c/pizza_order_msgs/msg/detail/order_info__functions.c.o[0m
[ 14%] [32mBuilding C object CMakeFiles/pizza_order_msgs__rosidl_generator_c.dir/rosidl_generator_c/pizza_order_msgs/srv/detail/cancel_service__functions.c.o[0m
[ 15%] [32mBuilding C object CMakeFiles/pizza_order_msgs__rosidl_generator_c.dir/rosidl_generator_c/pizza_order_msgs/srv/detail/order_service__functions.c.o[0m
[ 17%] [32mBuilding CXX object CMakeFiles/pizza_order_msgs__rosidl_typesupport_cpp.dir/rosidl_typesupport_cpp/pizza_order_msgs/msg/call_manager__type_support.cpp.o[0m
[ 19%] [32m[1mLinking C shared library libpizza_order_msgs__rosidl_generator_c.so[0m
[ 19%] Built target pizza_order_msgs__rosidl_generator_c
[ 20%] [32mBuilding CXX object CMakeFiles/pizza_order_msgs__rosidl_typesupport_cpp.dir/rosidl_typesupport_cpp/pizza_order_msgs/msg/order_detail__type_support.cpp.o[0m
[ 22%] [34m[1mGenerating C type support for eProsima Fast-RTPS[0m
[ 23%] [32mBuilding CXX object CMakeFiles/pizza_order_msgs__rosidl_typesupport_cpp.dir/rosidl_typesupport_cpp/pizza_order_msgs/msg/order_info__type_support.cpp.o[0m
[ 25%] [32mBuilding CXX object CMakeFiles/pizza_order_msgs__rosidl_typesupport_fastrtps_cpp.dir/rosidl_typesupport_fastrtps_cpp/pizza_order_msgs/msg/detail/dds_fastrtps/call_manager__type_support.cpp.o[0m
[ 26%] [32mBuilding CXX object CMakeFiles/pizza_order_msgs__rosidl_typesupport_introspection_cpp.dir/rosidl_typesupport_introspection_cpp/pizza_order_msgs/msg/detail/call_manager__type_support.cpp.o[0m
[ 28%] [32mBuilding CXX object CMakeFiles/pizza_order_msgs__rosidl_typesupport_cpp.dir/rosidl_typesupport_cpp/pizza_order_msgs/srv/cancel_service__type_support.cpp.o[0m
[ 30%] [32mBuilding CXX object CMakeFiles/pizza_order_msgs__rosidl_typesupport_introspection_cpp.dir/rosidl_typesupport_introspection_cpp/pizza_order_msgs/msg/detail/order_detail__type_support.cpp.o[0m
[ 31%] [32mBuilding CXX object CMakeFiles/pizza_order_msgs__rosidl_typesupport_fastrtps_cpp.dir/rosidl_typesupport_fastrtps_cpp/pizza_order_msgs/msg/detail/dds_fastrtps/order_detail__type_support.cpp.o[0m
[ 33%] [32mBuilding CXX object CMakeFiles/pizza_order_msgs__rosidl_typesupport_cpp.dir/rosidl_typesupport_cpp/pizza_order_msgs/srv/order_service__type_support.cpp.o[0m
[ 34%] [32mBuilding CXX object CMakeFiles/pizza_order_msgs__rosidl_typesupport_fastrtps_c.dir/rosidl_typesupport_fastrtps_c/pizza_order_msgs/msg/detail/call_manager__type_support_c.cpp.o[0m
[ 36%] [32mBuilding CXX object CMakeFiles/pizza_order_msgs__rosidl_typesupport_introspection_cpp.dir/rosidl_typesupport_introspection_cpp/pizza_order_msgs/msg/detail/order_info__type_support.cpp.o[0m
[ 38%] [32m[1mLinking CXX shared library libpizza_order_msgs__rosidl_typesupport_cpp.so[0m
[ 38%] Built target pizza_order_msgs__rosidl_typesupport_cpp
[ 39%] [34m[1mGenerating C introspection for ROS interfaces[0m
[ 41%] [32mBuilding CXX object CMakeFiles/pizza_order_msgs__rosidl_typesupport_fastrtps_c.dir/rosidl_typesupport_fastrtps_c/pizza_order_msgs/msg/detail/order_detail__type_support_c.cpp.o[0m
[ 42%] [32mBuilding CXX object CMakeFiles/pizza_order_msgs__rosidl_typesupport_fastrtps_cpp.dir/rosidl_typesupport_fastrtps_cpp/pizza_order_msgs/msg/detail/dds_fastrtps/order_info__type_support.cpp.o[0m
[ 44%] [32mBuilding CXX object CMakeFiles/pizza_order_msgs__rosidl_typesupport_introspection_cpp.dir/rosidl_typesupport_introspection_cpp/pizza_order_msgs/srv/detail/cancel_service__type_support.cpp.o[0m
[ 46%] [32mBuilding CXX object CMakeFiles/pizza_order_msgs__rosidl_typesupport_fastrtps_c.dir/rosidl_typesupport_fastrtps_c/pizza_order_msgs/msg/detail/order_info__type_support_c.cpp.o[0m
[ 47%] [32mBuilding CXX object CMakeFiles/pizza_order_msgs__rosidl_typesupport_fastrtps_cpp.dir/rosidl_typesupport_fastrtps_cpp/pizza_order_msgs/srv/detail/dds_fastrtps/cancel_service__type_support.cpp.o[0m
[ 49%] [32mBuilding CXX object CMakeFiles/pizza_order_msgs__rosidl_typesupport_introspection_cpp.dir/rosidl_typesupport_introspection_cpp/pizza_order_msgs/srv/detail/order_service__type_support.cpp.o[0m
[ 50%] [32mBuilding CXX object CMakeFiles/pizza_order_msgs__rosidl_typesupport_fastrtps_c.dir/rosidl_typesupport_fastrtps_c/pizza_order_msgs/srv/detail/cancel_service__type_support_c.cpp.o[0m
[ 52%] [32mBuilding C object CMakeFiles/pizza_order_msgs__rosidl_typesupport_introspection_c.dir/rosidl_typesupport_introspection_c/pizza_order_msgs/msg/detail/call_manager__type_support.c.o[0m
[ 53%] [32mBuilding C object CMakeFiles/pizza_order_msgs__rosidl_typesupport_introspection_c.dir/rosidl_typesupport_introspection_c/pizza_order_msgs/msg/detail/order_detail__type_support.c.o[0m
[ 55%] [32mBuilding C object CMakeFiles/pizza_order_msgs__rosidl_typesupport_introspection_c.dir/rosidl_typesupport_introspection_c/pizza_order_msgs/msg/detail/order_info__type_support.c.o[0m
[ 57%] [32mBuilding C object CMakeFiles/pizza_order_msgs__rosidl_typesupport_introspection_c.dir/rosidl_typesupport_introspection_c/pizza_order_msgs/srv/detail/cancel_service__type_support.c.o[0m
[ 58%] [32mBuilding C object CMakeFiles/pizza_order_msgs__rosidl_typesupport_introspection_c.dir/rosidl_typesupport_introspection_c/pizza_order_msgs/srv/detail/order_service__type_support.c.o[0m
[ 60%] [32m[1mLinking C shared library libpizza_order_msgs__rosidl_typesupport_introspection_c.so[0m
[ 60%] Built target pizza_order_msgs__rosidl_typesupport_introspection_c
[ 61%] [32mBuilding CXX object CMakeFiles/pizza_order_msgs__rosidl_typesupport_fastrtps_cpp.dir/rosidl_typesupport_fastrtps_cpp/pizza_order_msgs/srv/detail/dds_fastrtps/order_service__type_support.cpp.o[0m
[ 63%] [32m[1mLinking CXX shared library libpizza_order_msgs__rosidl_typesupport_introspection_cpp.so[0m
[ 65%] [32mBuilding CXX object CMakeFiles/pizza_order_msgs__rosidl_typesupport_fastrtps_c.dir/rosidl_typesupport_fastrtps_c/pizza_order_msgs/srv/detail/order_service__type_support_c.cpp.o[0m
[ 66%] [34m[1mGenerating C type support dispatch for ROS interfaces[0m
[ 66%] Built target pizza_order_msgs__rosidl_typesupport_introspection_cpp
[ 68%] [32m[1mLinking CXX shared library libpizza_order_msgs__rosidl_typesupport_fastrtps_cpp.so[0m
[ 68%] Built target pizza_order_msgs__rosidl_typesupport_fastrtps_cpp
[ 69%] [32m[1mLinking CXX shared library libpizza_order_msgs__rosidl_typesupport_fastrtps_c.so[0m
[ 71%] [32mBuilding CXX object CMakeFiles/pizza_order_msgs__rosidl_typesupport_c.dir/rosidl_typesupport_c/pizza_order_msgs/msg/call_manager__type_support.cpp.o[0m
[ 73%] [32mBuilding CXX object CMakeFiles/pizza_order_msgs__rosidl_typesupport_c.dir/rosidl_typesupport_c/pizza_order_msgs/msg/order_info__type_support.cpp.o[0m
[ 74%] [32mBuilding CXX object CMakeFiles/pizza_order_msgs__rosidl_typesupport_c.dir/rosidl_typesupport_c/pizza_order_msgs/msg/order_detail__type_support.cpp.o[0m
[ 76%] [32mBuilding CXX object CMakeFiles/pizza_order_msgs__rosidl_typesupport_c.dir/rosidl_typesupport_c/pizza_order_msgs/srv/cancel_service__type_support.cpp.o[0m
[ 77%] [32mBuilding CXX object CMakeFiles/pizza_order_msgs__rosidl_typesupport_c.dir/rosidl_typesupport_c/pizza_order_msgs/srv/order_service__type_support.cpp.o[0m
[ 77%] Built target pizza_order_msgs__rosidl_typesupport_fastrtps_c
[ 79%] [32m[1mLinking CXX shared library libpizza_order_msgs__rosidl_typesupport_c.so[0m
[ 79%] Built target pizza_order_msgs__rosidl_typesupport_c
[ 79%] Built target pizza_order_msgs
[ 80%] [34m[1mGenerating Python code for ROS interfaces[0m
[ 80%] Built target pizza_order_msgs__py
[ 85%] [32mBuilding C object CMakeFiles/pizza_order_msgs__rosidl_generator_py.dir/rosidl_generator_py/pizza_order_msgs/srv/_cancel_service_s.c.o[0m
[ 87%] [32mBuilding C object CMakeFiles/pizza_order_msgs__rosidl_generator_py.dir/rosidl_generator_py/pizza_order_msgs/msg/_call_manager_s.c.o[0m
[ 87%] [32mBuilding C object CMakeFiles/pizza_order_msgs__rosidl_generator_py.dir/rosidl_generator_py/pizza_order_msgs/msg/_order_detail_s.c.o[0m
[ 87%] [32mBuilding C object CMakeFiles/pizza_order_msgs__rosidl_generator_py.dir/rosidl_generator_py/pizza_order_msgs/msg/_order_info_s.c.o[0m
[ 88%] [32mBuilding C object CMakeFiles/pizza_order_msgs__rosidl_generator_py.dir/rosidl_generator_py/pizza_order_msgs/srv/_order_service_s.c.o[0m
[ 90%] [32m[1mLinking C shared library rosidl_generator_py/pizza_order_msgs/libpizza_order_msgs__rosidl_generator_py.so[0m
[ 90%] Built target pizza_order_msgs__rosidl_generator_py
[ 92%] [32mBuilding C object CMakeFiles/pizza_order_msgs__rosidl_typesupport_c__pyext.dir/rosidl_generator_py/pizza_order_msgs/_pizza_order_msgs_s.ep.rosidl_typesupport_c.c.o[0m
[ 93%] [32mBuilding C object CMakeFiles/pizza_order_msgs__rosidl_typesupport_fastrtps_c__pyext.dir/rosidl_generator_py/pizza_order_msgs/_pizza_order_msgs_s.ep.rosidl_typesupport_fastrtps_c.c.o[0m
[ 95%] [32mBuilding C object CMakeFiles/pizza_order_msgs__rosidl_typesupport_introspection_c__pyext.dir/rosidl_generator_py/pizza_order_msgs/_pizza_order_msgs_s.ep.rosidl_typesupport_introspection_c.c.o[0m
[ 96%] [32m[1mLinking C shared library rosidl_generator_py/pizza_order_msgs/pizza_order_msgs_s__rosidl_typesupport_c.cpython-310-x86_64-linux-gnu.so[0m
[ 98%] [32m[1mLinking C shared library rosidl_generator_py/pizza_order_msgs/pizza_order_msgs_s__rosidl_typesupport_introspection_c.cpython-310-x86_64-linux-gnu.so[0m
[100%] [32m[1mLinking C shared library rosidl_generator_py/pizza_order_msgs/pizza_order_msgs_s__rosidl_typesupport_fastrtps_c.cpython-310-x86_64-linux-gnu.so[0m
[100%] Built target pizza_order_msgs__rosidl_typesupport_c__pyext
[100%] Built target pizza_order_msgs__rosidl_typesupport_introspection_c__pyext
[100%] Built target pizza_order_msgs__rosidl_typesupport_fastrtps_c__pyext
-- Install configuration: ""
-- Installing: /home/viator/ws/b3_ws/install/pizza_order_msgs/share/ament_index/resource_index/rosidl_interfaces/pizza_order_msgs
-- Installing: /home/viator/ws/b3_ws/install/pizza_order_msgs/include/pizza_order_msgs/pizza_order_msgs
-- Installing: /home/viator/ws/b3_ws/install/pizza_order_msgs/include/pizza_order_msgs/pizza_order_msgs/srv
-- Installing: /home/viator/ws/b3_ws/install/pizza_order_msgs/include/pizza_order_msgs/pizza_order_msgs/srv/cancel_service.h
-- Installing: /home/viator/ws/b3_ws/install/pizza_order_msgs/include/pizza_order_msgs/pizza_order_msgs/srv/order_service.h
-- Installing: /home/viator/ws/b3_ws/install/pizza_order_msgs/include/pizza_order_msgs/pizza_order_msgs/srv/detail
-- Installing: /home/viator/ws/b3_ws/install/pizza_order_msgs/include/pizza_order_msgs/pizza_order_msgs/srv/detail/order_service__functions.c
-- Installing: /home/viator/ws/b3_ws/install/pizza_order_msgs/include/pizza_order_msgs/pizza_order_msgs/srv/detail/cancel_service__type_support.h
-- Installing: /home/viator/ws/b3_ws/install/pizza_order_msgs/include/pizza_order_msgs/pizza_order_msgs/srv/detail/order_service__type_support.h
-- Installing: /home/viator/ws/b3_ws/install/pizza_order_msgs/include/pizza_order_msgs/pizza_order_msgs/srv/detail/cancel_service__functions.h
-- Installing: /home/viator/ws/b3_ws/install/pizza_order_msgs/include/pizza_order_msgs/pizza_order_msgs/srv/detail/cancel_service__functions.c
-- Installing: /home/viator/ws/b3_ws/install/pizza_order_msgs/include/pizza_order_msgs/pizza_order_msgs/srv/detail/order_service__functions.h
-- Installing: /home/viator/ws/b3_ws/install/pizza_order_msgs/include/pizza_order_msgs/pizza_order_msgs/srv/detail/cancel_service__struct.h
-- Installing: /home/viator/ws/b3_ws/install/pizza_order_msgs/include/pizza_order_msgs/pizza_order_msgs/srv/detail/order_service__struct.h
-- Installing: /home/viator/ws/b3_ws/install/pizza_order_msgs/include/pizza_order_msgs/pizza_order_msgs/msg
-- Installing: /home/viator/ws/b3_ws/install/pizza_order_msgs/include/pizza_order_msgs/pizza_order_msgs/msg/rosidl_generator_c__visibility_control.h
-- Installing: /home/viator/ws/b3_ws/install/pizza_order_msgs/include/pizza_order_msgs/pizza_order_msgs/msg/call_manager.h
-- Installing: /home/viator/ws/b3_ws/install/pizza_order_msgs/include/pizza_order_msgs/pizza_order_msgs/msg/detail
-- Installing: /home/viator/ws/b3_ws/install/pizza_order_msgs/include/pizza_order_msgs/pizza_order_msgs/msg/detail/call_manager__struct.h
-- Installing: /home/viator/ws/b3_ws/install/pizza_order_msgs/include/pizza_order_msgs/pizza_order_msgs/msg/detail/call_manager__functions.c
-- Installing: /home/viator/ws/b3_ws/install/pizza_order_msgs/include/pizza_order_msgs/pizza_order_msgs/msg/detail/call_manager__functions.h
-- Installing: /home/viator/ws/b3_ws/install/pizza_order_msgs/include/pizza_order_msgs/pizza_order_msgs/msg/detail/order_detail__functions.c
-- Installing: /home/viator/ws/b3_ws/install/pizza_order_msgs/include/pizza_order_msgs/pizza_order_msgs/msg/detail/order_detail__functions.h
-- Installing: /home/viator/ws/b3_ws/install/pizza_order_msgs/include/pizza_order_msgs/pizza_order_msgs/msg/detail/order_info__functions.h
-- Installing: /home/viator/ws/b3_ws/install/pizza_order_msgs/include/pizza_order_msgs/pizza_order_msgs/msg/detail/order_info__type_support.h
-- Installing: /home/viator/ws/b3_ws/install/pizza_order_msgs/include/pizza_order_msgs/pizza_order_msgs/msg/detail/order_detail__struct.h
-- Installing: /home/viator/ws/b3_ws/install/pizza_order_msgs/include/pizza_order_msgs/pizza_order_msgs/msg/detail/call_manager__type_support.h
-- Installing: /home/viator/ws/b3_ws/install/pizza_order_msgs/include/pizza_order_msgs/pizza_order_msgs/msg/detail/order_info__functions.c
-- Installing: /home/viator/ws/b3_ws/install/pizza_order_msgs/include/pizza_order_msgs/pizza_order_msgs/msg/detail/order_detail__type_support.h
-- Installing: /home/viator/ws/b3_ws/install/pizza_order_msgs/include/pizza_order_msgs/pizza_order_msgs/msg/detail/order_info__struct.h
-- Installing: /home/viator/ws/b3_ws/install/pizza_order_msgs/include/pizza_order_msgs/pizza_order_msgs/msg/order_detail.h
-- Installing: /home/viator/ws/b3_ws/install/pizza_order_msgs/include/pizza_order_msgs/pizza_order_msgs/msg/order_info.h
-- Installing: /home/viator/ws/b3_ws/install/pizza_order_msgs/share/pizza_order_msgs/environment/library_path.sh
-- Installing: /home/viator/ws/b3_ws/install/pizza_order_msgs/share/pizza_order_msgs/environment/library_path.dsv
-- Installing: /home/viator/ws/b3_ws/install/pizza_order_msgs/lib/libpizza_order_msgs__rosidl_generator_c.so
-- Set runtime path of "/home/viator/ws/b3_ws/install/pizza_order_msgs/lib/libpizza_order_msgs__rosidl_generator_c.so" to ""
-- Up-to-date: /home/viator/ws/b3_ws/install/pizza_order_msgs/include/pizza_order_msgs/pizza_order_msgs
-- Up-to-date: /home/viator/ws/b3_ws/install/pizza_order_msgs/include/pizza_order_msgs/pizza_order_msgs/srv
-- Up-to-date: /home/viator/ws/b3_ws/install/pizza_order_msgs/include/pizza_order_msgs/pizza_order_msgs/srv/detail
-- Installing: /home/viator/ws/b3_ws/install/pizza_order_msgs/include/pizza_order_msgs/pizza_order_msgs/srv/detail/cancel_service__rosidl_typesupport_fastrtps_c.h
-- Installing: /home/viator/ws/b3_ws/install/pizza_order_msgs/include/pizza_order_msgs/pizza_order_msgs/srv/detail/order_service__rosidl_typesupport_fastrtps_c.h
-- Up-to-date: /home/viator/ws/b3_ws/install/pizza_order_msgs/include/pizza_order_msgs/pizza_order_msgs/msg
-- Installing: /home/viator/ws/b3_ws/install/pizza_order_msgs/include/pizza_order_msgs/pizza_order_msgs/msg/rosidl_typesupport_fastrtps_c__visibility_control.h
-- Up-to-date: /home/viator/ws/b3_ws/install/pizza_order_msgs/include/pizza_order_msgs/pizza_order_msgs/msg/detail
-- Installing: /home/viator/ws/b3_ws/install/pizza_order_msgs/include/pizza_order_msgs/pizza_order_msgs/msg/detail/order_info__rosidl_typesupport_fastrtps_c.h
-- Installing: /home/viator/ws/b3_ws/install/pizza_order_msgs/include/pizza_order_msgs/pizza_order_msgs/msg/detail/order_detail__rosidl_typesupport_fastrtps_c.h
-- Installing: /home/viator/ws/b3_ws/install/pizza_order_msgs/include/pizza_order_msgs/pizza_order_msgs/msg/detail/call_manager__rosidl_typesupport_fastrtps_c.h
-- Installing: /home/viator/ws/b3_ws/install/pizza_order_msgs/lib/libpizza_order_msgs__rosidl_typesupport_fastrtps_c.so
-- Set runtime path of "/home/viator/ws/b3_ws/install/pizza_order_msgs/lib/libpizza_order_msgs__rosidl_typesupport_fastrtps_c.so" to ""
-- Up-to-date: /home/viator/ws/b3_ws/install/pizza_order_msgs/include/pizza_order_msgs/pizza_order_msgs
-- Up-to-date: /home/viator/ws/b3_ws/install/pizza_order_msgs/include/pizza_order_msgs/pizza_order_msgs/srv
-- Installing: /home/viator/ws/b3_ws/install/pizza_order_msgs/include/pizza_order_msgs/pizza_order_msgs/srv/cancel_service.hpp
-- Installing: /home/viator/ws/b3_ws/install/pizza_order_msgs/include/pizza_order_msgs/pizza_order_msgs/srv/order_service.hpp
-- Up-to-date: /home/viator/ws/b3_ws/install/pizza_order_msgs/include/pizza_order_msgs/pizza_order_msgs/srv/detail
-- Installing: /home/viator/ws/b3_ws/install/pizza_order_msgs/include/pizza_order_msgs/pizza_order_msgs/srv/detail/order_service__builder.hpp
-- Installing: /home/viator/ws/b3_ws/install/pizza_order_msgs/include/pizza_order_msgs/pizza_order_msgs/srv/detail/cancel_service__builder.hpp
-- Installing: /home/viator/ws/b3_ws/install/pizza_order_msgs/include/pizza_order_msgs/pizza_order_msgs/srv/detail/order_service__traits.hpp
-- Installing: /home/viator/ws/b3_ws/install/pizza_order_msgs/include/pizza_order_msgs/pizza_order_msgs/srv/detail/cancel_service__traits.hpp
-- Installing: /home/viator/ws/b3_ws/install/pizza_order_msgs/include/pizza_order_msgs/pizza_order_msgs/srv/detail/cancel_service__struct.hpp
-- Installing: /home/viator/ws/b3_ws/install/pizza_order_msgs/include/pizza_order_msgs/pizza_order_msgs/srv/detail/order_service__struct.hpp
-- Up-to-date: /home/viator/ws/b3_ws/install/pizza_order_msgs/include/pizza_order_msgs/pizza_order_msgs/msg
-- Installing: /home/viator/ws/b3_ws/install/pizza_order_msgs/include/pizza_order_msgs/pizza_order_msgs/msg/order_detail.hpp
-- Installing: /home/viator/ws/b3_ws/install/pizza_order_msgs/include/pizza_order_msgs/pizza_order_msgs/msg/call_manager.hpp
-- Up-to-date: /home/viator/ws/b3_ws/install/pizza_order_msgs/include/pizza_order_msgs/pizza_order_msgs/msg/detail
-- Installing: /home/viator/ws/b3_ws/install/pizza_order_msgs/include/pizza_order_msgs/pizza_order_msgs/msg/detail/call_manager__struct.hpp
-- Installing: /home/viator/ws/b3_ws/install/pizza_order_msgs/include/pizza_order_msgs/pizza_order_msgs/msg/detail/order_detail__traits.hpp
-- Installing: /home/viator/ws/b3_ws/install/pizza_order_msgs/include/pizza_order_msgs/pizza_order_msgs/msg/detail/order_info__traits.hpp
-- Installing: /home/viator/ws/b3_ws/install/pizza_order_msgs/include/pizza_order_msgs/pizza_order_msgs/msg/detail/order_info__struct.hpp
-- Installing: /home/viator/ws/b3_ws/install/pizza_order_msgs/include/pizza_order_msgs/pizza_order_msgs/msg/detail/order_detail__struct.hpp
-- Installing: /home/viator/ws/b3_ws/install/pizza_order_msgs/include/pizza_order_msgs/pizza_order_msgs/msg/detail/order_info__builder.hpp
-- Installing: /home/viator/ws/b3_ws/install/pizza_order_msgs/include/pizza_order_msgs/pizza_order_msgs/msg/detail/call_manager__traits.hpp
-- Installing: /home/viator/ws/b3_ws/install/pizza_order_msgs/include/pizza_order_msgs/pizza_order_msgs/msg/detail/order_detail__builder.hpp
-- Installing: /home/viator/ws/b3_ws/install/pizza_order_msgs/include/pizza_order_msgs/pizza_order_msgs/msg/detail/call_manager__builder.hpp
-- Installing: /home/viator/ws/b3_ws/install/pizza_order_msgs/include/pizza_order_msgs/pizza_order_msgs/msg/order_info.hpp
-- Up-to-date: /home/viator/ws/b3_ws/install/pizza_order_msgs/include/pizza_order_msgs/pizza_order_msgs
-- Up-to-date: /home/viator/ws/b3_ws/install/pizza_order_msgs/include/pizza_order_msgs/pizza_order_msgs/srv
-- Up-to-date: /home/viator/ws/b3_ws/install/pizza_order_msgs/include/pizza_order_msgs/pizza_order_msgs/srv/detail
-- Installing: /home/viator/ws/b3_ws/install/pizza_order_msgs/include/pizza_order_msgs/pizza_order_msgs/srv/detail/dds_fastrtps
-- Installing: /home/viator/ws/b3_ws/install/pizza_order_msgs/include/pizza_order_msgs/pizza_order_msgs/srv/detail/cancel_service__rosidl_typesupport_fastrtps_cpp.hpp
-- Installing: /home/viator/ws/b3_ws/install/pizza_order_msgs/include/pizza_order_msgs/pizza_order_msgs/srv/detail/order_service__rosidl_typesupport_fastrtps_cpp.hpp
-- Up-to-date: /home/viator/ws/b3_ws/install/pizza_order_msgs/include/pizza_order_msgs/pizza_order_msgs/msg
-- Installing: /home/viator/ws/b3_ws/install/pizza_order_msgs/include/pizza_order_msgs/pizza_order_msgs/msg/rosidl_typesupport_fastrtps_cpp__visibility_control.h
-- Up-to-date: /home/viator/ws/b3_ws/install/pizza_order_msgs/include/pizza_order_msgs/pizza_order_msgs/msg/detail
-- Installing: /home/viator/ws/b3_ws/install/pizza_order_msgs/include/pizza_order_msgs/pizza_order_msgs/msg/detail/dds_fastrtps
-- Installing: /home/viator/ws/b3_ws/install/pizza_order_msgs/include/pizza_order_msgs/pizza_order_msgs/msg/detail/order_info__rosidl_typesupport_fastrtps_cpp.hpp
-- Installing: /home/viator/ws/b3_ws/install/pizza_order_msgs/include/pizza_order_msgs/pizza_order_msgs/msg/detail/order_detail__rosidl_typesupport_fastrtps_cpp.hpp
-- Installing: /home/viator/ws/b3_ws/install/pizza_order_msgs/include/pizza_order_msgs/pizza_order_msgs/msg/detail/call_manager__rosidl_typesupport_fastrtps_cpp.hpp
-- Installing: /home/viator/ws/b3_ws/install/pizza_order_msgs/lib/libpizza_order_msgs__rosidl_typesupport_fastrtps_cpp.so
-- Set runtime path of "/home/viator/ws/b3_ws/install/pizza_order_msgs/lib/libpizza_order_msgs__rosidl_typesupport_fastrtps_cpp.so" to ""
-- Up-to-date: /home/viator/ws/b3_ws/install/pizza_order_msgs/include/pizza_order_msgs/pizza_order_msgs
-- Up-to-date: /home/viator/ws/b3_ws/install/pizza_order_msgs/include/pizza_order_msgs/pizza_order_msgs/srv
-- Up-to-date: /home/viator/ws/b3_ws/install/pizza_order_msgs/include/pizza_order_msgs/pizza_order_msgs/srv/detail
-- Installing: /home/viator/ws/b3_ws/install/pizza_order_msgs/include/pizza_order_msgs/pizza_order_msgs/srv/detail/cancel_service__type_support.c
-- Installing: /home/viator/ws/b3_ws/install/pizza_order_msgs/include/pizza_order_msgs/pizza_order_msgs/srv/detail/order_service__type_support.c
-- Installing: /home/viator/ws/b3_ws/install/pizza_order_msgs/include/pizza_order_msgs/pizza_order_msgs/srv/detail/cancel_service__rosidl_typesupport_introspection_c.h
-- Installing: /home/viator/ws/b3_ws/install/pizza_order_msgs/include/pizza_order_msgs/pizza_order_msgs/srv/detail/order_service__rosidl_typesupport_introspection_c.h
-- Up-to-date: /home/viator/ws/b3_ws/install/pizza_order_msgs/include/pizza_order_msgs/pizza_order_msgs/msg
-- Installing: /home/viator/ws/b3_ws/install/pizza_order_msgs/include/pizza_order_msgs/pizza_order_msgs/msg/rosidl_typesupport_introspection_c__visibility_control.h
-- Up-to-date: /home/viator/ws/b3_ws/install/pizza_order_msgs/include/pizza_order_msgs/pizza_order_msgs/msg/detail
-- Installing: /home/viator/ws/b3_ws/install/pizza_order_msgs/include/pizza_order_msgs/pizza_order_msgs/msg/detail/order_detail__rosidl_typesupport_introspection_c.h
-- Installing: /home/viator/ws/b3_ws/install/pizza_order_msgs/include/pizza_order_msgs/pizza_order_msgs/msg/detail/order_detail__type_support.c
-- Installing: /home/viator/ws/b3_ws/install/pizza_order_msgs/include/pizza_order_msgs/pizza_order_msgs/msg/detail/order_info__rosidl_typesupport_introspection_c.h
-- Installing: /home/viator/ws/b3_ws/install/pizza_order_msgs/include/pizza_order_msgs/pizza_order_msgs/msg/detail/order_info__type_support.c
-- Installing: /home/viator/ws/b3_ws/install/pizza_order_msgs/include/pizza_order_msgs/pizza_order_msgs/msg/detail/call_manager__type_support.c
-- Installing: /home/viator/ws/b3_ws/install/pizza_order_msgs/include/pizza_order_msgs/pizza_order_msgs/msg/detail/call_manager__rosidl_typesupport_introspection_c.h
-- Installing: /home/viator/ws/b3_ws/install/pizza_order_msgs/lib/libpizza_order_msgs__rosidl_typesupport_introspection_c.so
-- Set runtime path of "/home/viator/ws/b3_ws/install/pizza_order_msgs/lib/libpizza_order_msgs__rosidl_typesupport_introspection_c.so" to ""
-- Installing: /home/viator/ws/b3_ws/install/pizza_order_msgs/lib/libpizza_order_msgs__rosidl_typesupport_c.so
-- Set runtime path of "/home/viator/ws/b3_ws/install/pizza_order_msgs/lib/libpizza_order_msgs__rosidl_typesupport_c.so" to ""
-- Up-to-date: /home/viator/ws/b3_ws/install/pizza_order_msgs/include/pizza_order_msgs/pizza_order_msgs
-- Up-to-date: /home/viator/ws/b3_ws/install/pizza_order_msgs/include/pizza_order_msgs/pizza_order_msgs/srv
-- Up-to-date: /home/viator/ws/b3_ws/install/pizza_order_msgs/include/pizza_order_msgs/pizza_order_msgs/srv/detail
-- Installing: /home/viator/ws/b3_ws/install/pizza_order_msgs/include/pizza_order_msgs/pizza_order_msgs/srv/detail/cancel_service__type_support.cpp
-- Installing: /home/viator/ws/b3_ws/install/pizza_order_msgs/include/pizza_order_msgs/pizza_order_msgs/srv/detail/order_service__type_support.cpp
-- Installing: /home/viator/ws/b3_ws/install/pizza_order_msgs/include/pizza_order_msgs/pizza_order_msgs/srv/detail/order_service__rosidl_typesupport_introspection_cpp.hpp
-- Installing: /home/viator/ws/b3_ws/install/pizza_order_msgs/include/pizza_order_msgs/pizza_order_msgs/srv/detail/cancel_service__rosidl_typesupport_introspection_cpp.hpp
-- Up-to-date: /home/viator/ws/b3_ws/install/pizza_order_msgs/include/pizza_order_msgs/pizza_order_msgs/msg
-- Up-to-date: /home/viator/ws/b3_ws/install/pizza_order_msgs/include/pizza_order_msgs/pizza_order_msgs/msg/detail
-- Installing: /home/viator/ws/b3_ws/install/pizza_order_msgs/include/pizza_order_msgs/pizza_order_msgs/msg/detail/order_detail__rosidl_typesupport_introspection_cpp.hpp
-- Installing: /home/viator/ws/b3_ws/install/pizza_order_msgs/include/pizza_order_msgs/pizza_order_msgs/msg/detail/order_info__type_support.cpp
-- Installing: /home/viator/ws/b3_ws/install/pizza_order_msgs/include/pizza_order_msgs/pizza_order_msgs/msg/detail/order_info__rosidl_typesupport_introspection_cpp.hpp
-- Installing: /home/viator/ws/b3_ws/install/pizza_order_msgs/include/pizza_order_msgs/pizza_order_msgs/msg/detail/call_manager__type_support.cpp
-- Installing: /home/viator/ws/b3_ws/install/pizza_order_msgs/include/pizza_order_msgs/pizza_order_msgs/msg/detail/order_detail__type_support.cpp
-- Installing: /home/viator/ws/b3_ws/install/pizza_order_msgs/include/pizza_order_msgs/pizza_order_msgs/msg/detail/call_manager__rosidl_typesupport_introspection_cpp.hpp
-- Installing: /home/viator/ws/b3_ws/install/pizza_order_msgs/lib/libpizza_order_msgs__rosidl_typesupport_introspection_cpp.so
-- Set runtime path of "/home/viator/ws/b3_ws/install/pizza_order_msgs/lib/libpizza_order_msgs__rosidl_typesupport_introspection_cpp.so" to ""
-- Installing: /home/viator/ws/b3_ws/install/pizza_order_msgs/lib/libpizza_order_msgs__rosidl_typesupport_cpp.so
-- Set runtime path of "/home/viator/ws/b3_ws/install/pizza_order_msgs/lib/libpizza_order_msgs__rosidl_typesupport_cpp.so" to ""
-- Installing: /home/viator/ws/b3_ws/install/pizza_order_msgs/share/pizza_order_msgs/environment/pythonpath.sh
-- Installing: /home/viator/ws/b3_ws/install/pizza_order_msgs/share/pizza_order_msgs/environment/pythonpath.dsv
-- Installing: /home/viator/ws/b3_ws/install/pizza_order_msgs/local/lib/python3.10/dist-packages/pizza_order_msgs-0.0.0-py3.10.egg-info
-- Installing: /home/viator/ws/b3_ws/install/pizza_order_msgs/local/lib/python3.10/dist-packages/pizza_order_msgs-0.0.0-py3.10.egg-info/dependency_links.txt
-- Installing: /home/viator/ws/b3_ws/install/pizza_order_msgs/local/lib/python3.10/dist-packages/pizza_order_msgs-0.0.0-py3.10.egg-info/SOURCES.txt
-- Installing: /home/viator/ws/b3_ws/install/pizza_order_msgs/local/lib/python3.10/dist-packages/pizza_order_msgs-0.0.0-py3.10.egg-info/top_level.txt
-- Installing: /home/viator/ws/b3_ws/install/pizza_order_msgs/local/lib/python3.10/dist-packages/pizza_order_msgs-0.0.0-py3.10.egg-info/PKG-INFO
-- Installing: /home/viator/ws/b3_ws/install/pizza_order_msgs/local/lib/python3.10/dist-packages/pizza_order_msgs
-- Installing: /home/viator/ws/b3_ws/install/pizza_order_msgs/local/lib/python3.10/dist-packages/pizza_order_msgs/srv
-- Installing: /home/viator/ws/b3_ws/install/pizza_order_msgs/local/lib/python3.10/dist-packages/pizza_order_msgs/srv/_cancel_service.py
-- Installing: /home/viator/ws/b3_ws/install/pizza_order_msgs/local/lib/python3.10/dist-packages/pizza_order_msgs/srv/__init__.py
-- Installing: /home/viator/ws/b3_ws/install/pizza_order_msgs/local/lib/python3.10/dist-packages/pizza_order_msgs/srv/_order_service_s.c
-- Installing: /home/viator/ws/b3_ws/install/pizza_order_msgs/local/lib/python3.10/dist-packages/pizza_order_msgs/srv/_cancel_service_s.c
-- Installing: /home/viator/ws/b3_ws/install/pizza_order_msgs/local/lib/python3.10/dist-packages/pizza_order_msgs/srv/_order_service.py
-- Installing: /home/viator/ws/b3_ws/install/pizza_order_msgs/local/lib/python3.10/dist-packages/pizza_order_msgs/pizza_order_msgs_s__rosidl_typesupport_introspection_c.cpython-310-x86_64-linux-gnu.so
-- Installing: /home/viator/ws/b3_ws/install/pizza_order_msgs/local/lib/python3.10/dist-packages/pizza_order_msgs/__init__.py
-- Installing: /home/viator/ws/b3_ws/install/pizza_order_msgs/local/lib/python3.10/dist-packages/pizza_order_msgs/_pizza_order_msgs_s.ep.rosidl_typesupport_c.c
-- Installing: /home/viator/ws/b3_ws/install/pizza_order_msgs/local/lib/python3.10/dist-packages/pizza_order_msgs/msg
-- Installing: /home/viator/ws/b3_ws/install/pizza_order_msgs/local/lib/python3.10/dist-packages/pizza_order_msgs/msg/_order_info_s.c
-- Installing: /home/viator/ws/b3_ws/install/pizza_order_msgs/local/lib/python3.10/dist-packages/pizza_order_msgs/msg/_order_detail.py
-- Installing: /home/viator/ws/b3_ws/install/pizza_order_msgs/local/lib/python3.10/dist-packages/pizza_order_msgs/msg/__init__.py
-- Installing: /home/viator/ws/b3_ws/install/pizza_order_msgs/local/lib/python3.10/dist-packages/pizza_order_msgs/msg/_call_manager.py
-- Installing: /home/viator/ws/b3_ws/install/pizza_order_msgs/local/lib/python3.10/dist-packages/pizza_order_msgs/msg/_order_info.py
-- Installing: /home/viator/ws/b3_ws/install/pizza_order_msgs/local/lib/python3.10/dist-packages/pizza_order_msgs/msg/_call_manager_s.c
-- Installing: /home/viator/ws/b3_ws/install/pizza_order_msgs/local/lib/python3.10/dist-packages/pizza_order_msgs/msg/_order_detail_s.c
-- Installing: /home/viator/ws/b3_ws/install/pizza_order_msgs/local/lib/python3.10/dist-packages/pizza_order_msgs/pizza_order_msgs_s__rosidl_typesupport_c.cpython-310-x86_64-linux-gnu.so
-- Installing: /home/viator/ws/b3_ws/install/pizza_order_msgs/local/lib/python3.10/dist-packages/pizza_order_msgs/_pizza_order_msgs_s.ep.rosidl_typesupport_fastrtps_c.c
-- Installing: /home/viator/ws/b3_ws/install/pizza_order_msgs/local/lib/python3.10/dist-packages/pizza_order_msgs/libpizza_order_msgs__rosidl_generator_py.so
-- Installing: /home/viator/ws/b3_ws/install/pizza_order_msgs/local/lib/python3.10/dist-packages/pizza_order_msgs/pizza_order_msgs_s__rosidl_typesupport_fastrtps_c.cpython-310-x86_64-linux-gnu.so
-- Installing: /home/viator/ws/b3_ws/install/pizza_order_msgs/local/lib/python3.10/dist-packages/pizza_order_msgs/_pizza_order_msgs_s.ep.rosidl_typesupport_introspection_c.c
Listing '/home/viator/ws/b3_ws/install/pizza_order_msgs/local/lib/python3.10/dist-packages/pizza_order_msgs'...
Compiling '/home/viator/ws/b3_ws/install/pizza_order_msgs/local/lib/python3.10/dist-packages/pizza_order_msgs/__init__.py'...
Listing '/home/viator/ws/b3_ws/install/pizza_order_msgs/local/lib/python3.10/dist-packages/pizza_order_msgs/msg'...
Compiling '/home/viator/ws/b3_ws/install/pizza_order_msgs/local/lib/python3.10/dist-packages/pizza_order_msgs/msg/__init__.py'...
Compiling '/home/viator/ws/b3_ws/install/pizza_order_msgs/local/lib/python3.10/dist-packages/pizza_order_msgs/msg/_call_manager.py'...
Compiling '/home/viator/ws/b3_ws/install/pizza_order_msgs/local/lib/python3.10/dist-packages/pizza_order_msgs/msg/_order_detail.py'...
Compiling '/home/viator/ws/b3_ws/install/pizza_order_msgs/local/lib/python3.10/dist-packages/pizza_order_msgs/msg/_order_info.py'...
Listing '/home/viator/ws/b3_ws/install/pizza_order_msgs/local/lib/python3.10/dist-packages/pizza_order_msgs/srv'...
Compiling '/home/viator/ws/b3_ws/install/pizza_order_msgs/local/lib/python3.10/dist-packages/pizza_order_msgs/srv/__init__.py'...
Compiling '/home/viator/ws/b3_ws/install/pizza_order_msgs/local/lib/python3.10/dist-packages/pizza_order_msgs/srv/_cancel_service.py'...
Compiling '/home/viator/ws/b3_ws/install/pizza_order_msgs/local/lib/python3.10/dist-packages/pizza_order_msgs/srv/_order_service.py'...
-- Installing: /home/viator/ws/b3_ws/install/pizza_order_msgs/local/lib/python3.10/dist-packages/pizza_order_msgs/pizza_order_msgs_s__rosidl_typesupport_fastrtps_c.cpython-310-x86_64-linux-gnu.so
-- Set runtime path of "/home/viator/ws/b3_ws/install/pizza_order_msgs/local/lib/python3.10/dist-packages/pizza_order_msgs/pizza_order_msgs_s__rosidl_typesupport_fastrtps_c.cpython-310-x86_64-linux-gnu.so" to ""
-- Installing: /home/viator/ws/b3_ws/install/pizza_order_msgs/local/lib/python3.10/dist-packages/pizza_order_msgs/pizza_order_msgs_s__rosidl_typesupport_introspection_c.cpython-310-x86_64-linux-gnu.so
-- Set runtime path of "/home/viator/ws/b3_ws/install/pizza_order_msgs/local/lib/python3.10/dist-packages/pizza_order_msgs/pizza_order_msgs_s__rosidl_typesupport_introspection_c.cpython-310-x86_64-linux-gnu.so" to ""
-- Installing: /home/viator/ws/b3_ws/install/pizza_order_msgs/local/lib/python3.10/dist-packages/pizza_order_msgs/pizza_order_msgs_s__rosidl_typesupport_c.cpython-310-x86_64-linux-gnu.so
-- Set runtime path of "/home/viator/ws/b3_ws/install/pizza_order_msgs/local/lib/python3.10/dist-packages/pizza_order_msgs/pizza_order_msgs_s__rosidl_typesupport_c.cpython-310-x86_64-linux-gnu.so" to ""
-- Installing: /home/viator/ws/b3_ws/install/pizza_order_msgs/lib/libpizza_order_msgs__rosidl_generator_py.so
-- Set runtime path of "/home/viator/ws/b3_ws/install/pizza_order_msgs/lib/libpizza_order_msgs__rosidl_generator_py.so" to ""
-- Installing: /home/viator/ws/b3_ws/install/pizza_order_msgs/share/pizza_order_msgs/msg/CallManager.idl
-- Installing: /home/viator/ws/b3_ws/install/pizza_order_msgs/share/pizza_order_msgs/msg/OrderDetail.idl
-- Installing: /home/viator/ws/b3_ws/install/pizza_order_msgs/share/pizza_order_msgs/msg/OrderInfo.idl
-- Installing: /home/viator/ws/b3_ws/install/pizza_order_msgs/share/pizza_order_msgs/srv/CancelService.idl
-- Installing: /home/viator/ws/b3_ws/install/pizza_order_msgs/share/pizza_order_msgs/srv/OrderService.idl
-- Installing: /home/viator/ws/b3_ws/install/pizza_order_msgs/share/pizza_order_msgs/msg/CallManager.msg
-- Installing: /home/viator/ws/b3_ws/install/pizza_order_msgs/share/pizza_order_msgs/msg/OrderDetail.msg
-- Installing: /home/viator/ws/b3_ws/install/pizza_order_msgs/share/pizza_order_msgs/msg/OrderInfo.msg
-- Installing: /home/viator/ws/b3_ws/install/pizza_order_msgs/share/pizza_order_msgs/srv/CancelService.srv
-- Installing: /home/viator/ws/b3_ws/install/pizza_order_msgs/share/pizza_order_msgs/srv/CancelService_Request.msg
-- Installing: /home/viator/ws/b3_ws/install/pizza_order_msgs/share/pizza_order_msgs/srv/CancelService_Response.msg
-- Installing: /home/viator/ws/b3_ws/install/pizza_order_msgs/share/pizza_order_msgs/srv/OrderService.srv
-- Installing: /home/viator/ws/b3_ws/install/pizza_order_msgs/share/pizza_order_msgs/srv/OrderService_Request.msg
-- Installing: /home/viator/ws/b3_ws/install/pizza_order_msgs/share/pizza_order_msgs/srv/OrderService_Response.msg
-- Installing: /home/viator/ws/b3_ws/install/pizza_order_msgs/share/ament_index/resource_index/package_run_dependencies/pizza_order_msgs
-- Installing: /home/viator/ws/b3_ws/install/pizza_order_msgs/share/ament_index/resource_index/parent_prefix_path/pizza_order_msgs
-- Installing: /home/viator/ws/b3_ws/install/pizza_order_msgs/share/pizza_order_msgs/environment/ament_prefix_path.sh
-- Installing: /home/viator/ws/b3_ws/install/pizza_order_msgs/share/pizza_order_msgs/environment/ament_prefix_path.dsv
-- Installing: /home/viator/ws/b3_ws/install/pizza_order_msgs/share/pizza_order_msgs/environment/path.sh
-- Installing: /home/viator/ws/b3_ws/install/pizza_order_msgs/share/pizza_order_msgs/environment/path.dsv
-- Installing: /home/viator/ws/b3_ws/install/pizza_order_msgs/share/pizza_order_msgs/local_setup.bash
-- Installing: /home/viator/ws/b3_ws/install/pizza_order_msgs/share/pizza_order_msgs/local_setup.sh
-- Installing: /home/viator/ws/b3_ws/install/pizza_order_msgs/share/pizza_order_msgs/local_setup.zsh
-- Installing: /home/viator/ws/b3_ws/install/pizza_order_msgs/share/pizza_order_msgs/local_setup.dsv
-- Installing: /home/viator/ws/b3_ws/install/pizza_order_msgs/share/pizza_order_msgs/package.dsv
-- Installing: /home/viator/ws/b3_ws/install/pizza_order_msgs/share/ament_index/resource_index/packages/pizza_order_msgs
-- Installing: /home/viator/ws/b3_ws/install/pizza_order_msgs/share/pizza_order_msgs/cmake/export_pizza_order_msgs__rosidl_generator_cExport.cmake
-- Installing: /home/viator/ws/b3_ws/install/pizza_order_msgs/share/pizza_order_msgs/cmake/export_pizza_order_msgs__rosidl_generator_cExport-noconfig.cmake
-- Installing: /home/viator/ws/b3_ws/install/pizza_order_msgs/share/pizza_order_msgs/cmake/export_pizza_order_msgs__rosidl_typesupport_fastrtps_cExport.cmake
-- Installing: /home/viator/ws/b3_ws/install/pizza_order_msgs/share/pizza_order_msgs/cmake/export_pizza_order_msgs__rosidl_typesupport_fastrtps_cExport-noconfig.cmake
-- Installing: /home/viator/ws/b3_ws/install/pizza_order_msgs/share/pizza_order_msgs/cmake/export_pizza_order_msgs__rosidl_generator_cppExport.cmake
-- Installing: /home/viator/ws/b3_ws/install/pizza_order_msgs/share/pizza_order_msgs/cmake/export_pizza_order_msgs__rosidl_typesupport_fastrtps_cppExport.cmake
-- Installing: /home/viator/ws/b3_ws/install/pizza_order_msgs/share/pizza_order_msgs/cmake/export_pizza_order_msgs__rosidl_typesupport_fastrtps_cppExport-noconfig.cmake
-- Installing: /home/viator/ws/b3_ws/install/pizza_order_msgs/share/pizza_order_msgs/cmake/pizza_order_msgs__rosidl_typesupport_introspection_cExport.cmake
-- Installing: /home/viator/ws/b3_ws/install/pizza_order_msgs/share/pizza_order_msgs/cmake/pizza_order_msgs__rosidl_typesupport_introspection_cExport-noconfig.cmake
-- Installing: /home/viator/ws/b3_ws/install/pizza_order_msgs/share/pizza_order_msgs/cmake/pizza_order_msgs__rosidl_typesupport_cExport.cmake
-- Installing: /home/viator/ws/b3_ws/install/pizza_order_msgs/share/pizza_order_msgs/cmake/pizza_order_msgs__rosidl_typesupport_cExport-noconfig.cmake
-- Installing: /home/viator/ws/b3_ws/install/pizza_order_msgs/share/pizza_order_msgs/cmake/pizza_order_msgs__rosidl_typesupport_introspection_cppExport.cmake
-- Installing: /home/viator/ws/b3_ws/install/pizza_order_msgs/share/pizza_order_msgs/cmake/pizza_order_msgs__rosidl_typesupport_introspection_cppExport-noconfig.cmake
-- Installing: /home/viator/ws/b3_ws/install/pizza_order_msgs/share/pizza_order_msgs/cmake/pizza_order_msgs__rosidl_typesupport_cppExport.cmake
-- Installing: /home/viator/ws/b3_ws/install/pizza_order_msgs/share/pizza_order_msgs/cmake/pizza_order_msgs__rosidl_typesupport_cppExport-noconfig.cmake
-- Installing: /home/viator/ws/b3_ws/install/pizza_order_msgs/share/pizza_order_msgs/cmake/export_pizza_order_msgs__rosidl_generator_pyExport.cmake
-- Installing: /home/viator/ws/b3_ws/install/pizza_order_msgs/share/pizza_order_msgs/cmake/export_pizza_order_msgs__rosidl_generator_pyExport-noconfig.cmake
-- Installing: /home/viator/ws/b3_ws/install/pizza_order_msgs/share/pizza_order_msgs/cmake/rosidl_cmake-extras.cmake
-- Installing: /home/viator/ws/b3_ws/install/pizza_order_msgs/share/pizza_order_msgs/cmake/ament_cmake_export_dependencies-extras.cmake
-- Installing: /home/viator/ws/b3_ws/install/pizza_order_msgs/share/pizza_order_msgs/cmake/ament_cmake_export_include_directories-extras.cmake
-- Installing: /home/viator/ws/b3_ws/install/pizza_order_msgs/share/pizza_order_msgs/cmake/ament_cmake_export_libraries-extras.cmake
-- Installing: /home/viator/ws/b3_ws/install/pizza_order_msgs/share/pizza_order_msgs/cmake/ament_cmake_export_targets-extras.cmake
-- Installing: /home/viator/ws/b3_ws/install/pizza_order_msgs/share/pizza_order_msgs/cmake/rosidl_cmake_export_typesupport_targets-extras.cmake
-- Installing: /home/viator/ws/b3_ws/install/pizza_order_msgs/share/pizza_order_msgs/cmake/rosidl_cmake_export_typesupport_libraries-extras.cmake
-- Installing: /home/viator/ws/b3_ws/install/pizza_order_msgs/share/pizza_order_msgs/cmake/pizza_order_msgsConfig.cmake
-- Installing: /home/viator/ws/b3_ws/install/pizza_order_msgs/share/pizza_order_msgs/cmake/pizza_order_msgsConfig-version.cmake
-- Installing: /home/viator/ws/b3_ws/install/pizza_order_msgs/share/pizza_order_msgs/package.xml
