[0.010s] Invoking command in '/home/viator/ws/b3_ws/build/pizza_order_msgs': CMAKE_PREFIX_PATH=${CMAKE_PREFIX_PATH}:/home/viator/ws/b3_ws/install/pizza_serving_bot:/home/viator/ws/turtlebot3_ws/install/turtlebot3_teleop:/home/viator/ws/turtlebot3_ws/install/turtlebot3_example:/opt/ros/humble /usr/bin/cmake /home/viator/ws/b3_ws/pizza_order_msgs -DCMAKE_INSTALL_PREFIX=/home/viator/ws/b3_ws/install/pizza_order_msgs
[0.063s] -- The C compiler identification is GNU 11.4.0
[0.113s] -- The CXX compiler identification is GNU 11.4.0
[0.120s] -- Detecting C compiler ABI info
[0.183s] -- Detecting C compiler ABI info - done
[0.189s] -- Check for working C compiler: /usr/bin/cc - skipped
[0.189s] -- Detecting C compile features
[0.189s] -- Detecting C compile features - done
[0.192s] -- Detecting CXX compiler ABI info
[0.278s] -- Detecting CXX compiler ABI info - done
[0.287s] -- Check for working CXX compiler: /usr/bin/c++ - skipped
[0.287s] -- Detecting CXX compile features
[0.287s] -- Detecting CXX compile features - done
[0.290s] -- Found ament_cmake: 1.3.10 (/opt/ros/humble/share/ament_cmake/cmake)
[1.042s] -- Found Python3: /usr/bin/python3 (found version "3.10.12") found components: Interpreter 
[1.142s] -- Found builtin_interfaces: 1.2.1 (/opt/ros/humble/share/builtin_interfaces/cmake)
[1.177s] -- Found rosidl_generator_c: 3.1.5 (/opt/ros/humble/share/rosidl_generator_c/cmake)
[1.183s] -- Found rosidl_adapter: 3.1.5 (/opt/ros/humble/share/rosidl_adapter/cmake)
[1.192s] -- Found rosidl_generator_cpp: 3.1.5 (/opt/ros/humble/share/rosidl_generator_cpp/cmake)
[1.204s] -- Using all available rosidl_typesupport_c: rosidl_typesupport_fastrtps_c;rosidl_typesupport_introspection_c
[1.222s] -- Using all available rosidl_typesupport_cpp: rosidl_typesupport_fastrtps_cpp;rosidl_typesupport_introspection_cpp
[1.238s] -- Found rosidl_default_generators: 1.2.0 (/opt/ros/humble/share/rosidl_default_generators/cmake)
[1.529s] -- Found ament_cmake_ros: 0.10.0 (/opt/ros/humble/share/ament_cmake_ros/cmake)
[1.838s] -- Using all available rosidl_typesupport_c: rosidl_typesupport_fastrtps_c;rosidl_typesupport_introspection_c
[1.956s] -- Using all available rosidl_typesupport_cpp: rosidl_typesupport_fastrtps_cpp;rosidl_typesupport_introspection_cpp
[1.979s] -- Found PythonInterp: /usr/bin/python3 (found suitable version "3.10.12", minimum required is "3.6") 
[1.981s] -- Found python_cmake_module: 0.10.0 (/opt/ros/humble/share/python_cmake_module/cmake)
[2.007s] -- Found PythonLibs: /usr/lib/x86_64-linux-gnu/libpython3.10.so (found suitable version "3.10.12", minimum required is "3.5") 
[2.007s] -- Using PYTHON_EXECUTABLE: /usr/bin/python3
[2.007s] -- Using PYTHON_INCLUDE_DIRS: /usr/include/python3.10
[2.007s] -- Using PYTHON_LIBRARIES: /usr/lib/x86_64-linux-gnu/libpython3.10.so
[2.031s] -- Found PythonExtra: .so  
[2.069s] -- Found ament_lint_auto: 0.12.11 (/opt/ros/humble/share/ament_lint_auto/cmake)
[2.089s] -- Added test 'lint_cmake' to check CMake code style
[2.090s] -- Added test 'xmllint' to check XML markup files
[2.092s] -- Configuring done
[2.125s] -- Generating done
[2.128s] -- Build files have been written to: /home/viator/ws/b3_ws/build/pizza_order_msgs
[2.135s] Invoked command in '/home/viator/ws/b3_ws/build/pizza_order_msgs' returned '0': CMAKE_PREFIX_PATH=${CMAKE_PREFIX_PATH}:/home/viator/ws/b3_ws/install/pizza_serving_bot:/home/viator/ws/turtlebot3_ws/install/turtlebot3_teleop:/home/viator/ws/turtlebot3_ws/install/turtlebot3_example:/opt/ros/humble /usr/bin/cmake /home/viator/ws/b3_ws/pizza_order_msgs -DCMAKE_INSTALL_PREFIX=/home/viator/ws/b3_ws/install/pizza_order_msgs
[2.137s] Invoking command in '/home/viator/ws/b3_ws/build/pizza_order_msgs': CMAKE_PREFIX_PATH=${CMAKE_PREFIX_PATH}:/home/viator/ws/b3_ws/install/pizza_serving_bot:/home/viator/ws/turtlebot3_ws/install/turtlebot3_teleop:/home/viator/ws/turtlebot3_ws/install/turtlebot3_example:/opt/ros/humble /usr/bin/cmake --build /home/viator/ws/b3_ws/build/pizza_order_msgs -- -j4 -l4
[2.179s] [  1%] [34m[1mGenerating C code for ROS interfaces[0m
[2.193s] [  3%] [34m[1mGenerating C++ code for ROS interfaces[0m
[2.198s] [  3%] Built target ament_cmake_python_copy_pizza_order_msgs
[2.874s] running egg_info
[2.879s] creating pizza_order_msgs.egg-info
[2.911s] [  3%] Built target pizza_order_msgs__cpp
[2.920s] writing pizza_order_msgs.egg-info/PKG-INFO
[2.920s] writing dependency_links to pizza_order_msgs.egg-info/dependency_links.txt
[2.920s] writing top-level names to pizza_order_msgs.egg-info/top_level.txt
[2.920s] writing manifest file 'pizza_order_msgs.egg-info/SOURCES.txt'
[2.931s] [  4%] [34m[1mGenerating C++ type support dispatch for ROS interfaces[0m
[2.937s] [  6%] [34m[1mGenerating C++ type support for eProsima Fast-RTPS[0m
[3.020s] reading manifest file 'pizza_order_msgs.egg-info/SOURCES.txt'
[3.023s] writing manifest file 'pizza_order_msgs.egg-info/SOURCES.txt'
[3.116s] [  6%] Built target ament_cmake_python_build_pizza_order_msgs_egg
[3.144s] [  7%] [34m[1mGenerating C++ introspection for ROS interfaces[0m
[3.326s] [  9%] [32mBuilding C object CMakeFiles/pizza_order_msgs__rosidl_generator_c.dir/rosidl_generator_c/pizza_order_msgs/msg/detail/call_manager__functions.c.o[0m
[3.387s] [ 11%] [32mBuilding C object CMakeFiles/pizza_order_msgs__rosidl_generator_c.dir/rosidl_generator_c/pizza_order_msgs/msg/detail/order_detail__functions.c.o[0m
[3.453s] [ 12%] [32mBuilding C object CMakeFiles/pizza_order_msgs__rosidl_generator_c.dir/rosidl_generator_c/pizza_order_msgs/msg/detail/order_info__functions.c.o[0m
[3.522s] [ 14%] [32mBuilding C object CMakeFiles/pizza_order_msgs__rosidl_generator_c.dir/rosidl_generator_c/pizza_order_msgs/srv/detail/cancel_service__functions.c.o[0m
[3.618s] [ 15%] [32mBuilding C object CMakeFiles/pizza_order_msgs__rosidl_generator_c.dir/rosidl_generator_c/pizza_order_msgs/srv/detail/order_service__functions.c.o[0m
[3.662s] [ 17%] [32mBuilding CXX object CMakeFiles/pizza_order_msgs__rosidl_typesupport_cpp.dir/rosidl_typesupport_cpp/pizza_order_msgs/msg/call_manager__type_support.cpp.o[0m
[3.696s] [ 19%] [32m[1mLinking C shared library libpizza_order_msgs__rosidl_generator_c.so[0m
[3.749s] [ 19%] Built target pizza_order_msgs__rosidl_generator_c
[3.763s] [ 20%] [32mBuilding CXX object CMakeFiles/pizza_order_msgs__rosidl_typesupport_cpp.dir/rosidl_typesupport_cpp/pizza_order_msgs/msg/order_detail__type_support.cpp.o[0m
[4.055s] [ 22%] [34m[1mGenerating C type support for eProsima Fast-RTPS[0m
[4.204s] [ 23%] [32mBuilding CXX object CMakeFiles/pizza_order_msgs__rosidl_typesupport_cpp.dir/rosidl_typesupport_cpp/pizza_order_msgs/msg/order_info__type_support.cpp.o[0m
[4.363s] [ 25%] [32mBuilding CXX object CMakeFiles/pizza_order_msgs__rosidl_typesupport_fastrtps_cpp.dir/rosidl_typesupport_fastrtps_cpp/pizza_order_msgs/msg/detail/dds_fastrtps/call_manager__type_support.cpp.o[0m
[4.503s] [ 26%] [32mBuilding CXX object CMakeFiles/pizza_order_msgs__rosidl_typesupport_introspection_cpp.dir/rosidl_typesupport_introspection_cpp/pizza_order_msgs/msg/detail/call_manager__type_support.cpp.o[0m
[4.755s] [ 28%] [32mBuilding CXX object CMakeFiles/pizza_order_msgs__rosidl_typesupport_cpp.dir/rosidl_typesupport_cpp/pizza_order_msgs/srv/cancel_service__type_support.cpp.o[0m
[5.189s] [ 30%] [32mBuilding CXX object CMakeFiles/pizza_order_msgs__rosidl_typesupport_introspection_cpp.dir/rosidl_typesupport_introspection_cpp/pizza_order_msgs/msg/detail/order_detail__type_support.cpp.o[0m
[5.416s] [ 31%] [32mBuilding CXX object CMakeFiles/pizza_order_msgs__rosidl_typesupport_fastrtps_cpp.dir/rosidl_typesupport_fastrtps_cpp/pizza_order_msgs/msg/detail/dds_fastrtps/order_detail__type_support.cpp.o[0m
[5.618s] [ 33%] [32mBuilding CXX object CMakeFiles/pizza_order_msgs__rosidl_typesupport_cpp.dir/rosidl_typesupport_cpp/pizza_order_msgs/srv/order_service__type_support.cpp.o[0m
[5.700s] [ 34%] [32mBuilding CXX object CMakeFiles/pizza_order_msgs__rosidl_typesupport_fastrtps_c.dir/rosidl_typesupport_fastrtps_c/pizza_order_msgs/msg/detail/call_manager__type_support_c.cpp.o[0m
[5.743s] [ 36%] [32mBuilding CXX object CMakeFiles/pizza_order_msgs__rosidl_typesupport_introspection_cpp.dir/rosidl_typesupport_introspection_cpp/pizza_order_msgs/msg/detail/order_info__type_support.cpp.o[0m
[6.097s] [ 38%] [32m[1mLinking CXX shared library libpizza_order_msgs__rosidl_typesupport_cpp.so[0m
[6.160s] [ 38%] Built target pizza_order_msgs__rosidl_typesupport_cpp
[6.192s] [ 39%] [34m[1mGenerating C introspection for ROS interfaces[0m
[6.402s] [ 41%] [32mBuilding CXX object CMakeFiles/pizza_order_msgs__rosidl_typesupport_fastrtps_c.dir/rosidl_typesupport_fastrtps_c/pizza_order_msgs/msg/detail/order_detail__type_support_c.cpp.o[0m
[6.433s] [ 42%] [32mBuilding CXX object CMakeFiles/pizza_order_msgs__rosidl_typesupport_fastrtps_cpp.dir/rosidl_typesupport_fastrtps_cpp/pizza_order_msgs/msg/detail/dds_fastrtps/order_info__type_support.cpp.o[0m
[6.778s] [ 44%] [32mBuilding CXX object CMakeFiles/pizza_order_msgs__rosidl_typesupport_introspection_cpp.dir/rosidl_typesupport_introspection_cpp/pizza_order_msgs/srv/detail/cancel_service__type_support.cpp.o[0m
[7.141s] [ 46%] [32mBuilding CXX object CMakeFiles/pizza_order_msgs__rosidl_typesupport_fastrtps_c.dir/rosidl_typesupport_fastrtps_c/pizza_order_msgs/msg/detail/order_info__type_support_c.cpp.o[0m
[7.578s] [ 47%] [32mBuilding CXX object CMakeFiles/pizza_order_msgs__rosidl_typesupport_fastrtps_cpp.dir/rosidl_typesupport_fastrtps_cpp/pizza_order_msgs/srv/detail/dds_fastrtps/cancel_service__type_support.cpp.o[0m
[7.645s] [ 49%] [32mBuilding CXX object CMakeFiles/pizza_order_msgs__rosidl_typesupport_introspection_cpp.dir/rosidl_typesupport_introspection_cpp/pizza_order_msgs/srv/detail/order_service__type_support.cpp.o[0m
[7.704s] [ 50%] [32mBuilding CXX object CMakeFiles/pizza_order_msgs__rosidl_typesupport_fastrtps_c.dir/rosidl_typesupport_fastrtps_c/pizza_order_msgs/srv/detail/cancel_service__type_support_c.cpp.o[0m
[7.750s] [ 52%] [32mBuilding C object CMakeFiles/pizza_order_msgs__rosidl_typesupport_introspection_c.dir/rosidl_typesupport_introspection_c/pizza_order_msgs/msg/detail/call_manager__type_support.c.o[0m
[7.803s] [ 53%] [32mBuilding C object CMakeFiles/pizza_order_msgs__rosidl_typesupport_introspection_c.dir/rosidl_typesupport_introspection_c/pizza_order_msgs/msg/detail/order_detail__type_support.c.o[0m
[7.855s] [ 55%] [32mBuilding C object CMakeFiles/pizza_order_msgs__rosidl_typesupport_introspection_c.dir/rosidl_typesupport_introspection_c/pizza_order_msgs/msg/detail/order_info__type_support.c.o[0m
[7.909s] [ 57%] [32mBuilding C object CMakeFiles/pizza_order_msgs__rosidl_typesupport_introspection_c.dir/rosidl_typesupport_introspection_c/pizza_order_msgs/srv/detail/cancel_service__type_support.c.o[0m
[7.960s] [ 58%] [32mBuilding C object CMakeFiles/pizza_order_msgs__rosidl_typesupport_introspection_c.dir/rosidl_typesupport_introspection_c/pizza_order_msgs/srv/detail/order_service__type_support.c.o[0m
[8.018s] [ 60%] [32m[1mLinking C shared library libpizza_order_msgs__rosidl_typesupport_introspection_c.so[0m
[8.069s] [ 60%] Built target pizza_order_msgs__rosidl_typesupport_introspection_c
[8.088s] [ 61%] [32mBuilding CXX object CMakeFiles/pizza_order_msgs__rosidl_typesupport_fastrtps_cpp.dir/rosidl_typesupport_fastrtps_cpp/pizza_order_msgs/srv/detail/dds_fastrtps/order_service__type_support.cpp.o[0m
[8.229s] [ 63%] [32m[1mLinking CXX shared library libpizza_order_msgs__rosidl_typesupport_introspection_cpp.so[0m
[8.264s] [ 65%] [32mBuilding CXX object CMakeFiles/pizza_order_msgs__rosidl_typesupport_fastrtps_c.dir/rosidl_typesupport_fastrtps_c/pizza_order_msgs/srv/detail/order_service__type_support_c.cpp.o[0m
[8.275s] [ 66%] [34m[1mGenerating C type support dispatch for ROS interfaces[0m
[8.356s] [ 66%] Built target pizza_order_msgs__rosidl_typesupport_introspection_cpp
[8.637s] [ 68%] [32m[1mLinking CXX shared library libpizza_order_msgs__rosidl_typesupport_fastrtps_cpp.so[0m
[8.752s] [ 68%] Built target pizza_order_msgs__rosidl_typesupport_fastrtps_cpp
[8.765s] [ 69%] [32m[1mLinking CXX shared library libpizza_order_msgs__rosidl_typesupport_fastrtps_c.so[0m
[8.793s] [ 71%] [32mBuilding CXX object CMakeFiles/pizza_order_msgs__rosidl_typesupport_c.dir/rosidl_typesupport_c/pizza_order_msgs/msg/call_manager__type_support.cpp.o[0m
[8.800s] [ 73%] [32mBuilding CXX object CMakeFiles/pizza_order_msgs__rosidl_typesupport_c.dir/rosidl_typesupport_c/pizza_order_msgs/msg/order_info__type_support.cpp.o[0m
[8.801s] [ 74%] [32mBuilding CXX object CMakeFiles/pizza_order_msgs__rosidl_typesupport_c.dir/rosidl_typesupport_c/pizza_order_msgs/msg/order_detail__type_support.cpp.o[0m
[8.842s] [ 76%] [32mBuilding CXX object CMakeFiles/pizza_order_msgs__rosidl_typesupport_c.dir/rosidl_typesupport_c/pizza_order_msgs/srv/cancel_service__type_support.cpp.o[0m
[8.843s] [ 77%] [32mBuilding CXX object CMakeFiles/pizza_order_msgs__rosidl_typesupport_c.dir/rosidl_typesupport_c/pizza_order_msgs/srv/order_service__type_support.cpp.o[0m
[8.871s] [ 77%] Built target pizza_order_msgs__rosidl_typesupport_fastrtps_c
[8.882s] [ 79%] [32m[1mLinking CXX shared library libpizza_order_msgs__rosidl_typesupport_c.so[0m
[8.922s] [ 79%] Built target pizza_order_msgs__rosidl_typesupport_c
[8.942s] [ 79%] Built target pizza_order_msgs
[8.961s] [ 80%] [34m[1mGenerating Python code for ROS interfaces[0m
[9.731s] [ 80%] Built target pizza_order_msgs__py
[9.754s] [ 85%] [32mBuilding C object CMakeFiles/pizza_order_msgs__rosidl_generator_py.dir/rosidl_generator_py/pizza_order_msgs/srv/_cancel_service_s.c.o[0m
[9.754s] [ 87%] [32mBuilding C object CMakeFiles/pizza_order_msgs__rosidl_generator_py.dir/rosidl_generator_py/pizza_order_msgs/msg/_call_manager_s.c.o[0m
[9.754s] [ 87%] [32mBuilding C object CMakeFiles/pizza_order_msgs__rosidl_generator_py.dir/rosidl_generator_py/pizza_order_msgs/msg/_order_detail_s.c.o[0m
[9.755s] [ 87%] [32mBuilding C object CMakeFiles/pizza_order_msgs__rosidl_generator_py.dir/rosidl_generator_py/pizza_order_msgs/msg/_order_info_s.c.o[0m
[9.894s] [ 88%] [32mBuilding C object CMakeFiles/pizza_order_msgs__rosidl_generator_py.dir/rosidl_generator_py/pizza_order_msgs/srv/_order_service_s.c.o[0m
[9.998s] [ 90%] [32m[1mLinking C shared library rosidl_generator_py/pizza_order_msgs/libpizza_order_msgs__rosidl_generator_py.so[0m
[10.037s] [ 90%] Built target pizza_order_msgs__rosidl_generator_py
[10.061s] [ 92%] [32mBuilding C object CMakeFiles/pizza_order_msgs__rosidl_typesupport_c__pyext.dir/rosidl_generator_py/pizza_order_msgs/_pizza_order_msgs_s.ep.rosidl_typesupport_c.c.o[0m
[10.061s] [ 93%] [32mBuilding C object CMakeFiles/pizza_order_msgs__rosidl_typesupport_fastrtps_c__pyext.dir/rosidl_generator_py/pizza_order_msgs/_pizza_order_msgs_s.ep.rosidl_typesupport_fastrtps_c.c.o[0m
[10.064s] [ 95%] [32mBuilding C object CMakeFiles/pizza_order_msgs__rosidl_typesupport_introspection_c__pyext.dir/rosidl_generator_py/pizza_order_msgs/_pizza_order_msgs_s.ep.rosidl_typesupport_introspection_c.c.o[0m
[10.182s] [ 96%] [32m[1mLinking C shared library rosidl_generator_py/pizza_order_msgs/pizza_order_msgs_s__rosidl_typesupport_c.cpython-310-x86_64-linux-gnu.so[0m
[10.211s] [ 98%] [32m[1mLinking C shared library rosidl_generator_py/pizza_order_msgs/pizza_order_msgs_s__rosidl_typesupport_introspection_c.cpython-310-x86_64-linux-gnu.so[0m
[10.229s] [100%] [32m[1mLinking C shared library rosidl_generator_py/pizza_order_msgs/pizza_order_msgs_s__rosidl_typesupport_fastrtps_c.cpython-310-x86_64-linux-gnu.so[0m
[10.229s] [100%] Built target pizza_order_msgs__rosidl_typesupport_c__pyext
[10.253s] [100%] Built target pizza_order_msgs__rosidl_typesupport_introspection_c__pyext
[10.267s] [100%] Built target pizza_order_msgs__rosidl_typesupport_fastrtps_c__pyext
[10.278s] Invoked command in '/home/viator/ws/b3_ws/build/pizza_order_msgs' returned '0': CMAKE_PREFIX_PATH=${CMAKE_PREFIX_PATH}:/home/viator/ws/b3_ws/install/pizza_serving_bot:/home/viator/ws/turtlebot3_ws/install/turtlebot3_teleop:/home/viator/ws/turtlebot3_ws/install/turtlebot3_example:/opt/ros/humble /usr/bin/cmake --build /home/viator/ws/b3_ws/build/pizza_order_msgs -- -j4 -l4
[10.414s] Invoking command in '/home/viator/ws/b3_ws/build/pizza_order_msgs': CMAKE_PREFIX_PATH=${CMAKE_PREFIX_PATH}:/home/viator/ws/b3_ws/install/pizza_serving_bot:/home/viator/ws/turtlebot3_ws/install/turtlebot3_teleop:/home/viator/ws/turtlebot3_ws/install/turtlebot3_example:/opt/ros/humble /usr/bin/cmake --install /home/viator/ws/b3_ws/build/pizza_order_msgs
[10.421s] -- Install configuration: ""
[10.421s] -- Installing: /home/viator/ws/b3_ws/install/pizza_order_msgs/share/ament_index/resource_index/rosidl_interfaces/pizza_order_msgs
[10.421s] -- Installing: /home/viator/ws/b3_ws/install/pizza_order_msgs/include/pizza_order_msgs/pizza_order_msgs
[10.421s] -- Installing: /home/viator/ws/b3_ws/install/pizza_order_msgs/include/pizza_order_msgs/pizza_order_msgs/srv
[10.421s] -- Installing: /home/viator/ws/b3_ws/install/pizza_order_msgs/include/pizza_order_msgs/pizza_order_msgs/srv/cancel_service.h
[10.421s] -- Installing: /home/viator/ws/b3_ws/install/pizza_order_msgs/include/pizza_order_msgs/pizza_order_msgs/srv/order_service.h
[10.421s] -- Installing: /home/viator/ws/b3_ws/install/pizza_order_msgs/include/pizza_order_msgs/pizza_order_msgs/srv/detail
[10.421s] -- Installing: /home/viator/ws/b3_ws/install/pizza_order_msgs/include/pizza_order_msgs/pizza_order_msgs/srv/detail/order_service__functions.c
[10.421s] -- Installing: /home/viator/ws/b3_ws/install/pizza_order_msgs/include/pizza_order_msgs/pizza_order_msgs/srv/detail/cancel_service__type_support.h
[10.421s] -- Installing: /home/viator/ws/b3_ws/install/pizza_order_msgs/include/pizza_order_msgs/pizza_order_msgs/srv/detail/order_service__type_support.h
[10.422s] -- Installing: /home/viator/ws/b3_ws/install/pizza_order_msgs/include/pizza_order_msgs/pizza_order_msgs/srv/detail/cancel_service__functions.h
[10.422s] -- Installing: /home/viator/ws/b3_ws/install/pizza_order_msgs/include/pizza_order_msgs/pizza_order_msgs/srv/detail/cancel_service__functions.c
[10.422s] -- Installing: /home/viator/ws/b3_ws/install/pizza_order_msgs/include/pizza_order_msgs/pizza_order_msgs/srv/detail/order_service__functions.h
[10.422s] -- Installing: /home/viator/ws/b3_ws/install/pizza_order_msgs/include/pizza_order_msgs/pizza_order_msgs/srv/detail/cancel_service__struct.h
[10.422s] -- Installing: /home/viator/ws/b3_ws/install/pizza_order_msgs/include/pizza_order_msgs/pizza_order_msgs/srv/detail/order_service__struct.h
[10.422s] -- Installing: /home/viator/ws/b3_ws/install/pizza_order_msgs/include/pizza_order_msgs/pizza_order_msgs/msg
[10.422s] -- Installing: /home/viator/ws/b3_ws/install/pizza_order_msgs/include/pizza_order_msgs/pizza_order_msgs/msg/rosidl_generator_c__visibility_control.h
[10.422s] -- Installing: /home/viator/ws/b3_ws/install/pizza_order_msgs/include/pizza_order_msgs/pizza_order_msgs/msg/call_manager.h
[10.422s] -- Installing: /home/viator/ws/b3_ws/install/pizza_order_msgs/include/pizza_order_msgs/pizza_order_msgs/msg/detail
[10.422s] -- Installing: /home/viator/ws/b3_ws/install/pizza_order_msgs/include/pizza_order_msgs/pizza_order_msgs/msg/detail/call_manager__struct.h
[10.423s] -- Installing: /home/viator/ws/b3_ws/install/pizza_order_msgs/include/pizza_order_msgs/pizza_order_msgs/msg/detail/call_manager__functions.c
[10.423s] -- Installing: /home/viator/ws/b3_ws/install/pizza_order_msgs/include/pizza_order_msgs/pizza_order_msgs/msg/detail/call_manager__functions.h
[10.423s] -- Installing: /home/viator/ws/b3_ws/install/pizza_order_msgs/include/pizza_order_msgs/pizza_order_msgs/msg/detail/order_detail__functions.c
[10.423s] -- Installing: /home/viator/ws/b3_ws/install/pizza_order_msgs/include/pizza_order_msgs/pizza_order_msgs/msg/detail/order_detail__functions.h
[10.423s] -- Installing: /home/viator/ws/b3_ws/install/pizza_order_msgs/include/pizza_order_msgs/pizza_order_msgs/msg/detail/order_info__functions.h
[10.423s] -- Installing: /home/viator/ws/b3_ws/install/pizza_order_msgs/include/pizza_order_msgs/pizza_order_msgs/msg/detail/order_info__type_support.h
[10.423s] -- Installing: /home/viator/ws/b3_ws/install/pizza_order_msgs/include/pizza_order_msgs/pizza_order_msgs/msg/detail/order_detail__struct.h
[10.423s] -- Installing: /home/viator/ws/b3_ws/install/pizza_order_msgs/include/pizza_order_msgs/pizza_order_msgs/msg/detail/call_manager__type_support.h
[10.423s] -- Installing: /home/viator/ws/b3_ws/install/pizza_order_msgs/include/pizza_order_msgs/pizza_order_msgs/msg/detail/order_info__functions.c
[10.424s] -- Installing: /home/viator/ws/b3_ws/install/pizza_order_msgs/include/pizza_order_msgs/pizza_order_msgs/msg/detail/order_detail__type_support.h
[10.424s] -- Installing: /home/viator/ws/b3_ws/install/pizza_order_msgs/include/pizza_order_msgs/pizza_order_msgs/msg/detail/order_info__struct.h
[10.424s] -- Installing: /home/viator/ws/b3_ws/install/pizza_order_msgs/include/pizza_order_msgs/pizza_order_msgs/msg/order_detail.h
[10.424s] -- Installing: /home/viator/ws/b3_ws/install/pizza_order_msgs/include/pizza_order_msgs/pizza_order_msgs/msg/order_info.h
[10.424s] -- Installing: /home/viator/ws/b3_ws/install/pizza_order_msgs/share/pizza_order_msgs/environment/library_path.sh
[10.425s] -- Installing: /home/viator/ws/b3_ws/install/pizza_order_msgs/share/pizza_order_msgs/environment/library_path.dsv
[10.425s] -- Installing: /home/viator/ws/b3_ws/install/pizza_order_msgs/lib/libpizza_order_msgs__rosidl_generator_c.so
[10.425s] -- Set runtime path of "/home/viator/ws/b3_ws/install/pizza_order_msgs/lib/libpizza_order_msgs__rosidl_generator_c.so" to ""
[10.425s] -- Up-to-date: /home/viator/ws/b3_ws/install/pizza_order_msgs/include/pizza_order_msgs/pizza_order_msgs
[10.425s] -- Up-to-date: /home/viator/ws/b3_ws/install/pizza_order_msgs/include/pizza_order_msgs/pizza_order_msgs/srv
[10.425s] -- Up-to-date: /home/viator/ws/b3_ws/install/pizza_order_msgs/include/pizza_order_msgs/pizza_order_msgs/srv/detail
[10.425s] -- Installing: /home/viator/ws/b3_ws/install/pizza_order_msgs/include/pizza_order_msgs/pizza_order_msgs/srv/detail/cancel_service__rosidl_typesupport_fastrtps_c.h
[10.425s] -- Installing: /home/viator/ws/b3_ws/install/pizza_order_msgs/include/pizza_order_msgs/pizza_order_msgs/srv/detail/order_service__rosidl_typesupport_fastrtps_c.h
[10.426s] -- Up-to-date: /home/viator/ws/b3_ws/install/pizza_order_msgs/include/pizza_order_msgs/pizza_order_msgs/msg
[10.426s] -- Installing: /home/viator/ws/b3_ws/install/pizza_order_msgs/include/pizza_order_msgs/pizza_order_msgs/msg/rosidl_typesupport_fastrtps_c__visibility_control.h
[10.426s] -- Up-to-date: /home/viator/ws/b3_ws/install/pizza_order_msgs/include/pizza_order_msgs/pizza_order_msgs/msg/detail
[10.426s] -- Installing: /home/viator/ws/b3_ws/install/pizza_order_msgs/include/pizza_order_msgs/pizza_order_msgs/msg/detail/order_info__rosidl_typesupport_fastrtps_c.h
[10.426s] -- Installing: /home/viator/ws/b3_ws/install/pizza_order_msgs/include/pizza_order_msgs/pizza_order_msgs/msg/detail/order_detail__rosidl_typesupport_fastrtps_c.h
[10.426s] -- Installing: /home/viator/ws/b3_ws/install/pizza_order_msgs/include/pizza_order_msgs/pizza_order_msgs/msg/detail/call_manager__rosidl_typesupport_fastrtps_c.h
[10.426s] -- Installing: /home/viator/ws/b3_ws/install/pizza_order_msgs/lib/libpizza_order_msgs__rosidl_typesupport_fastrtps_c.so
[10.426s] -- Set runtime path of "/home/viator/ws/b3_ws/install/pizza_order_msgs/lib/libpizza_order_msgs__rosidl_typesupport_fastrtps_c.so" to ""
[10.426s] -- Up-to-date: /home/viator/ws/b3_ws/install/pizza_order_msgs/include/pizza_order_msgs/pizza_order_msgs
[10.426s] -- Up-to-date: /home/viator/ws/b3_ws/install/pizza_order_msgs/include/pizza_order_msgs/pizza_order_msgs/srv
[10.426s] -- Installing: /home/viator/ws/b3_ws/install/pizza_order_msgs/include/pizza_order_msgs/pizza_order_msgs/srv/cancel_service.hpp
[10.427s] -- Installing: /home/viator/ws/b3_ws/install/pizza_order_msgs/include/pizza_order_msgs/pizza_order_msgs/srv/order_service.hpp
[10.427s] -- Up-to-date: /home/viator/ws/b3_ws/install/pizza_order_msgs/include/pizza_order_msgs/pizza_order_msgs/srv/detail
[10.427s] -- Installing: /home/viator/ws/b3_ws/install/pizza_order_msgs/include/pizza_order_msgs/pizza_order_msgs/srv/detail/order_service__builder.hpp
[10.427s] -- Installing: /home/viator/ws/b3_ws/install/pizza_order_msgs/include/pizza_order_msgs/pizza_order_msgs/srv/detail/cancel_service__builder.hpp
[10.427s] -- Installing: /home/viator/ws/b3_ws/install/pizza_order_msgs/include/pizza_order_msgs/pizza_order_msgs/srv/detail/order_service__traits.hpp
[10.427s] -- Installing: /home/viator/ws/b3_ws/install/pizza_order_msgs/include/pizza_order_msgs/pizza_order_msgs/srv/detail/cancel_service__traits.hpp
[10.427s] -- Installing: /home/viator/ws/b3_ws/install/pizza_order_msgs/include/pizza_order_msgs/pizza_order_msgs/srv/detail/cancel_service__struct.hpp
[10.427s] -- Installing: /home/viator/ws/b3_ws/install/pizza_order_msgs/include/pizza_order_msgs/pizza_order_msgs/srv/detail/order_service__struct.hpp
[10.427s] -- Up-to-date: /home/viator/ws/b3_ws/install/pizza_order_msgs/include/pizza_order_msgs/pizza_order_msgs/msg
[10.428s] -- Installing: /home/viator/ws/b3_ws/install/pizza_order_msgs/include/pizza_order_msgs/pizza_order_msgs/msg/order_detail.hpp
[10.428s] -- Installing: /home/viator/ws/b3_ws/install/pizza_order_msgs/include/pizza_order_msgs/pizza_order_msgs/msg/call_manager.hpp
[10.428s] -- Up-to-date: /home/viator/ws/b3_ws/install/pizza_order_msgs/include/pizza_order_msgs/pizza_order_msgs/msg/detail
[10.428s] -- Installing: /home/viator/ws/b3_ws/install/pizza_order_msgs/include/pizza_order_msgs/pizza_order_msgs/msg/detail/call_manager__struct.hpp
[10.428s] -- Installing: /home/viator/ws/b3_ws/install/pizza_order_msgs/include/pizza_order_msgs/pizza_order_msgs/msg/detail/order_detail__traits.hpp
[10.428s] -- Installing: /home/viator/ws/b3_ws/install/pizza_order_msgs/include/pizza_order_msgs/pizza_order_msgs/msg/detail/order_info__traits.hpp
[10.428s] -- Installing: /home/viator/ws/b3_ws/install/pizza_order_msgs/include/pizza_order_msgs/pizza_order_msgs/msg/detail/order_info__struct.hpp
[10.428s] -- Installing: /home/viator/ws/b3_ws/install/pizza_order_msgs/include/pizza_order_msgs/pizza_order_msgs/msg/detail/order_detail__struct.hpp
[10.428s] -- Installing: /home/viator/ws/b3_ws/install/pizza_order_msgs/include/pizza_order_msgs/pizza_order_msgs/msg/detail/order_info__builder.hpp
[10.428s] -- Installing: /home/viator/ws/b3_ws/install/pizza_order_msgs/include/pizza_order_msgs/pizza_order_msgs/msg/detail/call_manager__traits.hpp
[10.428s] -- Installing: /home/viator/ws/b3_ws/install/pizza_order_msgs/include/pizza_order_msgs/pizza_order_msgs/msg/detail/order_detail__builder.hpp
[10.429s] -- Installing: /home/viator/ws/b3_ws/install/pizza_order_msgs/include/pizza_order_msgs/pizza_order_msgs/msg/detail/call_manager__builder.hpp
[10.429s] -- Installing: /home/viator/ws/b3_ws/install/pizza_order_msgs/include/pizza_order_msgs/pizza_order_msgs/msg/order_info.hpp
[10.429s] -- Up-to-date: /home/viator/ws/b3_ws/install/pizza_order_msgs/include/pizza_order_msgs/pizza_order_msgs
[10.429s] -- Up-to-date: /home/viator/ws/b3_ws/install/pizza_order_msgs/include/pizza_order_msgs/pizza_order_msgs/srv
[10.429s] -- Up-to-date: /home/viator/ws/b3_ws/install/pizza_order_msgs/include/pizza_order_msgs/pizza_order_msgs/srv/detail
[10.429s] -- Installing: /home/viator/ws/b3_ws/install/pizza_order_msgs/include/pizza_order_msgs/pizza_order_msgs/srv/detail/dds_fastrtps
[10.429s] -- Installing: /home/viator/ws/b3_ws/install/pizza_order_msgs/include/pizza_order_msgs/pizza_order_msgs/srv/detail/cancel_service__rosidl_typesupport_fastrtps_cpp.hpp
[10.429s] -- Installing: /home/viator/ws/b3_ws/install/pizza_order_msgs/include/pizza_order_msgs/pizza_order_msgs/srv/detail/order_service__rosidl_typesupport_fastrtps_cpp.hpp
[10.429s] -- Up-to-date: /home/viator/ws/b3_ws/install/pizza_order_msgs/include/pizza_order_msgs/pizza_order_msgs/msg
[10.429s] -- Installing: /home/viator/ws/b3_ws/install/pizza_order_msgs/include/pizza_order_msgs/pizza_order_msgs/msg/rosidl_typesupport_fastrtps_cpp__visibility_control.h
[10.430s] -- Up-to-date: /home/viator/ws/b3_ws/install/pizza_order_msgs/include/pizza_order_msgs/pizza_order_msgs/msg/detail
[10.430s] -- Installing: /home/viator/ws/b3_ws/install/pizza_order_msgs/include/pizza_order_msgs/pizza_order_msgs/msg/detail/dds_fastrtps
[10.430s] -- Installing: /home/viator/ws/b3_ws/install/pizza_order_msgs/include/pizza_order_msgs/pizza_order_msgs/msg/detail/order_info__rosidl_typesupport_fastrtps_cpp.hpp
[10.430s] -- Installing: /home/viator/ws/b3_ws/install/pizza_order_msgs/include/pizza_order_msgs/pizza_order_msgs/msg/detail/order_detail__rosidl_typesupport_fastrtps_cpp.hpp
[10.430s] -- Installing: /home/viator/ws/b3_ws/install/pizza_order_msgs/include/pizza_order_msgs/pizza_order_msgs/msg/detail/call_manager__rosidl_typesupport_fastrtps_cpp.hpp
[10.430s] -- Installing: /home/viator/ws/b3_ws/install/pizza_order_msgs/lib/libpizza_order_msgs__rosidl_typesupport_fastrtps_cpp.so
[10.430s] -- Set runtime path of "/home/viator/ws/b3_ws/install/pizza_order_msgs/lib/libpizza_order_msgs__rosidl_typesupport_fastrtps_cpp.so" to ""
[10.430s] -- Up-to-date: /home/viator/ws/b3_ws/install/pizza_order_msgs/include/pizza_order_msgs/pizza_order_msgs
[10.430s] -- Up-to-date: /home/viator/ws/b3_ws/install/pizza_order_msgs/include/pizza_order_msgs/pizza_order_msgs/srv
[10.431s] -- Up-to-date: /home/viator/ws/b3_ws/install/pizza_order_msgs/include/pizza_order_msgs/pizza_order_msgs/srv/detail
[10.431s] -- Installing: /home/viator/ws/b3_ws/install/pizza_order_msgs/include/pizza_order_msgs/pizza_order_msgs/srv/detail/cancel_service__type_support.c
[10.431s] -- Installing: /home/viator/ws/b3_ws/install/pizza_order_msgs/include/pizza_order_msgs/pizza_order_msgs/srv/detail/order_service__type_support.c
[10.431s] -- Installing: /home/viator/ws/b3_ws/install/pizza_order_msgs/include/pizza_order_msgs/pizza_order_msgs/srv/detail/cancel_service__rosidl_typesupport_introspection_c.h
[10.431s] -- Installing: /home/viator/ws/b3_ws/install/pizza_order_msgs/include/pizza_order_msgs/pizza_order_msgs/srv/detail/order_service__rosidl_typesupport_introspection_c.h
[10.431s] -- Up-to-date: /home/viator/ws/b3_ws/install/pizza_order_msgs/include/pizza_order_msgs/pizza_order_msgs/msg
[10.431s] -- Installing: /home/viator/ws/b3_ws/install/pizza_order_msgs/include/pizza_order_msgs/pizza_order_msgs/msg/rosidl_typesupport_introspection_c__visibility_control.h
[10.431s] -- Up-to-date: /home/viator/ws/b3_ws/install/pizza_order_msgs/include/pizza_order_msgs/pizza_order_msgs/msg/detail
[10.431s] -- Installing: /home/viator/ws/b3_ws/install/pizza_order_msgs/include/pizza_order_msgs/pizza_order_msgs/msg/detail/order_detail__rosidl_typesupport_introspection_c.h
[10.431s] -- Installing: /home/viator/ws/b3_ws/install/pizza_order_msgs/include/pizza_order_msgs/pizza_order_msgs/msg/detail/order_detail__type_support.c
[10.431s] -- Installing: /home/viator/ws/b3_ws/install/pizza_order_msgs/include/pizza_order_msgs/pizza_order_msgs/msg/detail/order_info__rosidl_typesupport_introspection_c.h
[10.432s] -- Installing: /home/viator/ws/b3_ws/install/pizza_order_msgs/include/pizza_order_msgs/pizza_order_msgs/msg/detail/order_info__type_support.c
[10.432s] -- Installing: /home/viator/ws/b3_ws/install/pizza_order_msgs/include/pizza_order_msgs/pizza_order_msgs/msg/detail/call_manager__type_support.c
[10.432s] -- Installing: /home/viator/ws/b3_ws/install/pizza_order_msgs/include/pizza_order_msgs/pizza_order_msgs/msg/detail/call_manager__rosidl_typesupport_introspection_c.h
[10.432s] -- Installing: /home/viator/ws/b3_ws/install/pizza_order_msgs/lib/libpizza_order_msgs__rosidl_typesupport_introspection_c.so
[10.432s] -- Set runtime path of "/home/viator/ws/b3_ws/install/pizza_order_msgs/lib/libpizza_order_msgs__rosidl_typesupport_introspection_c.so" to ""
[10.432s] -- Installing: /home/viator/ws/b3_ws/install/pizza_order_msgs/lib/libpizza_order_msgs__rosidl_typesupport_c.so
[10.432s] -- Set runtime path of "/home/viator/ws/b3_ws/install/pizza_order_msgs/lib/libpizza_order_msgs__rosidl_typesupport_c.so" to ""
[10.432s] -- Up-to-date: /home/viator/ws/b3_ws/install/pizza_order_msgs/include/pizza_order_msgs/pizza_order_msgs
[10.433s] -- Up-to-date: /home/viator/ws/b3_ws/install/pizza_order_msgs/include/pizza_order_msgs/pizza_order_msgs/srv
[10.433s] -- Up-to-date: /home/viator/ws/b3_ws/install/pizza_order_msgs/include/pizza_order_msgs/pizza_order_msgs/srv/detail
[10.433s] -- Installing: /home/viator/ws/b3_ws/install/pizza_order_msgs/include/pizza_order_msgs/pizza_order_msgs/srv/detail/cancel_service__type_support.cpp
[10.433s] -- Installing: /home/viator/ws/b3_ws/install/pizza_order_msgs/include/pizza_order_msgs/pizza_order_msgs/srv/detail/order_service__type_support.cpp
[10.433s] -- Installing: /home/viator/ws/b3_ws/install/pizza_order_msgs/include/pizza_order_msgs/pizza_order_msgs/srv/detail/order_service__rosidl_typesupport_introspection_cpp.hpp
[10.433s] -- Installing: /home/viator/ws/b3_ws/install/pizza_order_msgs/include/pizza_order_msgs/pizza_order_msgs/srv/detail/cancel_service__rosidl_typesupport_introspection_cpp.hpp
[10.433s] -- Up-to-date: /home/viator/ws/b3_ws/install/pizza_order_msgs/include/pizza_order_msgs/pizza_order_msgs/msg
[10.433s] -- Up-to-date: /home/viator/ws/b3_ws/install/pizza_order_msgs/include/pizza_order_msgs/pizza_order_msgs/msg/detail
[10.433s] -- Installing: /home/viator/ws/b3_ws/install/pizza_order_msgs/include/pizza_order_msgs/pizza_order_msgs/msg/detail/order_detail__rosidl_typesupport_introspection_cpp.hpp
[10.433s] -- Installing: /home/viator/ws/b3_ws/install/pizza_order_msgs/include/pizza_order_msgs/pizza_order_msgs/msg/detail/order_info__type_support.cpp
[10.433s] -- Installing: /home/viator/ws/b3_ws/install/pizza_order_msgs/include/pizza_order_msgs/pizza_order_msgs/msg/detail/order_info__rosidl_typesupport_introspection_cpp.hpp
[10.433s] -- Installing: /home/viator/ws/b3_ws/install/pizza_order_msgs/include/pizza_order_msgs/pizza_order_msgs/msg/detail/call_manager__type_support.cpp
[10.434s] -- Installing: /home/viator/ws/b3_ws/install/pizza_order_msgs/include/pizza_order_msgs/pizza_order_msgs/msg/detail/order_detail__type_support.cpp
[10.434s] -- Installing: /home/viator/ws/b3_ws/install/pizza_order_msgs/include/pizza_order_msgs/pizza_order_msgs/msg/detail/call_manager__rosidl_typesupport_introspection_cpp.hpp
[10.434s] -- Installing: /home/viator/ws/b3_ws/install/pizza_order_msgs/lib/libpizza_order_msgs__rosidl_typesupport_introspection_cpp.so
[10.434s] -- Set runtime path of "/home/viator/ws/b3_ws/install/pizza_order_msgs/lib/libpizza_order_msgs__rosidl_typesupport_introspection_cpp.so" to ""
[10.434s] -- Installing: /home/viator/ws/b3_ws/install/pizza_order_msgs/lib/libpizza_order_msgs__rosidl_typesupport_cpp.so
[10.434s] -- Set runtime path of "/home/viator/ws/b3_ws/install/pizza_order_msgs/lib/libpizza_order_msgs__rosidl_typesupport_cpp.so" to ""
[10.434s] -- Installing: /home/viator/ws/b3_ws/install/pizza_order_msgs/share/pizza_order_msgs/environment/pythonpath.sh
[10.435s] -- Installing: /home/viator/ws/b3_ws/install/pizza_order_msgs/share/pizza_order_msgs/environment/pythonpath.dsv
[10.435s] -- Installing: /home/viator/ws/b3_ws/install/pizza_order_msgs/local/lib/python3.10/dist-packages/pizza_order_msgs-0.0.0-py3.10.egg-info
[10.435s] -- Installing: /home/viator/ws/b3_ws/install/pizza_order_msgs/local/lib/python3.10/dist-packages/pizza_order_msgs-0.0.0-py3.10.egg-info/dependency_links.txt
[10.435s] -- Installing: /home/viator/ws/b3_ws/install/pizza_order_msgs/local/lib/python3.10/dist-packages/pizza_order_msgs-0.0.0-py3.10.egg-info/SOURCES.txt
[10.435s] -- Installing: /home/viator/ws/b3_ws/install/pizza_order_msgs/local/lib/python3.10/dist-packages/pizza_order_msgs-0.0.0-py3.10.egg-info/top_level.txt
[10.435s] -- Installing: /home/viator/ws/b3_ws/install/pizza_order_msgs/local/lib/python3.10/dist-packages/pizza_order_msgs-0.0.0-py3.10.egg-info/PKG-INFO
[10.435s] -- Installing: /home/viator/ws/b3_ws/install/pizza_order_msgs/local/lib/python3.10/dist-packages/pizza_order_msgs
[10.435s] -- Installing: /home/viator/ws/b3_ws/install/pizza_order_msgs/local/lib/python3.10/dist-packages/pizza_order_msgs/srv
[10.435s] -- Installing: /home/viator/ws/b3_ws/install/pizza_order_msgs/local/lib/python3.10/dist-packages/pizza_order_msgs/srv/_cancel_service.py
[10.436s] -- Installing: /home/viator/ws/b3_ws/install/pizza_order_msgs/local/lib/python3.10/dist-packages/pizza_order_msgs/srv/__init__.py
[10.436s] -- Installing: /home/viator/ws/b3_ws/install/pizza_order_msgs/local/lib/python3.10/dist-packages/pizza_order_msgs/srv/_order_service_s.c
[10.436s] -- Installing: /home/viator/ws/b3_ws/install/pizza_order_msgs/local/lib/python3.10/dist-packages/pizza_order_msgs/srv/_cancel_service_s.c
[10.436s] -- Installing: /home/viator/ws/b3_ws/install/pizza_order_msgs/local/lib/python3.10/dist-packages/pizza_order_msgs/srv/_order_service.py
[10.436s] -- Installing: /home/viator/ws/b3_ws/install/pizza_order_msgs/local/lib/python3.10/dist-packages/pizza_order_msgs/pizza_order_msgs_s__rosidl_typesupport_introspection_c.cpython-310-x86_64-linux-gnu.so
[10.436s] -- Installing: /home/viator/ws/b3_ws/install/pizza_order_msgs/local/lib/python3.10/dist-packages/pizza_order_msgs/__init__.py
[10.436s] -- Installing: /home/viator/ws/b3_ws/install/pizza_order_msgs/local/lib/python3.10/dist-packages/pizza_order_msgs/_pizza_order_msgs_s.ep.rosidl_typesupport_c.c
[10.436s] -- Installing: /home/viator/ws/b3_ws/install/pizza_order_msgs/local/lib/python3.10/dist-packages/pizza_order_msgs/msg
[10.436s] -- Installing: /home/viator/ws/b3_ws/install/pizza_order_msgs/local/lib/python3.10/dist-packages/pizza_order_msgs/msg/_order_info_s.c
[10.436s] -- Installing: /home/viator/ws/b3_ws/install/pizza_order_msgs/local/lib/python3.10/dist-packages/pizza_order_msgs/msg/_order_detail.py
[10.437s] -- Installing: /home/viator/ws/b3_ws/install/pizza_order_msgs/local/lib/python3.10/dist-packages/pizza_order_msgs/msg/__init__.py
[10.437s] -- Installing: /home/viator/ws/b3_ws/install/pizza_order_msgs/local/lib/python3.10/dist-packages/pizza_order_msgs/msg/_call_manager.py
[10.437s] -- Installing: /home/viator/ws/b3_ws/install/pizza_order_msgs/local/lib/python3.10/dist-packages/pizza_order_msgs/msg/_order_info.py
[10.437s] -- Installing: /home/viator/ws/b3_ws/install/pizza_order_msgs/local/lib/python3.10/dist-packages/pizza_order_msgs/msg/_call_manager_s.c
[10.437s] -- Installing: /home/viator/ws/b3_ws/install/pizza_order_msgs/local/lib/python3.10/dist-packages/pizza_order_msgs/msg/_order_detail_s.c
[10.437s] -- Installing: /home/viator/ws/b3_ws/install/pizza_order_msgs/local/lib/python3.10/dist-packages/pizza_order_msgs/pizza_order_msgs_s__rosidl_typesupport_c.cpython-310-x86_64-linux-gnu.so
[10.437s] -- Installing: /home/viator/ws/b3_ws/install/pizza_order_msgs/local/lib/python3.10/dist-packages/pizza_order_msgs/_pizza_order_msgs_s.ep.rosidl_typesupport_fastrtps_c.c
[10.437s] -- Installing: /home/viator/ws/b3_ws/install/pizza_order_msgs/local/lib/python3.10/dist-packages/pizza_order_msgs/libpizza_order_msgs__rosidl_generator_py.so
[10.437s] -- Installing: /home/viator/ws/b3_ws/install/pizza_order_msgs/local/lib/python3.10/dist-packages/pizza_order_msgs/pizza_order_msgs_s__rosidl_typesupport_fastrtps_c.cpython-310-x86_64-linux-gnu.so
[10.438s] -- Installing: /home/viator/ws/b3_ws/install/pizza_order_msgs/local/lib/python3.10/dist-packages/pizza_order_msgs/_pizza_order_msgs_s.ep.rosidl_typesupport_introspection_c.c
[10.475s] Listing '/home/viator/ws/b3_ws/install/pizza_order_msgs/local/lib/python3.10/dist-packages/pizza_order_msgs'...
[10.475s] Compiling '/home/viator/ws/b3_ws/install/pizza_order_msgs/local/lib/python3.10/dist-packages/pizza_order_msgs/__init__.py'...
[10.475s] Listing '/home/viator/ws/b3_ws/install/pizza_order_msgs/local/lib/python3.10/dist-packages/pizza_order_msgs/msg'...
[10.475s] Compiling '/home/viator/ws/b3_ws/install/pizza_order_msgs/local/lib/python3.10/dist-packages/pizza_order_msgs/msg/__init__.py'...
[10.475s] Compiling '/home/viator/ws/b3_ws/install/pizza_order_msgs/local/lib/python3.10/dist-packages/pizza_order_msgs/msg/_call_manager.py'...
[10.475s] Compiling '/home/viator/ws/b3_ws/install/pizza_order_msgs/local/lib/python3.10/dist-packages/pizza_order_msgs/msg/_order_detail.py'...
[10.475s] Compiling '/home/viator/ws/b3_ws/install/pizza_order_msgs/local/lib/python3.10/dist-packages/pizza_order_msgs/msg/_order_info.py'...
[10.475s] Listing '/home/viator/ws/b3_ws/install/pizza_order_msgs/local/lib/python3.10/dist-packages/pizza_order_msgs/srv'...
[10.475s] Compiling '/home/viator/ws/b3_ws/install/pizza_order_msgs/local/lib/python3.10/dist-packages/pizza_order_msgs/srv/__init__.py'...
[10.475s] Compiling '/home/viator/ws/b3_ws/install/pizza_order_msgs/local/lib/python3.10/dist-packages/pizza_order_msgs/srv/_cancel_service.py'...
[10.475s] Compiling '/home/viator/ws/b3_ws/install/pizza_order_msgs/local/lib/python3.10/dist-packages/pizza_order_msgs/srv/_order_service.py'...
[10.479s] -- Installing: /home/viator/ws/b3_ws/install/pizza_order_msgs/local/lib/python3.10/dist-packages/pizza_order_msgs/pizza_order_msgs_s__rosidl_typesupport_fastrtps_c.cpython-310-x86_64-linux-gnu.so
[10.479s] -- Set runtime path of "/home/viator/ws/b3_ws/install/pizza_order_msgs/local/lib/python3.10/dist-packages/pizza_order_msgs/pizza_order_msgs_s__rosidl_typesupport_fastrtps_c.cpython-310-x86_64-linux-gnu.so" to ""
[10.480s] -- Installing: /home/viator/ws/b3_ws/install/pizza_order_msgs/local/lib/python3.10/dist-packages/pizza_order_msgs/pizza_order_msgs_s__rosidl_typesupport_introspection_c.cpython-310-x86_64-linux-gnu.so
[10.480s] -- Set runtime path of "/home/viator/ws/b3_ws/install/pizza_order_msgs/local/lib/python3.10/dist-packages/pizza_order_msgs/pizza_order_msgs_s__rosidl_typesupport_introspection_c.cpython-310-x86_64-linux-gnu.so" to ""
[10.480s] -- Installing: /home/viator/ws/b3_ws/install/pizza_order_msgs/local/lib/python3.10/dist-packages/pizza_order_msgs/pizza_order_msgs_s__rosidl_typesupport_c.cpython-310-x86_64-linux-gnu.so
[10.480s] -- Set runtime path of "/home/viator/ws/b3_ws/install/pizza_order_msgs/local/lib/python3.10/dist-packages/pizza_order_msgs/pizza_order_msgs_s__rosidl_typesupport_c.cpython-310-x86_64-linux-gnu.so" to ""
[10.480s] -- Installing: /home/viator/ws/b3_ws/install/pizza_order_msgs/lib/libpizza_order_msgs__rosidl_generator_py.so
[10.481s] -- Set runtime path of "/home/viator/ws/b3_ws/install/pizza_order_msgs/lib/libpizza_order_msgs__rosidl_generator_py.so" to ""
[10.481s] -- Installing: /home/viator/ws/b3_ws/install/pizza_order_msgs/share/pizza_order_msgs/msg/CallManager.idl
[10.481s] -- Installing: /home/viator/ws/b3_ws/install/pizza_order_msgs/share/pizza_order_msgs/msg/OrderDetail.idl
[10.481s] -- Installing: /home/viator/ws/b3_ws/install/pizza_order_msgs/share/pizza_order_msgs/msg/OrderInfo.idl
[10.481s] -- Installing: /home/viator/ws/b3_ws/install/pizza_order_msgs/share/pizza_order_msgs/srv/CancelService.idl
[10.481s] -- Installing: /home/viator/ws/b3_ws/install/pizza_order_msgs/share/pizza_order_msgs/srv/OrderService.idl
[10.481s] -- Installing: /home/viator/ws/b3_ws/install/pizza_order_msgs/share/pizza_order_msgs/msg/CallManager.msg
[10.481s] -- Installing: /home/viator/ws/b3_ws/install/pizza_order_msgs/share/pizza_order_msgs/msg/OrderDetail.msg
[10.481s] -- Installing: /home/viator/ws/b3_ws/install/pizza_order_msgs/share/pizza_order_msgs/msg/OrderInfo.msg
[10.482s] -- Installing: /home/viator/ws/b3_ws/install/pizza_order_msgs/share/pizza_order_msgs/srv/CancelService.srv
[10.482s] -- Installing: /home/viator/ws/b3_ws/install/pizza_order_msgs/share/pizza_order_msgs/srv/CancelService_Request.msg
[10.482s] -- Installing: /home/viator/ws/b3_ws/install/pizza_order_msgs/share/pizza_order_msgs/srv/CancelService_Response.msg
[10.482s] -- Installing: /home/viator/ws/b3_ws/install/pizza_order_msgs/share/pizza_order_msgs/srv/OrderService.srv
[10.482s] -- Installing: /home/viator/ws/b3_ws/install/pizza_order_msgs/share/pizza_order_msgs/srv/OrderService_Request.msg
[10.482s] -- Installing: /home/viator/ws/b3_ws/install/pizza_order_msgs/share/pizza_order_msgs/srv/OrderService_Response.msg
[10.482s] -- Installing: /home/viator/ws/b3_ws/install/pizza_order_msgs/share/ament_index/resource_index/package_run_dependencies/pizza_order_msgs
[10.482s] -- Installing: /home/viator/ws/b3_ws/install/pizza_order_msgs/share/ament_index/resource_index/parent_prefix_path/pizza_order_msgs
[10.482s] -- Installing: /home/viator/ws/b3_ws/install/pizza_order_msgs/share/pizza_order_msgs/environment/ament_prefix_path.sh
[10.482s] -- Installing: /home/viator/ws/b3_ws/install/pizza_order_msgs/share/pizza_order_msgs/environment/ament_prefix_path.dsv
[10.482s] -- Installing: /home/viator/ws/b3_ws/install/pizza_order_msgs/share/pizza_order_msgs/environment/path.sh
[10.483s] -- Installing: /home/viator/ws/b3_ws/install/pizza_order_msgs/share/pizza_order_msgs/environment/path.dsv
[10.483s] -- Installing: /home/viator/ws/b3_ws/install/pizza_order_msgs/share/pizza_order_msgs/local_setup.bash
[10.483s] -- Installing: /home/viator/ws/b3_ws/install/pizza_order_msgs/share/pizza_order_msgs/local_setup.sh
[10.483s] -- Installing: /home/viator/ws/b3_ws/install/pizza_order_msgs/share/pizza_order_msgs/local_setup.zsh
[10.483s] -- Installing: /home/viator/ws/b3_ws/install/pizza_order_msgs/share/pizza_order_msgs/local_setup.dsv
[10.483s] -- Installing: /home/viator/ws/b3_ws/install/pizza_order_msgs/share/pizza_order_msgs/package.dsv
[10.483s] -- Installing: /home/viator/ws/b3_ws/install/pizza_order_msgs/share/ament_index/resource_index/packages/pizza_order_msgs
[10.483s] -- Installing: /home/viator/ws/b3_ws/install/pizza_order_msgs/share/pizza_order_msgs/cmake/export_pizza_order_msgs__rosidl_generator_cExport.cmake
[10.483s] -- Installing: /home/viator/ws/b3_ws/install/pizza_order_msgs/share/pizza_order_msgs/cmake/export_pizza_order_msgs__rosidl_generator_cExport-noconfig.cmake
[10.483s] -- Installing: /home/viator/ws/b3_ws/install/pizza_order_msgs/share/pizza_order_msgs/cmake/export_pizza_order_msgs__rosidl_typesupport_fastrtps_cExport.cmake
[10.484s] -- Installing: /home/viator/ws/b3_ws/install/pizza_order_msgs/share/pizza_order_msgs/cmake/export_pizza_order_msgs__rosidl_typesupport_fastrtps_cExport-noconfig.cmake
[10.484s] -- Installing: /home/viator/ws/b3_ws/install/pizza_order_msgs/share/pizza_order_msgs/cmake/export_pizza_order_msgs__rosidl_generator_cppExport.cmake
[10.484s] -- Installing: /home/viator/ws/b3_ws/install/pizza_order_msgs/share/pizza_order_msgs/cmake/export_pizza_order_msgs__rosidl_typesupport_fastrtps_cppExport.cmake
[10.484s] -- Installing: /home/viator/ws/b3_ws/install/pizza_order_msgs/share/pizza_order_msgs/cmake/export_pizza_order_msgs__rosidl_typesupport_fastrtps_cppExport-noconfig.cmake
[10.484s] -- Installing: /home/viator/ws/b3_ws/install/pizza_order_msgs/share/pizza_order_msgs/cmake/pizza_order_msgs__rosidl_typesupport_introspection_cExport.cmake
[10.484s] -- Installing: /home/viator/ws/b3_ws/install/pizza_order_msgs/share/pizza_order_msgs/cmake/pizza_order_msgs__rosidl_typesupport_introspection_cExport-noconfig.cmake
[10.484s] -- Installing: /home/viator/ws/b3_ws/install/pizza_order_msgs/share/pizza_order_msgs/cmake/pizza_order_msgs__rosidl_typesupport_cExport.cmake
[10.484s] -- Installing: /home/viator/ws/b3_ws/install/pizza_order_msgs/share/pizza_order_msgs/cmake/pizza_order_msgs__rosidl_typesupport_cExport-noconfig.cmake
[10.484s] -- Installing: /home/viator/ws/b3_ws/install/pizza_order_msgs/share/pizza_order_msgs/cmake/pizza_order_msgs__rosidl_typesupport_introspection_cppExport.cmake
[10.484s] -- Installing: /home/viator/ws/b3_ws/install/pizza_order_msgs/share/pizza_order_msgs/cmake/pizza_order_msgs__rosidl_typesupport_introspection_cppExport-noconfig.cmake
[10.485s] -- Installing: /home/viator/ws/b3_ws/install/pizza_order_msgs/share/pizza_order_msgs/cmake/pizza_order_msgs__rosidl_typesupport_cppExport.cmake
[10.485s] -- Installing: /home/viator/ws/b3_ws/install/pizza_order_msgs/share/pizza_order_msgs/cmake/pizza_order_msgs__rosidl_typesupport_cppExport-noconfig.cmake
[10.485s] -- Installing: /home/viator/ws/b3_ws/install/pizza_order_msgs/share/pizza_order_msgs/cmake/export_pizza_order_msgs__rosidl_generator_pyExport.cmake
[10.485s] -- Installing: /home/viator/ws/b3_ws/install/pizza_order_msgs/share/pizza_order_msgs/cmake/export_pizza_order_msgs__rosidl_generator_pyExport-noconfig.cmake
[10.485s] -- Installing: /home/viator/ws/b3_ws/install/pizza_order_msgs/share/pizza_order_msgs/cmake/rosidl_cmake-extras.cmake
[10.485s] -- Installing: /home/viator/ws/b3_ws/install/pizza_order_msgs/share/pizza_order_msgs/cmake/ament_cmake_export_dependencies-extras.cmake
[10.485s] -- Installing: /home/viator/ws/b3_ws/install/pizza_order_msgs/share/pizza_order_msgs/cmake/ament_cmake_export_include_directories-extras.cmake
[10.485s] -- Installing: /home/viator/ws/b3_ws/install/pizza_order_msgs/share/pizza_order_msgs/cmake/ament_cmake_export_libraries-extras.cmake
[10.485s] -- Installing: /home/viator/ws/b3_ws/install/pizza_order_msgs/share/pizza_order_msgs/cmake/ament_cmake_export_targets-extras.cmake
[10.486s] -- Installing: /home/viator/ws/b3_ws/install/pizza_order_msgs/share/pizza_order_msgs/cmake/rosidl_cmake_export_typesupport_targets-extras.cmake
[10.486s] -- Installing: /home/viator/ws/b3_ws/install/pizza_order_msgs/share/pizza_order_msgs/cmake/rosidl_cmake_export_typesupport_libraries-extras.cmake
[10.486s] -- Installing: /home/viator/ws/b3_ws/install/pizza_order_msgs/share/pizza_order_msgs/cmake/pizza_order_msgsConfig.cmake
[10.486s] -- Installing: /home/viator/ws/b3_ws/install/pizza_order_msgs/share/pizza_order_msgs/cmake/pizza_order_msgsConfig-version.cmake
[10.486s] -- Installing: /home/viator/ws/b3_ws/install/pizza_order_msgs/share/pizza_order_msgs/package.xml
[10.488s] Invoked command in '/home/viator/ws/b3_ws/build/pizza_order_msgs' returned '0': CMAKE_PREFIX_PATH=${CMAKE_PREFIX_PATH}:/home/viator/ws/b3_ws/install/pizza_serving_bot:/home/viator/ws/turtlebot3_ws/install/turtlebot3_teleop:/home/viator/ws/turtlebot3_ws/install/turtlebot3_example:/opt/ros/humble /usr/bin/cmake --install /home/viator/ws/b3_ws/build/pizza_order_msgs
